============================= test session starts ==============================
platform linux -- Python 3.11.15, pytest-9.0.2, pluggy-1.6.0 -- /home/ci-runner/workdir/_tool/tileops_op_test_venv_db4a9af2f48857c5/bin/python
cachedir: .pytest_cache
rootdir: /home/ci-runner/workdir/TileOPs/TileOPs
configfile: pyproject.toml
plugins: xdist-3.8.0
collecting ... collected 1594 items

tests/ops/test_activation.py::test_relu_op[1000000-dtype0] PASSED        [  0%]
tests/ops/test_activation.py::test_relu_op[1000000-dtype1] PASSED        [  0%]
tests/ops/test_activation.py::test_relu_op[1000000-dtype2] PASSED        [  0%]
tests/ops/test_activation.py::test_relu_op[4000000-dtype3] PASSED        [  0%]
tests/ops/test_activation.py::test_relu_op[4000000-dtype4] PASSED        [  0%]
tests/ops/test_activation.py::test_relu_strategies[1000000-dtype0-direct] PASSED [  0%]
tests/ops/test_activation.py::test_relu_strategies[1000000-dtype1-explicit_parallel] PASSED [  0%]
tests/ops/test_activation.py::test_relu_strategies[1000000-dtype2-register_copy] PASSED [  0%]
tests/ops/test_activation.py::test_gelu[1048576-dtype0] PASSED           [  0%]
tests/ops/test_activation.py::test_gelu[1048576-dtype1] PASSED           [  0%]
tests/ops/test_activation.py::test_gelu[1048576-dtype2] PASSED           [  0%]
tests/ops/test_activation.py::test_silu[1048576-dtype0] PASSED           [  0%]
tests/ops/test_activation.py::test_silu[1048576-dtype1] PASSED           [  0%]
tests/ops/test_activation.py::test_silu[1048576-dtype2] PASSED           [  0%]
tests/ops/test_activation.py::test_sigmoid[1048576-dtype0] PASSED        [  0%]
tests/ops/test_activation.py::test_sigmoid[1048576-dtype1] PASSED        [  1%]
tests/ops/test_activation.py::test_sigmoid[1048576-dtype2] PASSED        [  1%]
tests/ops/test_activation.py::test_tanh[1048576-dtype0] PASSED           [  1%]
tests/ops/test_activation.py::test_tanh[1048576-dtype1] PASSED           [  1%]
tests/ops/test_activation.py::test_tanh[1048576-dtype2] PASSED           [  1%]
tests/ops/test_activation.py::test_hardswish[1048576-dtype0] PASSED      [  1%]
tests/ops/test_activation.py::test_hardswish[1048576-dtype1] PASSED      [  1%]
tests/ops/test_activation.py::test_hardswish[1048576-dtype2] PASSED      [  1%]
tests/ops/test_activation.py::test_hardsigmoid[1048576-dtype0] PASSED    [  1%]
tests/ops/test_activation.py::test_hardsigmoid[1048576-dtype1] PASSED    [  1%]
tests/ops/test_activation.py::test_hardsigmoid[1048576-dtype2] PASSED    [  1%]
tests/ops/test_activation.py::test_mish[1048576-dtype0] PASSED           [  1%]
tests/ops/test_activation.py::test_mish[1048576-dtype1] PASSED           [  1%]
tests/ops/test_activation.py::test_mish[1048576-dtype2] PASSED           [  1%]
tests/ops/test_activation.py::test_selu[1048576-dtype0] PASSED           [  1%]
tests/ops/test_activation.py::test_selu[1048576-dtype1] PASSED           [  1%]
tests/ops/test_activation.py::test_selu[1048576-dtype2] PASSED           [  2%]
tests/ops/test_activation.py::test_activation_rejects_non_float_dtype PASSED [  2%]
tests/ops/test_activation.py::test_sigmoid_edge[4096-dtype0] PASSED      [  2%]
tests/ops/test_activation.py::test_tanh_edge[4096-dtype0] PASSED         [  2%]
tests/ops/test_activation.py::test_leaky_relu[1048576-dtype0] PASSED     [  2%]
tests/ops/test_activation.py::test_leaky_relu[1048576-dtype1] PASSED     [  2%]
tests/ops/test_activation.py::test_leaky_relu[1048576-dtype2] PASSED     [  2%]
tests/ops/test_activation.py::test_elu[1048576-dtype0] PASSED            [  2%]
tests/ops/test_activation.py::test_elu[1048576-dtype1] PASSED            [  2%]
tests/ops/test_activation.py::test_elu[1048576-dtype2] PASSED            [  2%]
tests/ops/test_activation.py::test_hardtanh[1048576-dtype0] PASSED       [  2%]
tests/ops/test_activation.py::test_hardtanh[1048576-dtype1] PASSED       [  2%]
tests/ops/test_activation.py::test_hardtanh[1048576-dtype2] PASSED       [  2%]
tests/ops/test_activation.py::test_softplus[1048576-dtype0] PASSED       [  2%]
tests/ops/test_activation.py::test_softplus[1048576-dtype1] PASSED       [  2%]
tests/ops/test_activation.py::test_softplus[1048576-dtype2] PASSED       [  2%]
tests/ops/test_activation.py::test_prelu[1048576-dtype0] PASSED          [  3%]
tests/ops/test_activation.py::test_prelu[1048576-dtype1] PASSED          [  3%]
tests/ops/test_activation.py::test_prelu[1048576-dtype2] PASSED          [  3%]
tests/ops/test_activation.py::test_prelu_batch_dim PASSED                [  3%]
tests/ops/test_activation.py::test_independent_activation_rejects_non_float_dtype PASSED [  3%]
tests/ops/test_ada_layer_norm.py::test_ada_layer_norm_op[1024-4096-dtype0] PASSED [  3%]
tests/ops/test_ada_layer_norm.py::test_ada_layer_norm_op[4096-4096-dtype1] PASSED [  3%]
tests/ops/test_ada_layer_norm.py::test_ada_layer_norm_op[1024-4096-dtype2] PASSED [  3%]
tests/ops/test_ada_layer_norm.py::test_ada_layer_norm_op[4096-4096-dtype3] PASSED [  3%]
tests/ops/test_ada_layer_norm.py::test_ada_layer_norm_op[1024-4096-dtype4] PASSED [  3%]
tests/ops/test_ada_layer_norm.py::test_ada_layer_norm_op[4096-4096-dtype5] PASSED [  3%]
tests/ops/test_ada_layer_norm.py::test_ada_layer_norm_op[1024-3000-dtype6] PASSED [  3%]
tests/ops/test_ada_layer_norm.py::test_ada_layer_norm_op[1024-3000-dtype7] PASSED [  3%]
tests/ops/test_ada_layer_norm.py::test_ada_layer_norm_op[1024-3000-dtype8] PASSED [  3%]
tests/ops/test_ada_layer_norm.py::test_ada_layer_norm_op[1025-4096-dtype9] PASSED [  3%]
tests/ops/test_ada_layer_norm.py::test_ada_layer_norm_op[1025-4096-dtype10] PASSED [  3%]
tests/ops/test_ada_layer_norm.py::test_ada_layer_norm_3d[2-512-4096-dtype0] PASSED [  4%]
tests/ops/test_ada_layer_norm.py::test_ada_layer_norm_3d[2-512-4096-dtype1] PASSED [  4%]
tests/ops/test_ada_layer_norm.py::test_ada_layer_norm_3d[2-512-4096-dtype2] PASSED [  4%]
tests/ops/test_ada_layer_norm_zero.py::test_ada_layer_norm_zero_op[1024-4096-dtype0] PASSED [  4%]
tests/ops/test_ada_layer_norm_zero.py::test_ada_layer_norm_zero_op[4096-4096-dtype1] PASSED [  4%]
tests/ops/test_ada_layer_norm_zero.py::test_ada_layer_norm_zero_op[1024-4096-dtype2] PASSED [  4%]
tests/ops/test_ada_layer_norm_zero.py::test_ada_layer_norm_zero_op[4096-4096-dtype3] PASSED [  4%]
tests/ops/test_ada_layer_norm_zero.py::test_ada_layer_norm_zero_op[1024-4096-dtype4] PASSED [  4%]
tests/ops/test_ada_layer_norm_zero.py::test_ada_layer_norm_zero_op[4096-4096-dtype5] PASSED [  4%]
tests/ops/test_ada_layer_norm_zero.py::test_ada_layer_norm_zero_op[1024-3000-dtype6] PASSED [  4%]
tests/ops/test_ada_layer_norm_zero.py::test_ada_layer_norm_zero_op[1024-3000-dtype7] PASSED [  4%]
tests/ops/test_ada_layer_norm_zero.py::test_ada_layer_norm_zero_op[1024-3000-dtype8] PASSED [  4%]
tests/ops/test_ada_layer_norm_zero.py::test_ada_layer_norm_zero_op[1025-4096-dtype9] PASSED [  4%]
tests/ops/test_ada_layer_norm_zero.py::test_ada_layer_norm_zero_op[1025-4096-dtype10] PASSED [  4%]
tests/ops/test_ada_layer_norm_zero.py::test_ada_layer_norm_zero_3d[2-512-4096-dtype0] PASSED [  4%]
tests/ops/test_ada_layer_norm_zero.py::test_ada_layer_norm_zero_3d[2-512-4096-dtype1] PASSED [  4%]
tests/ops/test_ada_layer_norm_zero.py::test_ada_layer_norm_zero_3d[2-512-4096-dtype2] PASSED [  5%]
tests/ops/test_argreduce.py::test_argmax_op[128-512-dtype0] PASSED       [  5%]
tests/ops/test_argreduce.py::test_argmax_op[128-512-dtype1] PASSED       [  5%]
tests/ops/test_argreduce.py::test_argmax_op[128-512-dtype2] PASSED       [  5%]
tests/ops/test_argreduce.py::test_argmax_op[256-4096-dtype3] PASSED      [  5%]
tests/ops/test_argreduce.py::test_argmax_op[256-4096-dtype4] PASSED      [  5%]
tests/ops/test_argreduce.py::test_argmax_op[128-300-dtype5] PASSED       [  5%]
tests/ops/test_argreduce.py::test_argmax_op[128-300-dtype6] PASSED       [  5%]
tests/ops/test_argreduce.py::test_argmax_op[129-512-dtype7] PASSED       [  5%]
tests/ops/test_argreduce.py::test_argmax_non_contiguous[128-512-dtype0] PASSED [  5%]
tests/ops/test_argreduce.py::test_argmax_non_contiguous[128-512-dtype1] PASSED [  5%]
tests/ops/test_argreduce.py::test_argmax_3d[2-64-512-dtype0] PASSED      [  5%]
tests/ops/test_argreduce.py::test_argmax_3d[2-64-512-dtype1] PASSED      [  5%]
tests/ops/test_argreduce.py::test_argmax_4d[2-4-8-512-dtype0] PASSED     [  5%]
tests/ops/test_argreduce.py::test_argmax_4d[2-4-8-512-dtype1] PASSED     [  5%]
tests/ops/test_argreduce.py::test_argmax_1d[512-dtype0] PASSED           [  5%]
tests/ops/test_argreduce.py::test_argmax_1d[512-dtype1] PASSED           [  6%]
tests/ops/test_argreduce.py::test_argmax_1d[512-dtype2] PASSED           [  6%]
tests/ops/test_argreduce.py::test_argmin_op[128-512-dtype0] PASSED       [  6%]
tests/ops/test_argreduce.py::test_argmin_op[128-512-dtype1] PASSED       [  6%]
tests/ops/test_argreduce.py::test_argmin_op[128-512-dtype2] PASSED       [  6%]
tests/ops/test_argreduce.py::test_argmin_op[256-4096-dtype3] PASSED      [  6%]
tests/ops/test_argreduce.py::test_argmin_op[256-4096-dtype4] PASSED      [  6%]
tests/ops/test_argreduce.py::test_argmin_op[128-300-dtype5] PASSED       [  6%]
tests/ops/test_argreduce.py::test_argmin_op[128-300-dtype6] PASSED       [  6%]
tests/ops/test_argreduce.py::test_argmin_op[129-512-dtype7] PASSED       [  6%]
tests/ops/test_argreduce.py::test_argmin_non_contiguous[128-512-dtype0] PASSED [  6%]
tests/ops/test_argreduce.py::test_argmin_non_contiguous[128-512-dtype1] PASSED [  6%]
tests/ops/test_argreduce.py::test_argmin_3d[2-64-512-dtype0] PASSED      [  6%]
tests/ops/test_argreduce.py::test_argmin_3d[2-64-512-dtype1] PASSED      [  6%]
tests/ops/test_argreduce.py::test_argmin_4d[2-4-8-512-dtype0] PASSED     [  6%]
tests/ops/test_argreduce.py::test_argmin_4d[2-4-8-512-dtype1] PASSED     [  6%]
tests/ops/test_argreduce.py::test_argmin_1d[512-dtype0] PASSED           [  7%]
tests/ops/test_argreduce.py::test_argmin_1d[512-dtype1] PASSED           [  7%]
tests/ops/test_argreduce.py::test_argmin_1d[512-dtype2] PASSED           [  7%]
tests/ops/test_batch_norm.py::test_batch_norm_fwd[32-64-spatial0-dtype0-True] PASSED [  7%]
tests/ops/test_batch_norm.py::test_batch_norm_fwd[32-64-spatial1-dtype1-False] PASSED [  7%]
tests/ops/test_batch_norm.py::test_batch_norm_fwd[32-256-spatial2-dtype2-True] PASSED [  7%]
tests/ops/test_batch_norm.py::test_batch_norm_fwd[16-64-spatial3-dtype3-True] PASSED [  7%]
tests/ops/test_batch_norm.py::test_batch_norm_fwd[4-64-spatial4-dtype4-True] PASSED [  7%]
tests/ops/test_batch_norm.py::test_batch_norm_fwd[8-64-spatial5-dtype5-True] PASSED [  7%]
tests/ops/test_batch_norm.py::test_batch_norm_fwd[8-64-spatial6-dtype6-False] PASSED [  7%]
tests/ops/test_batch_norm.py::test_batch_norm_fwd[4-128-spatial7-dtype7-True] PASSED [  7%]
tests/ops/test_batch_norm.py::test_batch_norm_fwd[8-64-spatial8-dtype8-True] PASSED [  7%]
tests/ops/test_batch_norm.py::test_batch_norm_fwd[8-64-spatial9-dtype9-True] PASSED [  7%]
tests/ops/test_batch_norm.py::test_batch_norm_bwd[32-64-spatial0-dtype0] PASSED [  7%]
tests/ops/test_batch_norm.py::test_batch_norm_bwd[8-64-spatial1-dtype1] PASSED [  7%]
tests/ops/test_batch_norm.py::test_batch_norm_bwd[4-128-spatial2-dtype2] PASSED [  7%]
tests/ops/test_batch_norm.py::test_batch_norm_bwd[4-64-spatial3-dtype3] PASSED [  8%]
tests/ops/test_batch_norm.py::test_batch_norm_bwd[8-64-spatial4-dtype4] PASSED [  8%]
tests/ops/test_batch_norm.py::test_batch_norm_bwd[8-64-spatial5-dtype5] PASSED [  8%]
tests/ops/test_binary_arith.py::test_coalesce_broadcast_dims[a_shape0-b_shape0-1] PASSED [  8%]
tests/ops/test_binary_arith.py::test_coalesce_broadcast_dims[a_shape1-b_shape1-2] PASSED [  8%]
tests/ops/test_binary_arith.py::test_coalesce_broadcast_dims[a_shape2-b_shape2-2] PASSED [  8%]
tests/ops/test_binary_arith.py::test_coalesce_broadcast_dims[a_shape3-b_shape3-1] PASSED [  8%]
tests/ops/test_binary_arith.py::test_coalesce_broadcast_dims[a_shape4-b_shape4-3] PASSED [  8%]
tests/ops/test_binary_arith.py::test_coalesce_broadcast_dims[a_shape5-b_shape5-2] PASSED [  8%]
tests/ops/test_binary_arith.py::test_coalesce_broadcast_dims[a_shape6-b_shape6-1] PASSED [  8%]
tests/ops/test_binary_arith.py::test_coalesce_broadcast_dims[a_shape7-b_shape7-1] PASSED [  8%]
tests/ops/test_binary_arith.py::test_add_same_shape[4096-dtype0] PASSED  [  8%]
tests/ops/test_binary_arith.py::test_add_same_shape[16384-dtype1] PASSED [  8%]
tests/ops/test_binary_arith.py::test_add_same_shape[16384-dtype2] PASSED [  8%]
tests/ops/test_binary_arith.py::test_add_same_shape[16384-dtype3] PASSED [  8%]
tests/ops/test_binary_arith.py::test_add_broadcast[a_shape0-b_shape0-dtype0] PASSED [  8%]
tests/ops/test_binary_arith.py::test_add_broadcast[a_shape1-b_shape1-dtype1] PASSED [  9%]
tests/ops/test_binary_arith.py::test_add_broadcast[a_shape2-b_shape2-dtype2] PASSED [  9%]
tests/ops/test_binary_arith.py::test_add_broadcast[a_shape3-b_shape3-dtype3] PASSED [  9%]
tests/ops/test_binary_arith.py::test_binary_arith_broadcast[sub-SubOp-<lambda>-<lambda>-<lambda>-a_shape0-b_shape0] PASSED [  9%]
tests/ops/test_binary_arith.py::test_binary_arith_broadcast[sub-SubOp-<lambda>-<lambda>-<lambda>-a_shape1-b_shape1] PASSED [  9%]
tests/ops/test_binary_arith.py::test_binary_arith_broadcast[sub-SubOp-<lambda>-<lambda>-<lambda>-a_shape2-b_shape2] PASSED [  9%]
tests/ops/test_binary_arith.py::test_binary_arith_broadcast[mul-MulOp-<lambda>-<lambda>-<lambda>-a_shape3-b_shape3] PASSED [  9%]
tests/ops/test_binary_arith.py::test_binary_arith_broadcast[mul-MulOp-<lambda>-<lambda>-<lambda>-a_shape4-b_shape4] PASSED [  9%]
tests/ops/test_binary_arith.py::test_binary_arith_broadcast[mul-MulOp-<lambda>-<lambda>-<lambda>-a_shape5-b_shape5] PASSED [  9%]
tests/ops/test_binary_arith.py::test_binary_arith_broadcast[div-DivOp-<lambda>-<lambda>-<lambda>-a_shape6-b_shape6] PASSED [  9%]
tests/ops/test_binary_arith.py::test_binary_arith_broadcast[div-DivOp-<lambda>-<lambda>-<lambda>-a_shape7-b_shape7] PASSED [  9%]
tests/ops/test_binary_arith.py::test_binary_arith_broadcast[div-DivOp-<lambda>-<lambda>-<lambda>-a_shape8-b_shape8] PASSED [  9%]
tests/ops/test_binary_arith.py::test_binary_arith_broadcast[remainder-RemainderOp-<lambda>-<lambda>-<lambda>-a_shape9-b_shape9] PASSED [  9%]
tests/ops/test_binary_arith.py::test_binary_arith_broadcast[remainder-RemainderOp-<lambda>-<lambda>-<lambda>-a_shape10-b_shape10] PASSED [  9%]
tests/ops/test_binary_arith.py::test_binary_arith_broadcast[remainder-RemainderOp-<lambda>-<lambda>-<lambda>-a_shape11-b_shape11] PASSED [  9%]
tests/ops/test_binary_arith.py::test_binary_arith_broadcast[pow-PowOp-<lambda>-<lambda>-<lambda>-a_shape12-b_shape12] PASSED [  9%]
tests/ops/test_binary_arith.py::test_binary_arith_broadcast[pow-PowOp-<lambda>-<lambda>-<lambda>-a_shape13-b_shape13] PASSED [ 10%]
tests/ops/test_binary_arith.py::test_binary_arith_broadcast[pow-PowOp-<lambda>-<lambda>-<lambda>-a_shape14-b_shape14] PASSED [ 10%]
tests/ops/test_binary_arith.py::test_binary_arith_broadcast[floor_divide-FloorDivideOp-<lambda>-<lambda>-<lambda>-a_shape15-b_shape15] PASSED [ 10%]
tests/ops/test_binary_arith.py::test_binary_arith_broadcast[floor_divide-FloorDivideOp-<lambda>-<lambda>-<lambda>-a_shape16-b_shape16] PASSED [ 10%]
tests/ops/test_binary_arith.py::test_binary_arith_broadcast[floor_divide-FloorDivideOp-<lambda>-<lambda>-<lambda>-a_shape17-b_shape17] PASSED [ 10%]
tests/ops/test_binary_arith.py::test_binary_arith_broadcast[lerp-LerpOp-<lambda>-<lambda>-<lambda>-a_shape18-b_shape18] PASSED [ 10%]
tests/ops/test_binary_arith.py::test_binary_arith_broadcast[lerp-LerpOp-<lambda>-<lambda>-<lambda>-a_shape19-b_shape19] PASSED [ 10%]
tests/ops/test_binary_arith.py::test_binary_arith_broadcast[lerp-LerpOp-<lambda>-<lambda>-<lambda>-a_shape20-b_shape20] PASSED [ 10%]
tests/ops/test_binary_arith.py::test_binary_arith_broadcast[maximum-MaximumOp-<lambda>-<lambda>-<lambda>-a_shape21-b_shape21] PASSED [ 10%]
tests/ops/test_binary_arith.py::test_binary_arith_broadcast[maximum-MaximumOp-<lambda>-<lambda>-<lambda>-a_shape22-b_shape22] PASSED [ 10%]
tests/ops/test_binary_arith.py::test_binary_arith_broadcast[maximum-MaximumOp-<lambda>-<lambda>-<lambda>-a_shape23-b_shape23] PASSED [ 10%]
tests/ops/test_binary_arith.py::test_binary_arith_broadcast[minimum-MinimumOp-<lambda>-<lambda>-<lambda>-a_shape24-b_shape24] PASSED [ 10%]
tests/ops/test_binary_arith.py::test_binary_arith_broadcast[minimum-MinimumOp-<lambda>-<lambda>-<lambda>-a_shape25-b_shape25] PASSED [ 10%]
tests/ops/test_binary_arith.py::test_binary_arith_broadcast[minimum-MinimumOp-<lambda>-<lambda>-<lambda>-a_shape26-b_shape26] PASSED [ 10%]
tests/ops/test_binary_arith.py::test_add_strategies[4096-dtype0-direct] PASSED [ 10%]
tests/ops/test_binary_arith.py::test_add_strategies[16384-dtype1-explicit_parallel] PASSED [ 10%]
tests/ops/test_binary_arith.py::test_sub_op[4096-dtype0] PASSED          [ 11%]
tests/ops/test_binary_arith.py::test_sub_op[16384-dtype1] PASSED         [ 11%]
tests/ops/test_binary_arith.py::test_sub_op[16384-dtype2] PASSED         [ 11%]
tests/ops/test_binary_arith.py::test_mul_op[4096-dtype0] PASSED          [ 11%]
tests/ops/test_binary_arith.py::test_mul_op[16384-dtype1] PASSED         [ 11%]
tests/ops/test_binary_arith.py::test_mul_op[16384-dtype2] PASSED         [ 11%]
tests/ops/test_binary_arith.py::test_div_op[4096-dtype0] PASSED          [ 11%]
tests/ops/test_binary_arith.py::test_div_op[16384-dtype1] PASSED         [ 11%]
tests/ops/test_binary_arith.py::test_div_op[16384-dtype2] PASSED         [ 11%]
tests/ops/test_binary_arith.py::test_remainder_op[4096-dtype0] PASSED    [ 11%]
tests/ops/test_binary_arith.py::test_remainder_op[16384-dtype1] PASSED   [ 11%]
tests/ops/test_binary_arith.py::test_remainder_op[16384-dtype2] PASSED   [ 11%]
tests/ops/test_binary_arith.py::test_pow_op[4096-dtype0] PASSED          [ 11%]
tests/ops/test_binary_arith.py::test_pow_op[16384-dtype1] PASSED         [ 11%]
tests/ops/test_binary_arith.py::test_pow_op[16384-dtype2] PASSED         [ 11%]
tests/ops/test_binary_arith.py::test_floor_divide_op[4096-dtype0] PASSED [ 11%]
tests/ops/test_binary_arith.py::test_floor_divide_op[16384-dtype1] PASSED [ 12%]
tests/ops/test_binary_arith.py::test_floor_divide_op[16384-dtype2] PASSED [ 12%]
tests/ops/test_binary_arith.py::test_lerp_op[4096-dtype0] PASSED         [ 12%]
tests/ops/test_binary_arith.py::test_lerp_op[16384-dtype1] PASSED        [ 12%]
tests/ops/test_binary_arith.py::test_lerp_op[16384-dtype2] PASSED        [ 12%]
tests/ops/test_binary_arith.py::test_maximum_op[4096-dtype0] PASSED      [ 12%]
tests/ops/test_binary_arith.py::test_maximum_op[16384-dtype1] PASSED     [ 12%]
tests/ops/test_binary_arith.py::test_maximum_op[16384-dtype2] PASSED     [ 12%]
tests/ops/test_binary_arith.py::test_minimum_op[4096-dtype0] PASSED      [ 12%]
tests/ops/test_binary_arith.py::test_minimum_op[16384-dtype1] PASSED     [ 12%]
tests/ops/test_binary_arith.py::test_minimum_op[16384-dtype2] PASSED     [ 12%]
tests/ops/test_binary_arith.py::test_maximum_nan_propagation[dtype0] PASSED [ 12%]
tests/ops/test_binary_arith.py::test_maximum_nan_propagation[dtype1] PASSED [ 12%]
tests/ops/test_binary_arith.py::test_minimum_nan_propagation[dtype0] PASSED [ 12%]
tests/ops/test_binary_arith.py::test_minimum_nan_propagation[dtype1] PASSED [ 12%]
tests/ops/test_binary_arith.py::test_maximum_signed_zero[dtype0] PASSED  [ 12%]
tests/ops/test_binary_arith.py::test_maximum_signed_zero[dtype1] PASSED  [ 13%]
tests/ops/test_binary_arith.py::test_maximum_signed_zero[dtype2] PASSED  [ 13%]
tests/ops/test_binary_arith.py::test_minimum_signed_zero[dtype0] PASSED  [ 13%]
tests/ops/test_binary_arith.py::test_minimum_signed_zero[dtype1] PASSED  [ 13%]
tests/ops/test_binary_arith.py::test_minimum_signed_zero[dtype2] PASSED  [ 13%]
tests/ops/test_binary_arith.py::test_maximum_signed_zero_with_nan[dtype0] PASSED [ 13%]
tests/ops/test_binary_arith.py::test_maximum_signed_zero_with_nan[dtype1] PASSED [ 13%]
tests/ops/test_binary_arith.py::test_maximum_signed_zero_with_nan[dtype2] PASSED [ 13%]
tests/ops/test_binary_arith.py::test_minimum_signed_zero_with_nan[dtype0] PASSED [ 13%]
tests/ops/test_binary_arith.py::test_minimum_signed_zero_with_nan[dtype1] PASSED [ 13%]
tests/ops/test_binary_arith.py::test_minimum_signed_zero_with_nan[dtype2] PASSED [ 13%]
tests/ops/test_binary_arith.py::test_binary_arith_edge_cases[DivOp-<lambda>-<lambda>] PASSED [ 13%]
tests/ops/test_binary_arith.py::test_binary_arith_edge_cases[RemainderOp-<lambda>-<lambda>] PASSED [ 13%]
tests/ops/test_binary_arith.py::test_binary_arith_edge_cases[FloorDivideOp-<lambda>-<lambda>] PASSED [ 13%]
tests/ops/test_binary_arith.py::test_binary_arith_edge_cases[PowOp-<lambda>-<lambda>] PASSED [ 13%]
tests/ops/test_binary_arith.py::test_binary_arith_edge_cases[MaximumOp-<lambda>-<lambda>] PASSED [ 13%]
tests/ops/test_binary_arith.py::test_float_only_binary_ops_reject_integer_dtype[DivOp-dtype0] PASSED [ 14%]
tests/ops/test_binary_arith.py::test_float_only_binary_ops_reject_integer_dtype[RemainderOp-dtype1] PASSED [ 14%]
tests/ops/test_binary_arith.py::test_float_only_binary_ops_reject_integer_dtype[PowOp-dtype2] PASSED [ 14%]
tests/ops/test_binary_arith.py::test_float_only_binary_ops_reject_integer_dtype[FloorDivideOp-dtype3] PASSED [ 14%]
tests/ops/test_binary_arith.py::test_float_only_binary_ops_reject_integer_dtype[LerpOp-dtype4] PASSED [ 14%]
tests/ops/test_binary_arith.py::test_float_only_binary_ops_reject_integer_dtype[MaximumOp-dtype5] PASSED [ 14%]
tests/ops/test_binary_arith.py::test_float_only_binary_ops_reject_integer_dtype[MinimumOp-dtype6] PASSED [ 14%]
tests/ops/test_binary_arith.py::test_binary_op_rejects_runtime_dtype_mismatch PASSED [ 14%]
tests/ops/test_binary_arith.py::test_binary_kernel_has_autotune_configs PASSED [ 14%]
tests/ops/test_binary_arith.py::test_binary_kernel_autotune_configs_distinct PASSED [ 14%]
tests/ops/test_binary_arith.py::test_maximum_optimized_large[4194304-dtype0] PASSED [ 14%]
tests/ops/test_binary_arith.py::test_maximum_optimized_large[10485760-dtype1] PASSED [ 14%]
tests/ops/test_binary_arith.py::test_maximum_optimized_large[4194304-dtype2] PASSED [ 14%]
tests/ops/test_binary_arith.py::test_minimum_optimized_large[4194304-dtype0] PASSED [ 14%]
tests/ops/test_binary_arith.py::test_minimum_optimized_large[10485760-dtype1] PASSED [ 14%]
tests/ops/test_binary_arith.py::test_minimum_optimized_large[4194304-dtype2] PASSED [ 14%]
tests/ops/test_binary_arith.py::test_register_copy_downgrades_on_broadcast PASSED [ 15%]
tests/ops/test_binary_arith.py::test_binary_tune_true_does_not_crash PASSED [ 15%]
tests/ops/test_bitwise.py::test_bitwise_and_op[4096] PASSED              [ 15%]
tests/ops/test_bitwise.py::test_bitwise_and_op[16384] PASSED             [ 15%]
tests/ops/test_bitwise.py::test_bitwise_or_op[4096] PASSED               [ 15%]
tests/ops/test_bitwise.py::test_bitwise_or_op[16384] PASSED              [ 15%]
tests/ops/test_bitwise.py::test_bitwise_xor_op[4096] PASSED              [ 15%]
tests/ops/test_bitwise.py::test_bitwise_xor_op[16384] PASSED             [ 15%]
tests/ops/test_bitwise.py::test_bitwise_broadcast[bitwise_and-BitwiseAndOp-bitwise_and-a_shape0-b_shape0] PASSED [ 15%]
tests/ops/test_bitwise.py::test_bitwise_broadcast[bitwise_and-BitwiseAndOp-bitwise_and-a_shape1-b_shape1] PASSED [ 15%]
tests/ops/test_bitwise.py::test_bitwise_broadcast[bitwise_and-BitwiseAndOp-bitwise_and-a_shape2-b_shape2] PASSED [ 15%]
tests/ops/test_bitwise.py::test_bitwise_broadcast[bitwise_or-BitwiseOrOp-bitwise_or-a_shape3-b_shape3] PASSED [ 15%]
tests/ops/test_bitwise.py::test_bitwise_broadcast[bitwise_or-BitwiseOrOp-bitwise_or-a_shape4-b_shape4] PASSED [ 15%]
tests/ops/test_bitwise.py::test_bitwise_broadcast[bitwise_or-BitwiseOrOp-bitwise_or-a_shape5-b_shape5] PASSED [ 15%]
tests/ops/test_bitwise.py::test_bitwise_broadcast[bitwise_xor-BitwiseXorOp-bitwise_xor-a_shape6-b_shape6] PASSED [ 15%]
tests/ops/test_bitwise.py::test_bitwise_broadcast[bitwise_xor-BitwiseXorOp-bitwise_xor-a_shape7-b_shape7] PASSED [ 15%]
tests/ops/test_bitwise.py::test_bitwise_broadcast[bitwise_xor-BitwiseXorOp-bitwise_xor-a_shape8-b_shape8] PASSED [ 16%]
tests/ops/test_bitwise.py::test_bitwise_not[1048576-dtype0] PASSED       [ 16%]
tests/ops/test_bitwise.py::test_bitwise_not[1048576-dtype1] PASSED       [ 16%]
tests/ops/test_bitwise.py::test_bitwise_not[1048576-dtype2] PASSED       [ 16%]
tests/ops/test_bitwise.py::test_bitwise_not[1048576-dtype3] PASSED       [ 16%]
tests/ops/test_bitwise.py::test_bitwise_not[1048576-dtype4] PASSED       [ 16%]
tests/ops/test_bitwise.py::test_bitwise_not[1048576-dtype5] PASSED       [ 16%]
tests/ops/test_bitwise.py::test_bitwise_not_rejects_float_dtype[dtype0] PASSED [ 16%]
tests/ops/test_bitwise.py::test_bitwise_not_rejects_float_dtype[dtype1] PASSED [ 16%]
tests/ops/test_bitwise.py::test_bitwise_not_rejects_float_dtype[dtype2] PASSED [ 16%]
tests/ops/test_bitwise.py::test_bitwise_binary_rejects_float_dtype[BitwiseAndOp-dtype0] PASSED [ 16%]
tests/ops/test_bitwise.py::test_bitwise_binary_rejects_float_dtype[BitwiseOrOp-dtype1] PASSED [ 16%]
tests/ops/test_bitwise.py::test_bitwise_binary_rejects_float_dtype[BitwiseXorOp-dtype2] PASSED [ 16%]
tests/ops/test_bitwise.py::test_bitwise_binary_rejects_float_dtype[BitwiseAndOp-dtype3] PASSED [ 16%]
tests/ops/test_bitwise.py::test_bitwise_binary_rejects_float_dtype[BitwiseAndOp-dtype4] PASSED [ 16%]
tests/ops/test_comparison.py::test_eq_op[4096-dtype0] PASSED             [ 17%]
tests/ops/test_comparison.py::test_eq_op[16384-dtype1] PASSED            [ 17%]
tests/ops/test_comparison.py::test_eq_op[16384-dtype2] PASSED            [ 17%]
tests/ops/test_comparison.py::test_ne_op[4096-dtype0] PASSED             [ 17%]
tests/ops/test_comparison.py::test_ne_op[16384-dtype1] PASSED            [ 17%]
tests/ops/test_comparison.py::test_ne_op[16384-dtype2] PASSED            [ 17%]
tests/ops/test_comparison.py::test_gt_op[4096-dtype0] PASSED             [ 17%]
tests/ops/test_comparison.py::test_gt_op[16384-dtype1] PASSED            [ 17%]
tests/ops/test_comparison.py::test_gt_op[16384-dtype2] PASSED            [ 17%]
tests/ops/test_comparison.py::test_lt_op[4096-dtype0] PASSED             [ 17%]
tests/ops/test_comparison.py::test_lt_op[16384-dtype1] PASSED            [ 17%]
tests/ops/test_comparison.py::test_lt_op[16384-dtype2] PASSED            [ 17%]
tests/ops/test_comparison.py::test_ge_op[4096-dtype0] PASSED             [ 17%]
tests/ops/test_comparison.py::test_ge_op[16384-dtype1] PASSED            [ 17%]
tests/ops/test_comparison.py::test_ge_op[16384-dtype2] PASSED            [ 17%]
tests/ops/test_comparison.py::test_le_op[4096-dtype0] PASSED             [ 17%]
tests/ops/test_comparison.py::test_le_op[16384-dtype1] PASSED            [ 18%]
tests/ops/test_comparison.py::test_le_op[16384-dtype2] PASSED            [ 18%]
tests/ops/test_comparison.py::test_comparison_broadcast[eq-EqOp-eq-a_shape0-b_shape0] PASSED [ 18%]
tests/ops/test_comparison.py::test_comparison_broadcast[eq-EqOp-eq-a_shape1-b_shape1] PASSED [ 18%]
tests/ops/test_comparison.py::test_comparison_broadcast[eq-EqOp-eq-a_shape2-b_shape2] PASSED [ 18%]
tests/ops/test_comparison.py::test_comparison_broadcast[ne-NeOp-ne-a_shape3-b_shape3] PASSED [ 18%]
tests/ops/test_comparison.py::test_comparison_broadcast[ne-NeOp-ne-a_shape4-b_shape4] PASSED [ 18%]
tests/ops/test_comparison.py::test_comparison_broadcast[ne-NeOp-ne-a_shape5-b_shape5] PASSED [ 18%]
tests/ops/test_comparison.py::test_comparison_broadcast[gt-GtOp-gt-a_shape6-b_shape6] PASSED [ 18%]
tests/ops/test_comparison.py::test_comparison_broadcast[gt-GtOp-gt-a_shape7-b_shape7] PASSED [ 18%]
tests/ops/test_comparison.py::test_comparison_broadcast[gt-GtOp-gt-a_shape8-b_shape8] PASSED [ 18%]
tests/ops/test_comparison.py::test_comparison_broadcast[lt-LtOp-lt-a_shape9-b_shape9] PASSED [ 18%]
tests/ops/test_comparison.py::test_comparison_broadcast[lt-LtOp-lt-a_shape10-b_shape10] PASSED [ 18%]
tests/ops/test_comparison.py::test_comparison_broadcast[lt-LtOp-lt-a_shape11-b_shape11] PASSED [ 18%]
tests/ops/test_comparison.py::test_comparison_broadcast[ge-GeOp-ge-a_shape12-b_shape12] PASSED [ 18%]
tests/ops/test_comparison.py::test_comparison_broadcast[ge-GeOp-ge-a_shape13-b_shape13] PASSED [ 18%]
tests/ops/test_comparison.py::test_comparison_broadcast[ge-GeOp-ge-a_shape14-b_shape14] PASSED [ 19%]
tests/ops/test_comparison.py::test_comparison_broadcast[le-LeOp-le-a_shape15-b_shape15] PASSED [ 19%]
tests/ops/test_comparison.py::test_comparison_broadcast[le-LeOp-le-a_shape16-b_shape16] PASSED [ 19%]
tests/ops/test_comparison.py::test_comparison_broadcast[le-LeOp-le-a_shape17-b_shape17] PASSED [ 19%]
tests/ops/test_comparison.py::test_eq_edge_case[4096-dtype0] PASSED      [ 19%]
tests/ops/test_comparison.py::test_comparison_rejects_integer_dtype[EqOp-dtype0] PASSED [ 19%]
tests/ops/test_comparison.py::test_comparison_rejects_integer_dtype[NeOp-dtype1] PASSED [ 19%]
tests/ops/test_comparison.py::test_comparison_rejects_integer_dtype[GtOp-dtype2] PASSED [ 19%]
tests/ops/test_comparison.py::test_comparison_rejects_integer_dtype[LtOp-dtype3] PASSED [ 19%]
tests/ops/test_comparison.py::test_comparison_rejects_integer_dtype[GeOp-dtype4] PASSED [ 19%]
tests/ops/test_comparison.py::test_comparison_rejects_integer_dtype[LeOp-dtype5] PASSED [ 19%]
tests/ops/test_comparison.py::test_comparison_rejects_integer_dtype[EqOp-dtype6] PASSED [ 19%]
tests/ops/test_cumulative.py::test_cumsum_op[128-512-dtype0] PASSED      [ 19%]
tests/ops/test_cumulative.py::test_cumsum_op[128-512-dtype1] PASSED      [ 19%]
tests/ops/test_cumulative.py::test_cumsum_op[128-512-dtype2] PASSED      [ 19%]
tests/ops/test_cumulative.py::test_cumsum_op[256-4096-dtype3] PASSED     [ 19%]
tests/ops/test_cumulative.py::test_cumsum_op[256-4096-dtype4] PASSED     [ 20%]
tests/ops/test_cumulative.py::test_cumsum_op[128-300-dtype5] PASSED      [ 20%]
tests/ops/test_cumulative.py::test_cumsum_op[128-300-dtype6] PASSED      [ 20%]
tests/ops/test_cumulative.py::test_cumsum_op[129-512-dtype7] PASSED      [ 20%]
tests/ops/test_cumulative.py::test_cumsum_non_contiguous[128-512-dtype0] PASSED [ 20%]
tests/ops/test_cumulative.py::test_cumsum_non_contiguous[128-512-dtype1] PASSED [ 20%]
tests/ops/test_cumulative.py::test_cumsum_3d[2-64-512-dtype0] PASSED     [ 20%]
tests/ops/test_cumulative.py::test_cumsum_3d[2-64-512-dtype1] PASSED     [ 20%]
tests/ops/test_cumulative.py::test_cumsum_4d[2-4-8-512-dtype0] PASSED    [ 20%]
tests/ops/test_cumulative.py::test_cumsum_4d[2-4-8-512-dtype1] PASSED    [ 20%]
tests/ops/test_cumulative.py::test_cumsum_1d[512-dtype0] PASSED          [ 20%]
tests/ops/test_cumulative.py::test_cumsum_1d[512-dtype1] PASSED          [ 20%]
tests/ops/test_cumulative.py::test_cumsum_1d[512-dtype2] PASSED          [ 20%]
tests/ops/test_cumulative.py::test_cumprod_op[128-512-dtype0] PASSED     [ 20%]
tests/ops/test_cumulative.py::test_cumprod_op[128-512-dtype1] PASSED     [ 20%]
tests/ops/test_cumulative.py::test_cumprod_op[128-512-dtype2] PASSED     [ 20%]
tests/ops/test_cumulative.py::test_cumprod_op[256-4096-dtype3] PASSED    [ 21%]
tests/ops/test_cumulative.py::test_cumprod_op[256-4096-dtype4] PASSED    [ 21%]
tests/ops/test_cumulative.py::test_cumprod_op[128-300-dtype5] PASSED     [ 21%]
tests/ops/test_cumulative.py::test_cumprod_op[128-300-dtype6] PASSED     [ 21%]
tests/ops/test_cumulative.py::test_cumprod_op[129-512-dtype7] PASSED     [ 21%]
tests/ops/test_cumulative.py::test_cumprod_non_contiguous[128-512-dtype0] PASSED [ 21%]
tests/ops/test_cumulative.py::test_cumprod_non_contiguous[128-512-dtype1] PASSED [ 21%]
tests/ops/test_cumulative.py::test_cumprod_3d[2-64-512-dtype0] PASSED    [ 21%]
tests/ops/test_cumulative.py::test_cumprod_3d[2-64-512-dtype1] PASSED    [ 21%]
tests/ops/test_cumulative.py::test_cumprod_4d[2-4-8-512-dtype0] PASSED   [ 21%]
tests/ops/test_cumulative.py::test_cumprod_4d[2-4-8-512-dtype1] PASSED   [ 21%]
tests/ops/test_cumulative.py::test_cumprod_1d[512-dtype0] PASSED         [ 21%]
tests/ops/test_cumulative.py::test_cumprod_1d[512-dtype1] PASSED         [ 21%]
tests/ops/test_cumulative.py::test_cumprod_1d[512-dtype2] PASSED         [ 21%]
tests/ops/test_deepseek_dsa_decode.py::test_sparse_mla_decode[1-128-1024-2048-512-64-2048-1-1-1024-None-dtype0-False] PASSED [ 21%]
tests/ops/test_deepseek_mla_decode.py::test_mla_decode[32-128-1-8192-512-64-dtype0-False] PASSED [ 21%]
tests/ops/test_deepseek_nsa_cmp_fwd.py::test_nsa_cmp_fwd_varlen_op[9-8192-32-128-128-16-0.08838834764831845-32-32-128-128-dtype0-accum_dtype0-False] PASSED [ 22%]
tests/ops/test_deepseek_nsa_fwd.py::test_nsa_varlen_op[1-16-1024-64-True-0.1-32-16-1-dtype0-accum_dtype0-False] PASSED [ 22%]
tests/ops/test_deepseek_nsa_fwd.py::test_nsa_varlen_op[4-16-8192-64-True-0.1-32-16-1-dtype1-accum_dtype1-False] PASSED [ 22%]
tests/ops/test_deepseek_nsa_fwd.py::test_nsa_varlen_op[2-16-8192-64-True-0.1-32-16-4-dtype2-accum_dtype2-False] PASSED [ 22%]
tests/ops/test_deepseek_nsa_topk.py::test_nsa_topk_varlen_op[5-1024-32-128-16-1-16-32-32-128-dtype0-accum_dtype0-False] PASSED [ 22%]
tests/ops/test_deepseek_nsa_topk.py::test_nsa_topk_varlen_op[3-512-32-128-16-1-16-32-32-128-dtype1-accum_dtype1-False] PASSED [ 22%]
tests/ops/test_dropout.py::test_dropout_statistical_rate[4000000-dtype0-0.5] PASSED [ 22%]
tests/ops/test_dropout.py::test_dropout_statistical_rate[4000000-dtype1-0.1] PASSED [ 22%]
tests/ops/test_dropout.py::test_dropout_statistical_rate[4000000-dtype2-0.3] PASSED [ 22%]
tests/ops/test_dropout.py::test_dropout_statistical_rate[4000000-dtype3-0.5] PASSED [ 22%]
tests/ops/test_dropout.py::test_dropout_statistical_rate[4000000-dtype4-0.5] PASSED [ 22%]
tests/ops/test_dropout.py::test_dropout_scale_factor[1000000-dtype0-0.5] PASSED [ 22%]
tests/ops/test_dropout.py::test_dropout_scale_factor[1000000-dtype1-0.1] PASSED [ 22%]
tests/ops/test_dropout.py::test_dropout_scale_factor[1000000-dtype2-0.3] PASSED [ 22%]
tests/ops/test_dropout.py::test_dropout_scale_factor[1000000-dtype3-0.5] PASSED [ 22%]
tests/ops/test_dropout.py::test_dropout_scale_factor[1000000-dtype4-0.5] PASSED [ 22%]
tests/ops/test_dropout.py::test_dropout_deterministic_replay[1000000-dtype0-0.5] PASSED [ 23%]
tests/ops/test_dropout.py::test_dropout_deterministic_replay[1000000-dtype1-0.3] PASSED [ 23%]
tests/ops/test_dropout.py::test_dropout_different_seeds[1000000-dtype0-0.5] PASSED [ 23%]
tests/ops/test_dropout.py::test_dropout_different_seeds[1000000-dtype1-0.3] PASSED [ 23%]
tests/ops/test_dropout.py::test_dropout_p0_identity[1000000-dtype0] PASSED [ 23%]
tests/ops/test_dropout.py::test_dropout_p0_identity[1000000-dtype1] PASSED [ 23%]
tests/ops/test_dropout.py::test_dropout_p1_all_zeros[1000000-dtype0] PASSED [ 23%]
tests/ops/test_dropout.py::test_dropout_p1_all_zeros[1000000-dtype1] PASSED [ 23%]
tests/ops/test_dropout.py::test_dropout_training_false[1000000-dtype0] PASSED [ 23%]
tests/ops/test_dropout.py::test_dropout_training_false[1000000-dtype1] PASSED [ 23%]
tests/ops/test_dropout.py::test_dropout_preserves_shape[1000000-dtype0] PASSED [ 23%]
tests/ops/test_dropout.py::test_dropout_preserves_shape[1000000-dtype1] PASSED [ 23%]
tests/ops/test_dropout.py::test_dropout_custom_config_p0_identity[8192-dtype0-128-4] PASSED [ 23%]
tests/ops/test_dropout.py::test_dropout_custom_config_p0_identity[8192-dtype1-128-1] PASSED [ 23%]
tests/ops/test_dropout.py::test_dropout_custom_config_p0_identity[65536-dtype2-64-16] PASSED [ 23%]
tests/ops/test_dropout.py::test_dropout_custom_config_correctness[8192-dtype0-128-4] PASSED [ 23%]
tests/ops/test_dropout.py::test_dropout_custom_config_correctness[8192-dtype1-128-1] PASSED [ 24%]
tests/ops/test_dropout.py::test_dropout_custom_config_correctness[65536-dtype2-64-16] PASSED [ 24%]
tests/ops/test_engram_bwd.py::test_engram_gate_conv_bwd[1-32-256-dtype0-False] PASSED [ 24%]
tests/ops/test_engram_bwd.py::test_engram_gate_conv_bwd[2-64-512-dtype1-False] PASSED [ 24%]
tests/ops/test_engram_bwd.py::test_engram_gate_conv_bwd[1-128-256-dtype2-False] PASSED [ 24%]
tests/ops/test_engram_bwd.py::test_engram_gate_conv_bwd[2-16-256-dtype3-False] PASSED [ 24%]
tests/ops/test_engram_decode.py::test_engram_decode[1-512-256-12-4-3-dtype0-False] PASSED [ 24%]
tests/ops/test_engram_decode.py::test_engram_decode[4-1024-512-20-4-5-dtype1-False] PASSED [ 24%]
tests/ops/test_engram_decode.py::test_engram_decode[1-256-256-9-4-3-dtype2-False] PASSED [ 24%]
tests/ops/test_engram_decode.py::test_engram_decode[8-512-256-18-4-3-dtype3-False] PASSED [ 24%]
tests/ops/test_engram_decode.py::test_engram_decode_multi_step PASSED    [ 24%]
tests/ops/test_engram_fwd.py::test_engram_gate_conv_fwd[1-32-256-dtype0-False] PASSED [ 24%]
tests/ops/test_engram_fwd.py::test_engram_gate_conv_fwd[2-64-512-dtype1-False] PASSED [ 24%]
tests/ops/test_engram_fwd.py::test_engram_gate_conv_fwd[1-128-256-dtype2-False] PASSED [ 24%]
tests/ops/test_engram_fwd.py::test_engram_gate_conv_fwd[2-16-256-dtype3-False] PASSED [ 24%]
tests/ops/test_fft.py::test_fft_c2c[64-dtype0-False] PASSED              [ 24%]
tests/ops/test_fft.py::test_fft_c2c[128-dtype1-False] PASSED             [ 25%]
tests/ops/test_fft.py::test_fft_c2c[256-dtype2-False] PASSED             [ 25%]
tests/ops/test_fft.py::test_fft_c2c[512-dtype3-False] PASSED             [ 25%]
tests/ops/test_fft.py::test_fft_c2c[1024-dtype4-False] PASSED            [ 25%]
tests/ops/test_fft.py::test_fft_c2c[64-dtype5-False] PASSED              [ 25%]
tests/ops/test_fft.py::test_fft_c2c[128-dtype6-False] PASSED             [ 25%]
tests/ops/test_fft_lut.py::test_fft_c2c_lut[64-dtype0-False] PASSED      [ 25%]
tests/ops/test_fft_lut.py::test_fft_c2c_lut[128-dtype1-False] PASSED     [ 25%]
tests/ops/test_fft_lut.py::test_fft_c2c_lut[256-dtype2-False] PASSED     [ 25%]
tests/ops/test_fft_lut.py::test_fft_c2c_lut[512-dtype3-False] PASSED     [ 25%]
tests/ops/test_fft_lut.py::test_fft_c2c_lut[1024-dtype4-False] PASSED    [ 25%]
tests/ops/test_fft_lut.py::test_fft_c2c_lut[64-dtype5-False] PASSED      [ 25%]
tests/ops/test_fft_lut.py::test_fft_c2c_lut[128-dtype6-False] PASSED     [ 25%]
tests/ops/test_fp8_lighting_indexer.py::test_indexer[1-4096-32-64-8192-1-True-None-False] PASSED [ 25%]
tests/ops/test_fp8_quant.py::test_fp8_quant_op[1-8192-1-64-in_dtype0-False] PASSED [ 25%]
tests/ops/test_fp8_quant.py::test_fp8_quant_op[1-8192-1-64-in_dtype1-False] PASSED [ 25%]
tests/ops/test_fp8_quant.py::test_fp8_quant_op[1-4096-1-128-in_dtype2-False] PASSED [ 26%]
tests/ops/test_fp8_quant.py::test_fp8_quant_op[1-16384-1-32-in_dtype3-False] PASSED [ 26%]
tests/ops/test_fp8_quant.py::test_fp8_quant_op[1-1024-4-64-in_dtype4-False] PASSED [ 26%]
tests/ops/test_fused_add_layer_norm.py::test_fused_add_layer_norm_op[1024-4096-dtype0-False] PASSED [ 26%]
tests/ops/test_fused_add_layer_norm.py::test_fused_add_layer_norm_op[4096-4096-dtype1-False] PASSED [ 26%]
tests/ops/test_fused_add_layer_norm.py::test_fused_add_layer_norm_op[1024-4096-dtype2-False] PASSED [ 26%]
tests/ops/test_fused_add_layer_norm.py::test_fused_add_layer_norm_op[4096-4096-dtype3-False] PASSED [ 26%]
tests/ops/test_fused_add_layer_norm.py::test_fused_add_layer_norm_op[1024-4096-dtype4-False] PASSED [ 26%]
tests/ops/test_fused_add_layer_norm.py::test_fused_add_layer_norm_op[4096-4096-dtype5-False] PASSED [ 26%]
tests/ops/test_fused_add_layer_norm.py::test_fused_add_layer_norm_op[1024-3000-dtype6-False] PASSED [ 26%]
tests/ops/test_fused_add_layer_norm.py::test_fused_add_layer_norm_op[1024-3000-dtype7-False] PASSED [ 26%]
tests/ops/test_fused_add_layer_norm.py::test_fused_add_layer_norm_op[1024-3000-dtype8-False] PASSED [ 26%]
tests/ops/test_fused_add_layer_norm.py::test_fused_add_layer_norm_op[1025-4096-dtype9-False] PASSED [ 26%]
tests/ops/test_fused_add_layer_norm.py::test_fused_add_layer_norm_op[1025-4096-dtype10-False] PASSED [ 26%]
tests/ops/test_fused_add_layer_norm.py::test_fused_add_layer_norm_non_contiguous[1024-4096-dtype0] PASSED [ 26%]
tests/ops/test_fused_add_layer_norm.py::test_fused_add_layer_norm_non_contiguous[1024-4096-dtype1] PASSED [ 26%]
tests/ops/test_fused_add_layer_norm.py::test_fused_add_layer_norm_non_contiguous[1024-4096-dtype2] PASSED [ 27%]
tests/ops/test_fused_add_layer_norm.py::test_fused_add_layer_norm_3d[2-512-4096-dtype0] PASSED [ 27%]
tests/ops/test_fused_add_layer_norm.py::test_fused_add_layer_norm_3d[2-512-4096-dtype1] PASSED [ 27%]
tests/ops/test_fused_add_layer_norm.py::test_fused_add_layer_norm_3d[2-512-4096-dtype2] PASSED [ 27%]
tests/ops/test_fused_add_rmsnorm.py::test_fused_add_rmsnorm_op[1024-4096-dtype0-False] PASSED [ 27%]
tests/ops/test_fused_add_rmsnorm.py::test_fused_add_rmsnorm_op[4096-4096-dtype1-False] PASSED [ 27%]
tests/ops/test_fused_add_rmsnorm.py::test_fused_add_rmsnorm_op[1024-4096-dtype2-False] PASSED [ 27%]
tests/ops/test_fused_add_rmsnorm.py::test_fused_add_rmsnorm_op[4096-4096-dtype3-False] PASSED [ 27%]
tests/ops/test_fused_add_rmsnorm.py::test_fused_add_rmsnorm_op[1024-3000-dtype4-False] PASSED [ 27%]
tests/ops/test_fused_add_rmsnorm.py::test_fused_add_rmsnorm_op[1024-3000-dtype5-False] PASSED [ 27%]
tests/ops/test_fused_add_rmsnorm.py::test_fused_add_rmsnorm_op[2048-5120-dtype6-False] PASSED [ 27%]
tests/ops/test_fused_add_rmsnorm.py::test_fused_add_rmsnorm_op[2048-5120-dtype7-False] PASSED [ 27%]
tests/ops/test_fused_add_rmsnorm.py::test_fused_add_rmsnorm_op[1025-4096-dtype8-False] PASSED [ 27%]
tests/ops/test_fused_add_rmsnorm.py::test_fused_add_rmsnorm_op[1025-4096-dtype9-False] PASSED [ 27%]
tests/ops/test_fused_add_rmsnorm.py::test_fused_add_rmsnorm_non_contiguous[1024-4096-dtype0] PASSED [ 27%]
tests/ops/test_fused_add_rmsnorm.py::test_fused_add_rmsnorm_non_contiguous[1024-4096-dtype1] PASSED [ 27%]
tests/ops/test_fused_add_rmsnorm.py::test_fused_add_rmsnorm_3d[2-512-4096-dtype0] PASSED [ 28%]
tests/ops/test_fused_add_rmsnorm.py::test_fused_add_rmsnorm_3d[2-512-4096-dtype1] PASSED [ 28%]
tests/ops/test_fused_gated.py::test_silu_and_mul_op[1024-1024-dtype0] PASSED [ 28%]
tests/ops/test_fused_gated.py::test_silu_and_mul_op[1024-1024-dtype1] PASSED [ 28%]
tests/ops/test_fused_gated.py::test_silu_and_mul_op[1024-1024-dtype2] PASSED [ 28%]
tests/ops/test_fused_gated.py::test_silu_and_mul_op[2048-2048-dtype3] PASSED [ 28%]
tests/ops/test_fused_gated.py::test_silu_and_mul_op[2048-2048-dtype4] PASSED [ 28%]
tests/ops/test_fused_gated.py::test_gelu_and_mul_op[1024-1024-dtype0] PASSED [ 28%]
tests/ops/test_fused_gated.py::test_gelu_and_mul_op[1024-1024-dtype1] PASSED [ 28%]
tests/ops/test_fused_gated.py::test_gelu_and_mul_op[1024-1024-dtype2] PASSED [ 28%]
tests/ops/test_fused_gated.py::test_gelu_and_mul_op[2048-2048-dtype3] PASSED [ 28%]
tests/ops/test_fused_gated.py::test_gelu_tanh_and_mul_op[1024-1024-dtype0] PASSED [ 28%]
tests/ops/test_fused_gated.py::test_gelu_tanh_and_mul_op[1024-1024-dtype1] PASSED [ 28%]
tests/ops/test_fused_gated.py::test_gelu_tanh_and_mul_op[1024-1024-dtype2] PASSED [ 28%]
tests/ops/test_fused_gated.py::test_gelu_tanh_and_mul_op[2048-2048-dtype3] PASSED [ 28%]
tests/ops/test_fused_gated.py::test_fused_gated_rejects_integer_dtype PASSED [ 28%]
tests/ops/test_fused_gated.py::test_fused_gated_rejects_runtime_dtype_mismatch PASSED [ 29%]
tests/ops/test_fused_gated.py::test_fused_gated_kernel_has_strategies PASSED [ 29%]
tests/ops/test_fused_gated.py::test_fused_gated_kernel_rejects_unknown_strategy PASSED [ 29%]
tests/ops/test_fused_gated.py::test_silu_and_mul_direct_strategy[1024-1024-dtype0] PASSED [ 29%]
tests/ops/test_fused_gated.py::test_silu_and_mul_direct_strategy[1024-1024-dtype1] PASSED [ 29%]
tests/ops/test_fused_gated.py::test_silu_and_mul_direct_strategy[1024-1024-dtype2] PASSED [ 29%]
tests/ops/test_fused_gated.py::test_gelu_and_mul_direct_strategy[1024-1024-dtype0] PASSED [ 29%]
tests/ops/test_fused_gated.py::test_gelu_and_mul_direct_strategy[1024-1024-dtype1] PASSED [ 29%]
tests/ops/test_fused_gated.py::test_gelu_and_mul_direct_strategy[1024-1024-dtype2] PASSED [ 29%]
tests/ops/test_fused_gated.py::test_gelu_tanh_and_mul_direct_strategy[1024-1024-dtype0] PASSED [ 29%]
tests/ops/test_fused_gated.py::test_gelu_tanh_and_mul_direct_strategy[1024-1024-dtype1] PASSED [ 29%]
tests/ops/test_fused_gated.py::test_gelu_tanh_and_mul_direct_strategy[1024-1024-dtype2] PASSED [ 29%]
tests/ops/test_fused_gated.py::test_fused_gated_default_strategy_is_explicit_parallel PASSED [ 29%]
tests/ops/test_fused_gated.py::test_fused_gated_kernel_stores_strategy PASSED [ 29%]
tests/ops/test_gated_deltanet_bwd.py::test_gated_deltanet_bwd[2-64-2-64-64-32-dtype0-False] PASSED [ 29%]
tests/ops/test_gated_deltanet_bwd.py::test_gated_deltanet_bwd[1-128-4-64-64-32-dtype1-False] PASSED [ 29%]
tests/ops/test_gated_deltanet_bwd.py::test_gated_deltanet_bwd[2-64-2-64-64-32-dtype2-False] PASSED [ 30%]
tests/ops/test_gated_deltanet_bwd.py::test_gated_deltanet_bwd[1-128-4-64-64-32-dtype3-False] PASSED [ 30%]
tests/ops/test_gated_deltanet_bwd.py::test_gated_deltanet_bwd[2-64-2-64-64-32-dtype4-False] PASSED [ 30%]
tests/ops/test_gated_deltanet_bwd.py::test_gated_deltanet_bwd[1-128-4-64-64-32-dtype5-False] PASSED [ 30%]
tests/ops/test_gated_deltanet_decode.py::test_gated_deltanet_decode[1-4-64-64-dtype0-False] PASSED [ 30%]
tests/ops/test_gated_deltanet_decode.py::test_gated_deltanet_decode[2-8-64-64-dtype1-False] PASSED [ 30%]
tests/ops/test_gated_deltanet_decode.py::test_gated_deltanet_decode[2-4-128-128-dtype2-False] PASSED [ 30%]
tests/ops/test_gated_deltanet_decode.py::test_gated_deltanet_decode[1-4-64-64-dtype3-False] PASSED [ 30%]
tests/ops/test_gated_deltanet_decode.py::test_gated_deltanet_decode[2-8-64-64-dtype4-False] PASSED [ 30%]
tests/ops/test_gated_deltanet_decode.py::test_gated_deltanet_decode[1-4-64-64-dtype5-False] PASSED [ 30%]
tests/ops/test_gated_deltanet_decode.py::test_gated_deltanet_decode[2-8-64-64-dtype6-False] PASSED [ 30%]
tests/ops/test_gated_deltanet_decode.py::test_gated_deltanet_decode_multi_step[1-4-64-64-dtype0-False] PASSED [ 30%]
tests/ops/test_gated_deltanet_decode.py::test_gated_deltanet_decode_multi_step[2-8-64-64-dtype1-False] PASSED [ 30%]
tests/ops/test_gated_deltanet_decode.py::test_gated_deltanet_decode_multi_step[2-4-128-128-dtype2-False] PASSED [ 30%]
tests/ops/test_gated_deltanet_decode.py::test_gated_deltanet_decode_multi_step[1-4-64-64-dtype3-False] PASSED [ 30%]
tests/ops/test_gated_deltanet_decode.py::test_gated_deltanet_decode_multi_step[2-8-64-64-dtype4-False] PASSED [ 30%]
tests/ops/test_gated_deltanet_decode.py::test_gated_deltanet_decode_multi_step[1-4-64-64-dtype5-False] PASSED [ 31%]
tests/ops/test_gated_deltanet_decode.py::test_gated_deltanet_decode_multi_step[2-8-64-64-dtype6-False] PASSED [ 31%]
tests/ops/test_gated_deltanet_fwd.py::test_gated_deltanet_fwd[2-64-2-64-64-32-dtype0-False] PASSED [ 31%]
tests/ops/test_gated_deltanet_fwd.py::test_gated_deltanet_fwd[1-128-4-64-64-32-dtype1-False] PASSED [ 31%]
tests/ops/test_gated_deltanet_fwd.py::test_gated_deltanet_fwd[2-64-2-64-64-32-dtype2-False] PASSED [ 31%]
tests/ops/test_gated_deltanet_fwd.py::test_gated_deltanet_fwd[1-128-4-64-64-32-dtype3-False] PASSED [ 31%]
tests/ops/test_gated_deltanet_fwd.py::test_gated_deltanet_fwd[2-64-2-64-64-32-dtype4-False] PASSED [ 31%]
tests/ops/test_gated_deltanet_fwd.py::test_gated_deltanet_fwd[1-128-4-64-64-32-dtype5-False] PASSED [ 31%]
tests/ops/test_gated_deltanet_fwd.py::test_gated_deltanet_fwd[2-8192-4-64-64-64-dtype6-False] PASSED [ 31%]
tests/ops/test_gated_deltanet_fwd.py::test_gated_deltanet_fwd[2-16384-4-64-64-64-dtype7-False] PASSED [ 31%]
tests/ops/test_gemm.py::test_gemm[smoke-fp16-square] PASSED              [ 31%]
tests/ops/test_gemm.py::test_gemm[full-fp16-trans-b-small-m] PASSED      [ 31%]
tests/ops/test_gemm.py::test_gemm[full-fp16-tuned-wide] PASSED           [ 31%]
tests/ops/test_gemm.py::test_gemm[full-fp16-tuned-wide-alt] PASSED       [ 31%]
tests/ops/test_gemm.py::test_gemm[full-fp16-thin-n] PASSED               [ 31%]
tests/ops/test_gemm.py::test_gemm[full-fp16-tuned-thin-n] PASSED         [ 31%]
tests/ops/test_gemm.py::test_gemm[full-fp16-tuned-thin-n-alt] PASSED     [ 32%]
tests/ops/test_gemm.py::test_gemm[full-bf16-trans-b-small-m] PASSED      [ 32%]
tests/ops/test_gemm.py::test_gemm[full-bf16-tuned-wide] PASSED           [ 32%]
tests/ops/test_gemm.py::test_gemm[full-bf16-tuned-wide-alt] PASSED       [ 32%]
tests/ops/test_gemm.py::test_gemm[full-bf16-thin-n] PASSED               [ 32%]
tests/ops/test_gemm.py::test_gemm[full-bf16-tuned-thin-n] PASSED         [ 32%]
tests/ops/test_gemm.py::test_gemm[full-bf16-tuned-thin-n-alt] PASSED     [ 32%]
tests/ops/test_gemm.py::test_gemv_boundary_lhs_row[3000-1024-dtype0-False] PASSED [ 32%]
tests/ops/test_gemm.py::test_gemv_boundary_lhs_row[3000-1024-dtype1-False] PASSED [ 32%]
tests/ops/test_gemm.py::test_gemv_boundary_lhs_row[1024-3000-dtype2-False] PASSED [ 32%]
tests/ops/test_gemm.py::test_gemv_boundary_lhs_row[3000-1024-dtype3-False] PASSED [ 32%]
tests/ops/test_gemm.py::test_gemv_boundary_rhs_col[3000-1024-dtype0-False] PASSED [ 32%]
tests/ops/test_gemm.py::test_gemv_boundary_rhs_col[3000-1024-dtype1-False] PASSED [ 32%]
tests/ops/test_gemm.py::test_gemv_boundary_rhs_col[1024-3000-dtype2-False] PASSED [ 32%]
tests/ops/test_gemm.py::test_gemv_boundary_rhs_col[3000-1024-dtype3-False] PASSED [ 32%]
tests/ops/test_gla_bwd.py::test_gla_bwd[2-64-2-64-64-64-dtype0-False] PASSED [ 32%]
tests/ops/test_gla_bwd.py::test_gla_bwd[1-128-4-64-64-64-dtype1-False] PASSED [ 33%]
tests/ops/test_gla_bwd.py::test_gla_bwd[2-64-2-64-64-64-dtype2-False] PASSED [ 33%]
tests/ops/test_gla_bwd.py::test_gla_bwd[1-128-4-64-64-64-dtype3-False] PASSED [ 33%]
tests/ops/test_gla_bwd.py::test_gla_bwd[2-64-2-64-64-64-dtype4-False] PASSED [ 33%]
tests/ops/test_gla_bwd.py::test_gla_bwd[1-128-4-64-64-64-dtype5-False] PASSED [ 33%]
tests/ops/test_gla_decode.py::test_gla_decode[1-4-64-64-dtype0-False] PASSED [ 33%]
tests/ops/test_gla_decode.py::test_gla_decode[2-8-64-64-dtype1-False] PASSED [ 33%]
tests/ops/test_gla_decode.py::test_gla_decode[2-4-128-128-dtype2-False] PASSED [ 33%]
tests/ops/test_gla_decode.py::test_gla_decode[1-4-64-64-dtype3-False] PASSED [ 33%]
tests/ops/test_gla_decode.py::test_gla_decode[2-8-64-64-dtype4-False] PASSED [ 33%]
tests/ops/test_gla_decode.py::test_gla_decode[1-4-64-64-dtype5-False] PASSED [ 33%]
tests/ops/test_gla_decode.py::test_gla_decode[2-8-64-64-dtype6-False] PASSED [ 33%]
tests/ops/test_gla_decode.py::test_gla_decode_multi_step[1-4-64-64-dtype0-False] PASSED [ 33%]
tests/ops/test_gla_decode.py::test_gla_decode_multi_step[2-8-64-64-dtype1-False] PASSED [ 33%]
tests/ops/test_gla_decode.py::test_gla_decode_multi_step[2-4-128-128-dtype2-False] PASSED [ 33%]
tests/ops/test_gla_decode.py::test_gla_decode_multi_step[1-4-64-64-dtype3-False] PASSED [ 34%]
tests/ops/test_gla_decode.py::test_gla_decode_multi_step[2-8-64-64-dtype4-False] PASSED [ 34%]
tests/ops/test_gla_decode.py::test_gla_decode_multi_step[1-4-64-64-dtype5-False] PASSED [ 34%]
tests/ops/test_gla_decode.py::test_gla_decode_multi_step[2-8-64-64-dtype6-False] PASSED [ 34%]
tests/ops/test_gla_decode.py::test_gla_decode_vs_fla[1-4-64-64-dtype0-False] SKIPPED [ 34%]
tests/ops/test_gla_decode.py::test_gla_decode_vs_fla[2-8-64-64-dtype1-False] SKIPPED [ 34%]
tests/ops/test_gla_decode.py::test_gla_decode_vs_fla[2-4-128-128-dtype2-False] SKIPPED [ 34%]
tests/ops/test_gla_decode.py::test_gla_decode_vs_fla[1-4-64-64-dtype3-False] SKIPPED [ 34%]
tests/ops/test_gla_decode.py::test_gla_decode_vs_fla[2-8-64-64-dtype4-False] SKIPPED [ 34%]
tests/ops/test_gla_decode.py::test_gla_decode_vs_fla[1-4-64-64-dtype5-False] SKIPPED [ 34%]
tests/ops/test_gla_decode.py::test_gla_decode_vs_fla[2-8-64-64-dtype6-False] SKIPPED [ 34%]
tests/ops/test_gla_fwd.py::test_gla_fwd[2-64-2-64-64-64-dtype0-False] PASSED [ 34%]
tests/ops/test_gla_fwd.py::test_gla_fwd[1-128-4-64-64-64-dtype1-False] PASSED [ 34%]
tests/ops/test_gla_fwd.py::test_gla_fwd[2-64-2-64-64-64-dtype2-False] PASSED [ 34%]
tests/ops/test_gla_fwd.py::test_gla_fwd[1-128-4-64-64-64-dtype3-False] PASSED [ 34%]
tests/ops/test_gla_fwd.py::test_gla_fwd[2-64-2-64-64-64-dtype4-False] PASSED [ 34%]
tests/ops/test_gla_fwd.py::test_gla_fwd[1-128-4-64-64-64-dtype5-False] PASSED [ 35%]
tests/ops/test_gla_fwd.py::test_gla_fwd[2-256-4-64-64-64-dtype6-False] PASSED [ 35%]
tests/ops/test_gqa.py::test_gqa_fwd[1-1024-8-4-64-False-dtype0-False] PASSED [ 35%]
tests/ops/test_gqa.py::test_gqa_fwd[4-2048-64-4-128-False-dtype1-False] PASSED [ 35%]
tests/ops/test_gqa.py::test_gqa_fwd[4-2048-64-4-128-False-dtype2-False] PASSED [ 35%]
tests/ops/test_gqa.py::test_gqa_bwd[1-1024-8-4-64-False-dtype0-False] PASSED [ 35%]
tests/ops/test_gqa.py::test_gqa_bwd[4-2048-64-4-128-False-dtype1-False] PASSED [ 35%]
tests/ops/test_gqa.py::test_gqa_bwd[4-2048-64-4-128-False-dtype2-False] PASSED [ 35%]
tests/ops/test_gqa_decode.py::test_gqa_decode[1-32-8-8192-128-dtype0-False] PASSED [ 35%]
tests/ops/test_gqa_decode.py::test_gqa_decode[4-32-4-4096-128-dtype1-False] PASSED [ 35%]
tests/ops/test_gqa_decode.py::test_gqa_decode[8-64-16-8192-128-dtype2-False] PASSED [ 35%]
tests/ops/test_gqa_decode_paged.py::test_gqa_decode_paged_op[1-16-8-512-128-128-dtype0-False] PASSED [ 35%]
tests/ops/test_gqa_decode_paged.py::test_gqa_decode_paged_op[2-8-4-1024-64-256-dtype1-False] PASSED [ 35%]
tests/ops/test_gqa_decode_paged.py::test_gqa_decode_paged_op[1-32-8-256-128-64-dtype2-False] PASSED [ 35%]
tests/ops/test_gqa_decode_paged.py::test_gqa_decode_paged_op[1-8-4-1024-64-256-dtype3-False] PASSED [ 35%]
tests/ops/test_gqa_decode_paged.py::test_gqa_decode_paged_op[2-16-8-512-128-128-dtype4-False] PASSED [ 35%]
tests/ops/test_gqa_decode_paged.py::test_gqa_decode_paged_op[1-16-4-2048-128-512-dtype5-False] PASSED [ 36%]
tests/ops/test_gqa_decode_paged.py::test_gqa_decode_paged_op[1-32-16-512-64-128-dtype6-False] PASSED [ 36%]
tests/ops/test_gqa_sliding_window_fwd.py::test_gqa_sliding_window_fwd_op[2-512-8-2-64-True--1--1-dtype0-False] PASSED [ 36%]
tests/ops/test_gqa_sliding_window_fwd.py::test_gqa_sliding_window_fwd_op[2-512-8-2-64-True-128--1-dtype1-False] PASSED [ 36%]
tests/ops/test_gqa_sliding_window_fwd.py::test_gqa_sliding_window_fwd_op[2-512-8-2-64-False--1--1-dtype2-False] PASSED [ 36%]
tests/ops/test_gqa_sliding_window_fwd.py::test_gqa_sliding_window_fwd_op[2-512-8-2-64-False-64-64-dtype3-False] PASSED [ 36%]
tests/ops/test_gqa_sliding_window_fwd.py::test_gqa_sliding_window_fwd_op[2-128-8-1-128-True-1--1-dtype4-False] PASSED [ 36%]
tests/ops/test_gqa_sliding_window_fwd.py::test_gqa_sliding_window_fwd_op[2-512-8-2-64-True--1--1-dtype5-False] PASSED [ 36%]
tests/ops/test_gqa_sliding_window_fwd.py::test_gqa_sliding_window_fwd_op[2-512-8-2-64-False-64-64-dtype6-False] PASSED [ 36%]
tests/ops/test_gqa_sliding_window_fwd.py::test_gqa_sliding_window_fwd_op[2-512-8-8-64-True--1--1-dtype7-False] PASSED [ 36%]
tests/ops/test_gqa_sliding_window_fwd.py::test_gqa_sliding_window_fwd_op[2-512-16-1-64-True--1--1-dtype8-False] PASSED [ 36%]
tests/ops/test_gqa_sliding_window_fwd.py::test_gqa_sliding_window_fwd_op[2-384-8-2-64-True--1--1-dtype9-False] PASSED [ 36%]
tests/ops/test_gqa_sliding_window_fwd.py::test_gqa_sliding_window_fwd_op[2-768-8-2-64-False-256--1-dtype10-False] PASSED [ 36%]
tests/ops/test_gqa_sliding_window_fwd.py::test_gqa_sliding_window_fwd_op[1-2048-8-2-64-True-512--1-dtype11-False] PASSED [ 36%]
tests/ops/test_gqa_sliding_window_fwd.py::test_gqa_sliding_window_fwd_op[2-512-8-2-64-False--1-64-dtype12-False] PASSED [ 36%]
tests/ops/test_gqa_sliding_window_fwd.py::test_gqa_sliding_window_fwd_op[2-256-8-2-64-True-0--1-dtype13-False] PASSED [ 36%]
tests/ops/test_gqa_sliding_window_fwd.py::TestGqaSlidingWindowFwdOpMetrics::test_total_flops_causal_wl0 PASSED [ 37%]
tests/ops/test_gqa_sliding_window_fwd.py::TestGqaSlidingWindowFwdOpMetrics::test_total_flops_causal_finite_window PASSED [ 37%]
tests/ops/test_gqa_sliding_window_fwd.py::TestGqaSlidingWindowFwdOpMetrics::test_total_memory_gqa PASSED [ 37%]
tests/ops/test_gqa_sliding_window_fwd.py::TestGqaSlidingWindowFwdOpValidation::test_invalid_window_size_left_raises PASSED [ 37%]
tests/ops/test_gqa_sliding_window_fwd.py::TestGqaSlidingWindowFwdOpValidation::test_invalid_window_size_right_raises PASSED [ 37%]
tests/ops/test_gqa_sliding_window_fwd.py::TestGqaSlidingWindowFwdOpValidation::test_dtype_mismatch_raises PASSED [ 37%]
tests/ops/test_gqa_sliding_window_fwd.py::TestGqaSlidingWindowFwdOpValidation::test_cpu_tensor_raises PASSED [ 37%]
tests/ops/test_gqa_sliding_window_varlen_fwd.py::test_gqa_sliding_window_varlen_fwd_op[2-seqlens_q0-seqlens_k0-8-2-64-True--1--1-dtype0-False] PASSED [ 37%]
tests/ops/test_gqa_sliding_window_varlen_fwd.py::test_gqa_sliding_window_varlen_fwd_op[2-seqlens_q1-seqlens_k1-8-2-64-True-128--1-dtype1-False] PASSED [ 37%]
tests/ops/test_gqa_sliding_window_varlen_fwd.py::test_gqa_sliding_window_varlen_fwd_op[2-seqlens_q2-seqlens_k2-8-2-64-False--1--1-dtype2-False] PASSED [ 37%]
tests/ops/test_gqa_sliding_window_varlen_fwd.py::test_gqa_sliding_window_varlen_fwd_op[2-seqlens_q3-seqlens_k3-8-2-64-False-64-64-dtype3-False] PASSED [ 37%]
tests/ops/test_gqa_sliding_window_varlen_fwd.py::test_gqa_sliding_window_varlen_fwd_op[2-seqlens_q4-seqlens_k4-8-2-64-True--1--1-dtype4-False] PASSED [ 37%]
tests/ops/test_gqa_sliding_window_varlen_fwd.py::test_gqa_sliding_window_varlen_fwd_op[2-seqlens_q5-seqlens_k5-8-2-64-True-128--1-dtype5-False] PASSED [ 37%]
tests/ops/test_gqa_sliding_window_varlen_fwd.py::test_gqa_sliding_window_varlen_fwd_op[2-seqlens_q6-seqlens_k6-8-2-64-False-64-64-dtype6-False] PASSED [ 37%]
tests/ops/test_gqa_sliding_window_varlen_fwd.py::test_gqa_sliding_window_varlen_fwd_op[2-seqlens_q7-seqlens_k7-8-2-64-True--1--1-dtype7-False] PASSED [ 37%]
tests/ops/test_gqa_sliding_window_varlen_fwd.py::test_gqa_sliding_window_varlen_fwd_op[2-seqlens_q8-seqlens_k8-8-2-64-False-64-64-dtype8-False] PASSED [ 37%]
tests/ops/test_gqa_sliding_window_varlen_fwd.py::test_gqa_sliding_window_varlen_fwd_op[2-seqlens_q9-seqlens_k9-8-8-64-True--1--1-dtype9-False] PASSED [ 38%]
tests/ops/test_gqa_sliding_window_varlen_fwd.py::test_gqa_sliding_window_varlen_fwd_op[2-seqlens_q10-seqlens_k10-16-1-64-True--1--1-dtype10-False] PASSED [ 38%]
tests/ops/test_gqa_sliding_window_varlen_fwd.py::test_gqa_sliding_window_varlen_fwd_op[3-seqlens_q11-seqlens_k11-8-2-64-True--1--1-dtype11-False] PASSED [ 38%]
tests/ops/test_gqa_sliding_window_varlen_fwd.py::test_gqa_sliding_window_varlen_fwd_op[2-seqlens_q12-seqlens_k12-8-2-64-False--1-64-dtype12-False] PASSED [ 38%]
tests/ops/test_gqa_sliding_window_varlen_fwd.py::test_gqa_sliding_window_varlen_fwd_op[2-seqlens_q13-seqlens_k13-8-2-64-True-0--1-dtype13-False] PASSED [ 38%]
tests/ops/test_group_norm.py::test_group_norm_op[2-32-spatial0-8-dtype0-False] PASSED [ 38%]
tests/ops/test_group_norm.py::test_group_norm_op[4-16-spatial1-4-dtype1-False] PASSED [ 38%]
tests/ops/test_group_norm.py::test_group_norm_op[2-32-spatial2-8-dtype2-False] PASSED [ 38%]
tests/ops/test_group_norm.py::test_group_norm_op[4-16-spatial3-4-dtype3-False] PASSED [ 38%]
tests/ops/test_group_norm.py::test_group_norm_op[2-32-spatial4-8-dtype4-False] PASSED [ 38%]
tests/ops/test_group_norm.py::test_group_norm_op[4-16-spatial5-4-dtype5-False] PASSED [ 38%]
tests/ops/test_group_norm.py::test_group_norm_op[2-32-spatial6-1-dtype6-False] PASSED [ 38%]
tests/ops/test_group_norm.py::test_group_norm_op[2-32-spatial7-32-dtype7-False] PASSED [ 38%]
tests/ops/test_group_norm.py::test_group_norm_op[2-32-spatial8-16-dtype8-False] PASSED [ 38%]
tests/ops/test_group_norm.py::test_group_norm_op[2-32-spatial9-8-dtype9-False] PASSED [ 38%]
tests/ops/test_group_norm.py::test_group_norm_op[2-16-spatial10-4-dtype10-False] PASSED [ 38%]
tests/ops/test_group_norm.py::test_group_norm_op[2-30-spatial11-5-dtype11-False] PASSED [ 39%]
tests/ops/test_group_norm.py::test_group_norm_op[2-32-spatial12-8-dtype12-False] PASSED [ 39%]
tests/ops/test_group_norm.py::test_group_norm_op[2-32-spatial13-8-dtype13-False] PASSED [ 39%]
tests/ops/test_group_norm.py::test_group_norm_non_contiguous[2-32-spatial0-8-dtype0] PASSED [ 39%]
tests/ops/test_group_norm.py::test_group_norm_non_contiguous[2-32-spatial1-8-dtype1] PASSED [ 39%]
tests/ops/test_grouped_gemm.py::test_grouped_gemm[16384-4-4864-4096-dtype0-False-True-False] PASSED [ 39%]
tests/ops/test_grouped_gemm.py::test_grouped_gemm[16384-4-4864-4096-dtype1-False-False-False] PASSED [ 39%]
tests/ops/test_grouped_gemm.py::test_grouped_gemm[16384-4-4864-4096-dtype2-True-False-False] PASSED [ 39%]
tests/ops/test_grouped_gemm.py::test_grouped_gemm[16384-4-4864-4096-dtype3-True-True-False] PASSED [ 39%]
tests/ops/test_instance_norm.py::test_instance_norm_op[2-16-spatial0-dtype0-False] PASSED [ 39%]
tests/ops/test_instance_norm.py::test_instance_norm_op[4-8-spatial1-dtype1-False] PASSED [ 39%]
tests/ops/test_instance_norm.py::test_instance_norm_op[2-16-spatial2-dtype2-False] PASSED [ 39%]
tests/ops/test_instance_norm.py::test_instance_norm_op[4-8-spatial3-dtype3-False] PASSED [ 39%]
tests/ops/test_instance_norm.py::test_instance_norm_op[2-16-spatial4-dtype4-False] PASSED [ 39%]
tests/ops/test_instance_norm.py::test_instance_norm_op[4-8-spatial5-dtype5-False] PASSED [ 39%]
tests/ops/test_instance_norm.py::test_instance_norm_op[2-16-spatial6-dtype6-False] PASSED [ 39%]
tests/ops/test_instance_norm.py::test_instance_norm_op[2-8-spatial7-dtype7-False] PASSED [ 40%]
tests/ops/test_instance_norm.py::test_instance_norm_non_contiguous[2-16-spatial0-dtype0] PASSED [ 40%]
tests/ops/test_instance_norm.py::test_instance_norm_non_contiguous[2-16-spatial1-dtype1] PASSED [ 40%]
tests/ops/test_layer_norm.py::test_layer_norm_op[1024-4096-dtype0-False] PASSED [ 40%]
tests/ops/test_layer_norm.py::test_layer_norm_op[4096-4096-dtype1-False] PASSED [ 40%]
tests/ops/test_layer_norm.py::test_layer_norm_op[8192-8192-dtype2-False] PASSED [ 40%]
tests/ops/test_layer_norm.py::test_layer_norm_op[1024-4096-dtype3-False] PASSED [ 40%]
tests/ops/test_layer_norm.py::test_layer_norm_op[4096-4096-dtype4-False] PASSED [ 40%]
tests/ops/test_layer_norm.py::test_layer_norm_op[8192-8192-dtype5-False] PASSED [ 40%]
tests/ops/test_layer_norm.py::test_layer_norm_op[1024-4096-dtype6-False] PASSED [ 40%]
tests/ops/test_layer_norm.py::test_layer_norm_op[4096-4096-dtype7-False] PASSED [ 40%]
tests/ops/test_layer_norm.py::test_layer_norm_op[8192-8192-dtype8-False] PASSED [ 40%]
tests/ops/test_layer_norm.py::test_layer_norm_op[1024-3000-dtype9-False] PASSED [ 40%]
tests/ops/test_layer_norm.py::test_layer_norm_op[1024-3000-dtype10-False] PASSED [ 40%]
tests/ops/test_layer_norm.py::test_layer_norm_op[1024-3000-dtype11-False] PASSED [ 40%]
tests/ops/test_layer_norm.py::test_layer_norm_op[2048-5120-dtype12-False] PASSED [ 40%]
tests/ops/test_layer_norm.py::test_layer_norm_op[2048-5120-dtype13-False] PASSED [ 41%]
tests/ops/test_layer_norm.py::test_layer_norm_op[2048-5120-dtype14-False] PASSED [ 41%]
tests/ops/test_layer_norm.py::test_layer_norm_op[1025-4096-dtype15-False] PASSED [ 41%]
tests/ops/test_layer_norm.py::test_layer_norm_op[1025-4096-dtype16-False] PASSED [ 41%]
tests/ops/test_layer_norm.py::test_layer_norm_non_contiguous[1024-4096-dtype0] PASSED [ 41%]
tests/ops/test_layer_norm.py::test_layer_norm_non_contiguous[1024-4096-dtype1] PASSED [ 41%]
tests/ops/test_layer_norm.py::test_layer_norm_non_contiguous[1024-4096-dtype2] PASSED [ 41%]
tests/ops/test_layer_norm.py::test_layer_norm_3d[2-512-4096-dtype0] PASSED [ 41%]
tests/ops/test_layer_norm.py::test_layer_norm_3d[2-512-4096-dtype1] PASSED [ 41%]
tests/ops/test_layer_norm.py::test_layer_norm_3d[2-512-4096-dtype2] PASSED [ 41%]
tests/ops/test_layer_norm.py::test_layer_norm_large_offset[4-4096-dtype0] PASSED [ 41%]
tests/ops/test_layer_norm.py::test_layer_norm_large_offset[1024-4096-dtype1] PASSED [ 41%]
tests/ops/test_layer_norm.py::test_layer_norm_large_offset[4-4096-dtype2] PASSED [ 41%]
tests/ops/test_layer_norm.py::test_layer_norm_large_offset[4-4096-dtype3] PASSED [ 41%]
tests/ops/test_logical.py::test_logical_and_op[4096-dtype0] PASSED       [ 41%]
tests/ops/test_logical.py::test_logical_and_op[16384-dtype1] PASSED      [ 41%]
tests/ops/test_logical.py::test_logical_or_op[4096-dtype0] PASSED        [ 42%]
tests/ops/test_logical.py::test_logical_or_op[16384-dtype1] PASSED       [ 42%]
tests/ops/test_logical.py::test_logical_broadcast[logical_and-LogicalAndOp-logical_and-a_shape0-b_shape0] PASSED [ 42%]
tests/ops/test_logical.py::test_logical_broadcast[logical_and-LogicalAndOp-logical_and-a_shape1-b_shape1] PASSED [ 42%]
tests/ops/test_logical.py::test_logical_broadcast[logical_and-LogicalAndOp-logical_and-a_shape2-b_shape2] PASSED [ 42%]
tests/ops/test_logical.py::test_logical_broadcast[logical_or-LogicalOrOp-logical_or-a_shape3-b_shape3] PASSED [ 42%]
tests/ops/test_logical.py::test_logical_broadcast[logical_or-LogicalOrOp-logical_or-a_shape4-b_shape4] PASSED [ 42%]
tests/ops/test_logical.py::test_logical_broadcast[logical_or-LogicalOrOp-logical_or-a_shape5-b_shape5] PASSED [ 42%]
tests/ops/test_logical.py::test_logical_not[1048576-dtype0] PASSED       [ 42%]
tests/ops/test_logical.py::test_logical_not[1048576-dtype1] PASSED       [ 42%]
tests/ops/test_logical.py::test_logical_not[1048576-dtype2] PASSED       [ 42%]
tests/ops/test_logical.py::test_logical_not[1048576-dtype3] PASSED       [ 42%]
tests/ops/test_logical.py::test_logical_not[1048576-dtype4] PASSED       [ 42%]
tests/ops/test_logical.py::test_logical_not[1048576-dtype5] PASSED       [ 42%]
tests/ops/test_logical.py::test_logical_not[1048576-dtype6] PASSED       [ 42%]
tests/ops/test_logical.py::test_logical_not[1048576-dtype7] PASSED       [ 42%]
tests/ops/test_logical.py::test_logical_not[1048576-dtype8] PASSED       [ 43%]
tests/ops/test_logical_reduce.py::test_any_op[128-512-dtype0] PASSED     [ 43%]
tests/ops/test_logical_reduce.py::test_any_op[128-512-dtype1] PASSED     [ 43%]
tests/ops/test_logical_reduce.py::test_any_op[128-512-dtype2] PASSED     [ 43%]
tests/ops/test_logical_reduce.py::test_any_op[128-512-dtype3] PASSED     [ 43%]
tests/ops/test_logical_reduce.py::test_any_op[128-512-dtype4] PASSED     [ 43%]
tests/ops/test_logical_reduce.py::test_any_op[128-512-dtype5] PASSED     [ 43%]
tests/ops/test_logical_reduce.py::test_any_op[128-512-dtype6] PASSED     [ 43%]
tests/ops/test_logical_reduce.py::test_any_op[128-512-dtype7] PASSED     [ 43%]
tests/ops/test_logical_reduce.py::test_any_op[256-4096-dtype8] PASSED    [ 43%]
tests/ops/test_logical_reduce.py::test_any_op[256-4096-dtype9] PASSED    [ 43%]
tests/ops/test_logical_reduce.py::test_any_op[128-300-dtype10] PASSED    [ 43%]
tests/ops/test_logical_reduce.py::test_any_op[128-300-dtype11] PASSED    [ 43%]
tests/ops/test_logical_reduce.py::test_any_op[128-300-dtype12] PASSED    [ 43%]
tests/ops/test_logical_reduce.py::test_any_op[128-300-dtype13] PASSED    [ 43%]
tests/ops/test_logical_reduce.py::test_any_op[129-512-dtype14] PASSED    [ 43%]
tests/ops/test_logical_reduce.py::test_any_non_contiguous[128-512-dtype0] PASSED [ 44%]
tests/ops/test_logical_reduce.py::test_any_non_contiguous[128-512-dtype1] PASSED [ 44%]
tests/ops/test_logical_reduce.py::test_any_non_contiguous[128-512-dtype2] PASSED [ 44%]
tests/ops/test_logical_reduce.py::test_any_3d[2-64-512-dtype0] PASSED    [ 44%]
tests/ops/test_logical_reduce.py::test_any_3d[2-64-512-dtype1] PASSED    [ 44%]
tests/ops/test_logical_reduce.py::test_any_4d[2-4-8-512-dtype0] PASSED   [ 44%]
tests/ops/test_logical_reduce.py::test_any_4d[2-4-8-512-dtype1] PASSED   [ 44%]
tests/ops/test_logical_reduce.py::test_any_1d[512-dtype0] PASSED         [ 44%]
tests/ops/test_logical_reduce.py::test_any_1d[512-dtype1] PASSED         [ 44%]
tests/ops/test_logical_reduce.py::test_any_1d[512-dtype2] PASSED         [ 44%]
tests/ops/test_logical_reduce.py::test_any_1d[512-dtype3] PASSED         [ 44%]
tests/ops/test_logical_reduce.py::test_all_op[128-512-dtype0] PASSED     [ 44%]
tests/ops/test_logical_reduce.py::test_all_op[128-512-dtype1] PASSED     [ 44%]
tests/ops/test_logical_reduce.py::test_all_op[128-512-dtype2] PASSED     [ 44%]
tests/ops/test_logical_reduce.py::test_all_op[128-512-dtype3] PASSED     [ 44%]
tests/ops/test_logical_reduce.py::test_all_op[128-512-dtype4] PASSED     [ 44%]
tests/ops/test_logical_reduce.py::test_all_op[128-512-dtype5] PASSED     [ 45%]
tests/ops/test_logical_reduce.py::test_all_op[128-512-dtype6] PASSED     [ 45%]
tests/ops/test_logical_reduce.py::test_all_op[128-512-dtype7] PASSED     [ 45%]
tests/ops/test_logical_reduce.py::test_all_op[256-4096-dtype8] PASSED    [ 45%]
tests/ops/test_logical_reduce.py::test_all_op[256-4096-dtype9] PASSED    [ 45%]
tests/ops/test_logical_reduce.py::test_all_op[128-300-dtype10] PASSED    [ 45%]
tests/ops/test_logical_reduce.py::test_all_op[128-300-dtype11] PASSED    [ 45%]
tests/ops/test_logical_reduce.py::test_all_op[128-300-dtype12] PASSED    [ 45%]
tests/ops/test_logical_reduce.py::test_all_op[128-300-dtype13] PASSED    [ 45%]
tests/ops/test_logical_reduce.py::test_all_op[129-512-dtype14] PASSED    [ 45%]
tests/ops/test_logical_reduce.py::test_all_non_contiguous[128-512-dtype0] PASSED [ 45%]
tests/ops/test_logical_reduce.py::test_all_non_contiguous[128-512-dtype1] PASSED [ 45%]
tests/ops/test_logical_reduce.py::test_all_non_contiguous[128-512-dtype2] PASSED [ 45%]
tests/ops/test_logical_reduce.py::test_all_3d[2-64-512-dtype0] PASSED    [ 45%]
tests/ops/test_logical_reduce.py::test_all_3d[2-64-512-dtype1] PASSED    [ 45%]
tests/ops/test_logical_reduce.py::test_all_4d[2-4-8-512-dtype0] PASSED   [ 45%]
tests/ops/test_logical_reduce.py::test_all_4d[2-4-8-512-dtype1] PASSED   [ 46%]
tests/ops/test_logical_reduce.py::test_all_1d[512-dtype0] PASSED         [ 46%]
tests/ops/test_logical_reduce.py::test_all_1d[512-dtype1] PASSED         [ 46%]
tests/ops/test_logical_reduce.py::test_all_1d[512-dtype2] PASSED         [ 46%]
tests/ops/test_logical_reduce.py::test_all_1d[512-dtype3] PASSED         [ 46%]
tests/ops/test_logical_reduce.py::test_count_nonzero_op[128-512-dtype0] PASSED [ 46%]
tests/ops/test_logical_reduce.py::test_count_nonzero_op[128-512-dtype1] PASSED [ 46%]
tests/ops/test_logical_reduce.py::test_count_nonzero_op[128-512-dtype2] PASSED [ 46%]
tests/ops/test_logical_reduce.py::test_count_nonzero_op[128-512-dtype3] PASSED [ 46%]
tests/ops/test_logical_reduce.py::test_count_nonzero_op[128-512-dtype4] PASSED [ 46%]
tests/ops/test_logical_reduce.py::test_count_nonzero_op[128-512-dtype5] PASSED [ 46%]
tests/ops/test_logical_reduce.py::test_count_nonzero_op[128-512-dtype6] PASSED [ 46%]
tests/ops/test_logical_reduce.py::test_count_nonzero_op[128-512-dtype7] PASSED [ 46%]
tests/ops/test_logical_reduce.py::test_count_nonzero_op[256-4096-dtype8] PASSED [ 46%]
tests/ops/test_logical_reduce.py::test_count_nonzero_op[256-4096-dtype9] PASSED [ 46%]
tests/ops/test_logical_reduce.py::test_count_nonzero_op[128-300-dtype10] PASSED [ 46%]
tests/ops/test_logical_reduce.py::test_count_nonzero_op[128-300-dtype11] PASSED [ 47%]
tests/ops/test_logical_reduce.py::test_count_nonzero_op[128-300-dtype12] PASSED [ 47%]
tests/ops/test_logical_reduce.py::test_count_nonzero_op[128-300-dtype13] PASSED [ 47%]
tests/ops/test_logical_reduce.py::test_count_nonzero_op[129-512-dtype14] PASSED [ 47%]
tests/ops/test_logical_reduce.py::test_count_nonzero_non_contiguous[128-512-dtype0] PASSED [ 47%]
tests/ops/test_logical_reduce.py::test_count_nonzero_non_contiguous[128-512-dtype1] PASSED [ 47%]
tests/ops/test_logical_reduce.py::test_count_nonzero_non_contiguous[128-512-dtype2] PASSED [ 47%]
tests/ops/test_logical_reduce.py::test_count_nonzero_3d[2-64-512-dtype0] PASSED [ 47%]
tests/ops/test_logical_reduce.py::test_count_nonzero_3d[2-64-512-dtype1] PASSED [ 47%]
tests/ops/test_logical_reduce.py::test_count_nonzero_4d[2-4-8-512-dtype0] PASSED [ 47%]
tests/ops/test_logical_reduce.py::test_count_nonzero_4d[2-4-8-512-dtype1] PASSED [ 47%]
tests/ops/test_logical_reduce.py::test_count_nonzero_1d[512-dtype0] PASSED [ 47%]
tests/ops/test_logical_reduce.py::test_count_nonzero_1d[512-dtype1] PASSED [ 47%]
tests/ops/test_logical_reduce.py::test_count_nonzero_1d[512-dtype2] PASSED [ 47%]
tests/ops/test_logical_reduce.py::test_count_nonzero_1d[512-dtype3] PASSED [ 47%]
tests/ops/test_logical_reduce.py::test_any_smoke_float16[64-512-dtype0] PASSED [ 47%]
tests/ops/test_logical_reduce.py::test_any_smoke_bfloat16[64-512-dtype0] PASSED [ 48%]
tests/ops/test_logical_reduce.py::test_any_smoke_int32[64-512-dtype0] PASSED [ 48%]
tests/ops/test_logical_reduce.py::test_any_smoke_int64[64-512-dtype0] PASSED [ 48%]
tests/ops/test_logical_reduce.py::test_any_smoke_bool[64-512-dtype0] PASSED [ 48%]
tests/ops/test_logical_reduce.py::test_all_smoke_float16[64-512-dtype0] PASSED [ 48%]
tests/ops/test_logical_reduce.py::test_all_smoke_bfloat16[64-512-dtype0] PASSED [ 48%]
tests/ops/test_logical_reduce.py::test_all_smoke_int32[64-512-dtype0] PASSED [ 48%]
tests/ops/test_logical_reduce.py::test_all_smoke_int64[64-512-dtype0] PASSED [ 48%]
tests/ops/test_logical_reduce.py::test_all_smoke_bool[64-512-dtype0] PASSED [ 48%]
tests/ops/test_logical_reduce.py::test_count_nonzero_smoke_float16[64-512-dtype0] PASSED [ 48%]
tests/ops/test_logical_reduce.py::test_count_nonzero_smoke_bfloat16[64-512-dtype0] PASSED [ 48%]
tests/ops/test_logical_reduce.py::test_count_nonzero_smoke_int32[64-512-dtype0] PASSED [ 48%]
tests/ops/test_logical_reduce.py::test_count_nonzero_smoke_int64[64-512-dtype0] PASSED [ 48%]
tests/ops/test_logical_reduce.py::test_count_nonzero_smoke_bool[64-512-dtype0] PASSED [ 48%]
tests/ops/test_mean_pooling_ops.py::test_mean_pooling_op[1-8192-64-128-64-dtype0-accum_dtype0-False-None] PASSED [ 48%]
tests/ops/test_mean_pooling_ops.py::test_mean_pooling_op[1-8192-64-128-64-dtype1-accum_dtype1-True-None] PASSED [ 48%]
tests/ops/test_mean_pooling_ops.py::test_mean_pooling_op[2-2048-64-128-64-dtype2-accum_dtype2-False-None] PASSED [ 49%]
tests/ops/test_mean_pooling_ops.py::test_mean_pooling_op[1-1024-64-128-64-dtype3-accum_dtype3-False-offsets3] PASSED [ 49%]
tests/ops/test_mean_pooling_ops.py::test_mean_pooling_op[1-8192-64-128-64-dtype4-accum_dtype4-False-offsets4] PASSED [ 49%]
tests/ops/test_mean_pooling_ops.py::test_mean_pooling_op[1-1000-64-128-32-dtype5-accum_dtype5-False-offsets5] PASSED [ 49%]
tests/ops/test_mha.py::test_mha_fwd[smoke-fwd-fp16] PASSED               [ 49%]
tests/ops/test_mha.py::test_mha_fwd[full-fwd-fp16] PASSED                [ 49%]
tests/ops/test_mha.py::test_mha_fwd[full-fwd-bf16-tuned] PASSED          [ 49%]
tests/ops/test_mha.py::test_mha_bwd[smoke-bwd-fp16] PASSED               [ 49%]
tests/ops/test_mha.py::test_mha_bwd[full-bwd-fp16-large] PASSED          [ 49%]
tests/ops/test_mha.py::test_mha_bwd[full-bwd-bf16-tuned] PASSED          [ 49%]
tests/ops/test_mha_decode.py::test_mha_decode[1-32-128-8192-128-dtype0-False] PASSED [ 49%]
tests/ops/test_mha_decode.py::test_mha_decode[1-32-128-8192-128-dtype1-False] PASSED [ 49%]
tests/ops/test_mha_decode.py::test_mha_decode[1-32-128-5-128-dtype2-False] PASSED [ 49%]
tests/ops/test_mha_decode_paged.py::test_mha_decode_paged_op[1-16-1-512-128-128-False-dtype0-False] PASSED [ 49%]
tests/ops/test_mha_decode_paged.py::test_mha_decode_paged_op[1-8-1-1024-64-256-False-dtype1-False] PASSED [ 49%]
tests/ops/test_mha_decode_paged.py::test_mha_decode_paged_op[2-8-1-1024-64-256-False-dtype2-False] PASSED [ 50%]
tests/ops/test_mha_decode_paged.py::test_mha_decode_paged_op[1-8-1-512-64-256-False-dtype3-False] PASSED [ 50%]
tests/ops/test_mhc_post.py::test_mhc_post_op[1-4-1280-dtype0-False] PASSED [ 50%]
tests/ops/test_mhc_post.py::test_mhc_post_op[2-4-1920-dtype1-False] PASSED [ 50%]
tests/ops/test_mhc_post.py::test_mhc_post_op[4-4-2560-dtype2-False] PASSED [ 50%]
tests/ops/test_mhc_pre.py::test_mhc_pre_op[1-4-1280-dtype0-False] PASSED [ 50%]
tests/ops/test_mhc_pre.py::test_mhc_pre_op[2-4-1920-dtype1-False] PASSED [ 50%]
tests/ops/test_mhc_pre.py::test_mhc_pre_op[4-4-2560-dtype2-False] PASSED [ 50%]
tests/ops/test_moe_permute_align.py::test_permute_align_op[tiny-bs4] PASSED [ 50%]
tests/ops/test_moe_permute_align.py::test_permute_align_op[small-bs16] PASSED [ 50%]
tests/ops/test_moe_permute_align.py::test_permute_align_op[medium-bs64] PASSED [ 50%]
tests/ops/test_moe_permute_align.py::test_permute_align_op[large-bs128] PASSED [ 50%]
tests/ops/test_moe_permute_align.py::test_permute_align_op[single-token] PASSED [ 50%]
tests/ops/test_moe_permute_align.py::test_permute_align_op[top-k-1] PASSED [ 50%]
tests/ops/test_moe_permute_align.py::test_permute_align_op[sb-numel200] PASSED [ 50%]
tests/ops/test_moe_permute_align.py::test_permute_align_op[sb-numel600] PASSED [ 50%]
tests/ops/test_moe_permute_align.py::test_permute_align_op[sb-numel800] PASSED [ 51%]
tests/ops/test_moe_permute_align.py::test_permute_align_op[sb-numel600-maxexp] PASSED [ 51%]
tests/ops/test_moe_permute_align.py::test_permute_align_op[sb-boundary-1022] PASSED [ 51%]
tests/ops/test_moe_permute_align.py::test_permute_align_op[lb-boundary-1024] PASSED [ 51%]
tests/ops/test_moe_permute_align.py::test_permute_align_sentinel_padding PASSED [ 51%]
tests/ops/test_moe_permute_align.py::test_permute_align_expert_ids_range PASSED [ 51%]
tests/ops/test_moe_permute_align.py::test_permute_align_skewed_distribution PASSED [ 51%]
tests/ops/test_reduce.py::test_sum_op[128-512-dtype0] PASSED             [ 51%]
tests/ops/test_reduce.py::test_sum_op[128-512-dtype1] PASSED             [ 51%]
tests/ops/test_reduce.py::test_sum_op[128-512-dtype2] PASSED             [ 51%]
tests/ops/test_reduce.py::test_sum_op[256-4096-dtype3] PASSED            [ 51%]
tests/ops/test_reduce.py::test_sum_op[256-4096-dtype4] PASSED            [ 51%]
tests/ops/test_reduce.py::test_sum_op[128-300-dtype5] PASSED             [ 51%]
tests/ops/test_reduce.py::test_sum_op[128-300-dtype6] PASSED             [ 51%]
tests/ops/test_reduce.py::test_sum_op[129-512-dtype7] PASSED             [ 51%]
tests/ops/test_reduce.py::test_sum_non_contiguous[128-512-dtype0] PASSED [ 51%]
tests/ops/test_reduce.py::test_sum_non_contiguous[128-512-dtype1] PASSED [ 52%]
tests/ops/test_reduce.py::test_sum_3d[2-64-512-dtype0] PASSED            [ 52%]
tests/ops/test_reduce.py::test_sum_3d[2-64-512-dtype1] PASSED            [ 52%]
tests/ops/test_reduce.py::test_sum_4d[2-4-8-512-dtype0] PASSED           [ 52%]
tests/ops/test_reduce.py::test_sum_4d[2-4-8-512-dtype1] PASSED           [ 52%]
tests/ops/test_reduce.py::test_mean_op[128-512-dtype0] PASSED            [ 52%]
tests/ops/test_reduce.py::test_mean_op[128-512-dtype1] PASSED            [ 52%]
tests/ops/test_reduce.py::test_mean_op[128-512-dtype2] PASSED            [ 52%]
tests/ops/test_reduce.py::test_mean_op[256-4096-dtype3] PASSED           [ 52%]
tests/ops/test_reduce.py::test_mean_op[256-4096-dtype4] PASSED           [ 52%]
tests/ops/test_reduce.py::test_mean_op[128-300-dtype5] PASSED            [ 52%]
tests/ops/test_reduce.py::test_mean_op[128-300-dtype6] PASSED            [ 52%]
tests/ops/test_reduce.py::test_mean_op[129-512-dtype7] PASSED            [ 52%]
tests/ops/test_reduce.py::test_amin_op[128-512-dtype0] PASSED            [ 52%]
tests/ops/test_reduce.py::test_amin_op[128-512-dtype1] PASSED            [ 52%]
tests/ops/test_reduce.py::test_amin_op[128-512-dtype2] PASSED            [ 52%]
tests/ops/test_reduce.py::test_amin_op[256-4096-dtype3] PASSED           [ 53%]
tests/ops/test_reduce.py::test_amin_op[256-4096-dtype4] PASSED           [ 53%]
tests/ops/test_reduce.py::test_amin_op[128-300-dtype5] PASSED            [ 53%]
tests/ops/test_reduce.py::test_amin_op[128-300-dtype6] PASSED            [ 53%]
tests/ops/test_reduce.py::test_amin_op[129-512-dtype7] PASSED            [ 53%]
tests/ops/test_reduce.py::test_amax_op[128-512-dtype0] PASSED            [ 53%]
tests/ops/test_reduce.py::test_amax_op[128-512-dtype1] PASSED            [ 53%]
tests/ops/test_reduce.py::test_amax_op[128-512-dtype2] PASSED            [ 53%]
tests/ops/test_reduce.py::test_amax_op[256-4096-dtype3] PASSED           [ 53%]
tests/ops/test_reduce.py::test_amax_op[256-4096-dtype4] PASSED           [ 53%]
tests/ops/test_reduce.py::test_amax_op[128-300-dtype5] PASSED            [ 53%]
[...]
tests/test_reduction_init_files.py::TestRuffLinting::test_ruff_format[kernels/reduction] PASSED [ 98%]
tests/test_reduction_init_files.py::TestRuffLinting::test_ruff_format[ops/reduction] PASSED [ 98%]
tests/test_reduction_init_files.py::TestRuffLinting::test_ruff_format[ops/__init__] PASSED [ 98%]
tests/test_reduction_init_files.py::TestImportability::test_kernel_reduction_importable PASSED [ 98%]
tests/test_reduction_init_files.py::TestImportability::test_ops_reduction_importable PASSED [ 98%]
tests/test_reduction_init_files.py::TestImportability::test_ops_init_importable PASSED [ 99%]
tests/test_tier_validation.py::TestZeroSmokeFails::test_zero_smoke_raises PASSED [ 99%]
tests/test_tier_validation.py::TestMultiSmokePasses::test_two_smoke_params_pass PASSED [ 99%]
tests/test_tier_validation.py::TestMultiSmokePasses::test_three_smoke_params_pass PASSED [ 99%]
tests/test_tier_validation.py::TestSmokeOrdering::test_smoke_after_full_raises PASSED [ 99%]
tests/test_tier_validation.py::TestSmokeOrdering::test_smoke_gap_raises PASSED [ 99%]
tests/test_tier_validation.py::TestSmokeOrdering::test_xfail_before_smoke_ok PASSED [ 99%]
tests/test_tier_validation.py::TestSmokeOrdering::test_multi_smoke_correct_order_passes PASSED [ 99%]
tests/test_tier_validation.py::TestSingleSmokeBackwardCompat::test_single_smoke_first PASSED [ 99%]
tests/test_tier_validation.py::TestSmokeConstraints::test_smoke_tune_true_raises PASSED [ 99%]
tests/test_tier_validation.py::TestSmokeConstraints::test_smoke_xfail_raises PASSED [ 99%]
tests/test_tier_validation.py::TestSmokeConstraints::test_second_smoke_tune_true_raises PASSED [ 99%]
tests/test_tier_validation.py::TestSmokeConstraints::test_second_smoke_xfail_raises PASSED [ 99%]
tests/test_tier_validation.py::TestSmokeConstraints::test_smoke_xfail_no_tune_raises PASSED [ 99%]
tests/test_tier_validation.py::TestSmokeConstraints::test_smoke_xfail_then_full_only_xfail_error PASSED [ 99%]
tests/test_tier_validation.py::TestSmokeConstraints::test_smoke_xfail_valid_smoke_full_only_xfail_error PASSED [100%]

=================================== FAILURES ===================================
__________________ test_kernel_accepts_fp8[nan_to_num-e4m3fn] __________________
tests/test_elementwise_independent_fp8.py:67: in test_kernel_accepts_fp8
    kernel = cls(dtype=dtype, **extra_kwargs)
             ^^^^^^^^^^^^^^^^^^^^^^^^^^^^^^^^
tileops/kernels/elementwise.py:2691: in __init__
    self.init_config(config, tune)
tileops/kernels/elementwise.py:2702: in init_config
    self._compiled_fn = self.kernel(cfg["threads"], cfg["num_per_thread"])
                        ^^^^^^^^^^^^^^^^^^^^^^^^^^^^^^^^^^^^^^^^^^^^^^^^^^
../../_tool/tileops_op_test_venv_db4a9af2f48857c5/lib/python3.11/site-packages/tilelang/jit/__init__.py:440: in __call__
    kernel = self.compile(*args, **kwargs)
             ^^^^^^^^^^^^^^^^^^^^^^^^^^^^^
../../_tool/tileops_op_test_venv_db4a9af2f48857c5/lib/python3.11/site-packages/tilelang/jit/__init__.py:374: in compile
    prim_func = self.get_tir(*args, **kwargs)
                ^^^^^^^^^^^^^^^^^^^^^^^^^^^^^
../../_tool/tileops_op_test_venv_db4a9af2f48857c5/lib/python3.11/site-packages/tilelang/jit/__init__.py:298: in get_tir
    tir = self.func(*args, **kwargs)
          ^^^^^^^^^^^^^^^^^^^^^^^^^^
../../_tool/tileops_op_test_venv_db4a9af2f48857c5/lib/python3.11/site-packages/tilelang/language/eager/builder.py:1142: in __call__
    return self.get_tir(*args, **kwargs)
           ^^^^^^^^^^^^^^^^^^^^^^^^^^^^^
../../_tool/tileops_op_test_venv_db4a9af2f48857c5/lib/python3.11/site-packages/tilelang/language/eager/builder.py:1138: in get_tir
    self.p1_cache[p1_key] = self._build_tir_template(**kwargs)
                            ^^^^^^^^^^^^^^^^^^^^^^^^^^^^^^^^^^
../../_tool/tileops_op_test_venv_db4a9af2f48857c5/lib/python3.11/site-packages/tilelang/language/eager/builder.py:1106: in _build_tir_template
    return TirTemplate.from_lazy_style(self.orig_func.__name__, self.orig_func(*args, **kwargs))
                                                                ^^^^^^^^^^^^^^^^^^^^^^^^^^^^^^^
tileops/kernels/elementwise.py:2591: in kernel
    @T.prim_func
     ^^^^^^^^^^^
../../_tool/tileops_op_test_venv_db4a9af2f48857c5/lib/python3.11/site-packages/tilelang/language/eager/builder.py:1224: in prim_func
    return impl(func) if func is not None else impl
           ^^^^^^^^^^
../../_tool/tileops_op_test_venv_db4a9af2f48857c5/lib/python3.11/site-packages/tilelang/language/eager/builder.py:1222: in impl
    raise e
../../_tool/tileops_op_test_venv_db4a9af2f48857c5/lib/python3.11/site-packages/tilelang/language/eager/builder.py:1214: in impl
    ir_gen.gen(builder)(**annot)
tileops/kernels/elementwise.py:2600: in main
    pos_r = T.cast(posinf_val, out_dtype)
    ^^^^^^^^^^^^^^^^^^^^^^^^^^^^^
../../_tool/tileops_op_test_venv_db4a9af2f48857c5/lib/python3.11/site-packages/tilelang/3rdparty/tvm/python/tvm/tir/generic.py:144: in cast
    return _ffi_api._cast(dtype, src, span)  # type: ignore
           ^^^^^^^^^^^^^^^^^^^^^^^^^^^^^^^^
python/tvm_ffi/cython/function.pxi:929: in tvm_ffi.core.Function.__call__
    ???
<unknown>:0: in tvm::cast(tvm::runtime::DataType const&, tvm::PrimExpr, tvm::Span)
    ???
<unknown>:0: in tvm::PrimExpr tvm::tir::make_const<double, void>(tvm::runtime::DataType, double, tvm::Span)
    ???
<unknown>:0: in tvm::PrimExpr tvm::tir::MakeConstScalar<double>(tvm::runtime::DataType, double, tvm::Span)
    ???
<unknown>:0: in tvm::FloatImm::FloatImm(tvm::runtime::DataType, double, tvm::Span)
    ???
<unknown>:0: in tvm::runtime::detail::LogFatal::Entry::Finalize()
    ???
E   tvm.error.InternalError: Check failed: value <= bound (10000 vs. 448) : ValueError: Literal value 10000 exceeds maximum of float8_e4m3fn
----------------------------- Captured stdout call -----------------------------
NanToNumKernel initialized with config: {'threads': 256, 'num_per_thread': 16}
2026-03-18 20:40:20  [TileLang:tilelang.language.eager.builder:CRITICAL]: Failed to build prim_func from main
args={'x': x, 'y': y}
source=def make_closure(N, block_size, nan_val, neginf_val, npt_arg, out_dtype, posinf_val, threads_arg):

    def main(__tb):
        __tb_fl = 'elementwise.py'
        __tb_fn = 'main'
        range = __tb.override('range')
        __tb.set_fileline(__tb_fl, 2592, __tb_fn)

        def main(x, y, **__kwargs):
            __tb.set_fileline(__tb_fl, 2592, __tb_fn)
            x = __tb.arg('x', x)
            __tb.set_fileline(__tb_fl, 2592, __tb_fn)
            y = __tb.arg('y', y)
            __tb.set_fileline(__tb_fl, 1, __tb_fn)
            if __tb.skip_kernel_ctx():
                __tb.set_fileline(__tb_fl, 1, __tb_fn)
                return
            __tb.set_fileline(__tb_fl, 2593, __tb_fn)
            with __tb.ctx_with(__tb.rval('T', T).Kernel(__tb.rval('T', T).ceildiv(__tb.rval('N', N), __tb.rval('block_size', block_size)), threads=__tb.rval('threads_arg', threads_arg))) as bx:
                __tb.set_fileline(__tb_fl, 2594, __tb_fn)
                for __1 in __tb.ctx_for(__tb.rval('T', T).Parallel(__tb.rval('threads_arg', threads_arg), __tb.rval('npt_arg', npt_arg))):
                    __2, __3 = __tb.unwrap_value(__1)
                    __tb.set_fileline(__tb_fl, 2594, __tb_fn)
                    __2, __3 = (__tb.bind('_', __2), __tb.bind('_', __3))
                    __tb.set_fileline(__tb_fl, 2594, __tb_fn)
                    i, j = (__tb.bind('i', __2), __tb.bind('j', __3))
                    __tb.set_fileline(__tb_fl, 2595, __tb_fn)
                    idx = __tb.bind('idx', (__tb.rval('bx', bx) * __tb.rval('threads_arg', threads_arg) + __tb.rval('i', i)) * __tb.rval('npt_arg', npt_arg) + __tb.rval('j', j))
                    __tb.set_fileline(__tb_fl, 2596, __tb_fn)
                    for __0 in __tb.ctx_if(__tb.rval('idx', idx) < __tb.rval('N', N)):
                        __tb.set_fileline(__tb_fl, 2596, __tb_fn)
                        for _ in __tb.ctx_then(__0):
                            __tb.set_fileline(__tb_fl, 2597, __tb_fn)
                            val = __tb.bind('val', __tb.rval('x', x)[__tb.rval('idx', idx)])
                            __tb.set_fileline(__tb_fl, 2598, __tb_fn)
                            v32 = __tb.bind('v32', __tb.rval('T', T).cast(__tb.rval('val', val), 'float32'))
                            __tb.set_fileline(__tb_fl, 2599, __tb_fn)
                            nan_r = __tb.bind('nan_r', __tb.rval('T', T).cast(__tb.rval('nan_val', nan_val), __tb.rval('out_dtype', out_dtype)))
                            __tb.set_fileline(__tb_fl, 2600, __tb_fn)
                            pos_r = __tb.bind('pos_r', __tb.rval('T', T).cast(__tb.rval('posinf_val', posinf_val), __tb.rval('out_dtype', out_dtype)))
                            __tb.set_fileline(__tb_fl, 2601, __tb_fn)
                            neg_r = __tb.bind('neg_r', __tb.rval('T', T).cast(__tb.rval('neginf_val', neginf_val), __tb.rval('out_dtype', out_dtype)))
                            __tb.set_fileline(__tb_fl, 2602, __tb_fn)
                            pass_through = __tb.bind('pass_through', __tb.rval('T', T).Cast(__tb.rval('out_dtype', out_dtype), __tb.rval('v32', v32)))
                            __tb.set_fileline(__tb_fl, 2603, __tb_fn)
                            result = __tb.bind('result', __tb.rval('T', T).if_then_else(__tb.rval('T', T).isnan(__tb.rval('v32', v32)), __tb.rval('nan_r', nan_r), __tb.rval('T', T).if_then_else(__tb.rval('T', T).isinf(__tb.rval('v32', v32)), __tb.rval('T', T).if_then_else(__tb.rval('v32', v32) > __tb.rval('T', T).cast(0, 'float32'), __tb.rval('pos_r', pos_r), __tb.rval('neg_r', neg_r)), __tb.rval('pass_through', pass_through))))
                            __tb.set_fileline(__tb_fl, 2612, __tb_fn)
                            __tb.assign_slice(__tb.rval('y', y), __tb.rval('idx', idx), __tb.rval('result', result))
        return main
    return main
__________________ test_masked_fill_e5m2_overflow_fill_value ___________________
tests/test_elementwise_independent_fp8.py:268: in test_masked_fill_e5m2_overflow_fill_value
    op = MaskedFillOp(N_total=n, dtype=dtype, fill_value=fill_value)
         ^^^^^^^^^^^^^^^^^^^^^^^^^^^^^^^^^^^^^^^^^^^^^^^^^^^^^^^^^^^
tileops/ops/elementwise.py:1551: in __init__
    self.kernel = MaskedFillKernel(N_total, dtype, fill_value)
                  ^^^^^^^^^^^^^^^^^^^^^^^^^^^^^^^^^^^^^^^^^^^^
tileops/kernels/elementwise.py:2557: in __init__
    self.init_config(config, tune)
tileops/kernels/elementwise.py:2568: in init_config
    self._compiled_fn = self.kernel(cfg["threads"], cfg["num_per_thread"])
                        ^^^^^^^^^^^^^^^^^^^^^^^^^^^^^^^^^^^^^^^^^^^^^^^^^^
../../_tool/tileops_op_test_venv_db4a9af2f48857c5/lib/python3.11/site-packages/tilelang/jit/__init__.py:440: in __call__
    kernel = self.compile(*args, **kwargs)
             ^^^^^^^^^^^^^^^^^^^^^^^^^^^^^
../../_tool/tileops_op_test_venv_db4a9af2f48857c5/lib/python3.11/site-packages/tilelang/jit/__init__.py:374: in compile
    prim_func = self.get_tir(*args, **kwargs)
                ^^^^^^^^^^^^^^^^^^^^^^^^^^^^^
../../_tool/tileops_op_test_venv_db4a9af2f48857c5/lib/python3.11/site-packages/tilelang/jit/__init__.py:298: in get_tir
    tir = self.func(*args, **kwargs)
          ^^^^^^^^^^^^^^^^^^^^^^^^^^
../../_tool/tileops_op_test_venv_db4a9af2f48857c5/lib/python3.11/site-packages/tilelang/language/eager/builder.py:1142: in __call__
    return self.get_tir(*args, **kwargs)
           ^^^^^^^^^^^^^^^^^^^^^^^^^^^^^
../../_tool/tileops_op_test_venv_db4a9af2f48857c5/lib/python3.11/site-packages/tilelang/language/eager/builder.py:1138: in get_tir
    self.p1_cache[p1_key] = self._build_tir_template(**kwargs)
                            ^^^^^^^^^^^^^^^^^^^^^^^^^^^^^^^^^^
../../_tool/tileops_op_test_venv_db4a9af2f48857c5/lib/python3.11/site-packages/tilelang/language/eager/builder.py:1106: in _build_tir_template
    return TirTemplate.from_lazy_style(self.orig_func.__name__, self.orig_func(*args, **kwargs))
                                                                ^^^^^^^^^^^^^^^^^^^^^^^^^^^^^^^
tileops/kernels/elementwise.py:2479: in kernel
    @T.prim_func
     ^^^^^^^^^^^
../../_tool/tileops_op_test_venv_db4a9af2f48857c5/lib/python3.11/site-packages/tilelang/language/eager/builder.py:1224: in prim_func
    return impl(func) if func is not None else impl
           ^^^^^^^^^^
../../_tool/tileops_op_test_venv_db4a9af2f48857c5/lib/python3.11/site-packages/tilelang/language/eager/builder.py:1222: in impl
    raise e
../../_tool/tileops_op_test_venv_db4a9af2f48857c5/lib/python3.11/site-packages/tilelang/language/eager/builder.py:1214: in impl
    ir_gen.gen(builder)(**annot)
tileops/kernels/elementwise.py:2489: in main
    fv = T.cast(fill_value, out_dtype)
    ^^^^^^^^^^^^^^^^^^^^^^^^^^^^^
../../_tool/tileops_op_test_venv_db4a9af2f48857c5/lib/python3.11/site-packages/tilelang/3rdparty/tvm/python/tvm/tir/generic.py:144: in cast
    return _ffi_api._cast(dtype, src, span)  # type: ignore
           ^^^^^^^^^^^^^^^^^^^^^^^^^^^^^^^^
python/tvm_ffi/cython/function.pxi:929: in tvm_ffi.core.Function.__call__
    ???
<unknown>:0: in tvm::cast(tvm::runtime::DataType const&, tvm::PrimExpr, tvm::Span)
    ???
<unknown>:0: in tvm::PrimExpr tvm::tir::make_const<double, void>(tvm::runtime::DataType, double, tvm::Span)
    ???
<unknown>:0: in tvm::PrimExpr tvm::tir::MakeConstScalar<double>(tvm::runtime::DataType, double, tvm::Span)
    ???
<unknown>:0: in tvm::FloatImm::FloatImm(tvm::runtime::DataType, double, tvm::Span)
    ???
<unknown>:0: in tvm::runtime::detail::LogFatal::Entry::Finalize()
    ???
E   tvm.error.InternalError: Check failed: value <= support::kMaxFloat16 (100000 vs. 65504) : ValueError: Literal value 100000 exceeds maximum of float16
----------------------------- Captured stdout call -----------------------------
MaskedFillKernel initialized with config: {'threads': 512, 'num_per_thread': 16}
2026-03-18 20:41:10  [TileLang:tilelang.language.eager.builder:CRITICAL]: Failed to build prim_func from main
args={'x': x, 'mask': mask, 'out': out}
source=def make_closure(N, block_size, fill_value, npt_arg, out_dtype, threads_arg):

    def main(__tb):
        __tb_fl = 'elementwise.py'
        __tb_fn = 'main'
        range = __tb.override('range')
        __tb.set_fileline(__tb_fl, 2480, __tb_fn)

        def main(x, mask, out, **__kwargs):
            __tb.set_fileline(__tb_fl, 2481, __tb_fn)
            x = __tb.arg('x', x)
            __tb.set_fileline(__tb_fl, 2482, __tb_fn)
            mask = __tb.arg('mask', mask)
            __tb.set_fileline(__tb_fl, 2483, __tb_fn)
            out = __tb.arg('out', out)
            __tb.set_fileline(__tb_fl, 1, __tb_fn)
            if __tb.skip_kernel_ctx():
                __tb.set_fileline(__tb_fl, 1, __tb_fn)
                return
            __tb.set_fileline(__tb_fl, 2485, __tb_fn)
            with __tb.ctx_with(__tb.rval('T', T).Kernel(__tb.rval('T', T).ceildiv(__tb.rval('N', N), __tb.rval('block_size', block_size)), threads=__tb.rval('threads_arg', threads_arg))) as bx:
                __tb.set_fileline(__tb_fl, 2486, __tb_fn)
                for __1 in __tb.ctx_for(__tb.rval('T', T).Parallel(__tb.rval('threads_arg', threads_arg), __tb.rval('npt_arg', npt_arg))):
                    __2, __3 = __tb.unwrap_value(__1)
                    __tb.set_fileline(__tb_fl, 2486, __tb_fn)
                    __2, __3 = (__tb.bind('_', __2), __tb.bind('_', __3))
                    __tb.set_fileline(__tb_fl, 2486, __tb_fn)
                    i, j = (__tb.bind('i', __2), __tb.bind('j', __3))
                    __tb.set_fileline(__tb_fl, 2487, __tb_fn)
                    idx = __tb.bind('idx', (__tb.rval('bx', bx) * __tb.rval('threads_arg', threads_arg) + __tb.rval('i', i)) * __tb.rval('npt_arg', npt_arg) + __tb.rval('j', j))
                    __tb.set_fileline(__tb_fl, 2488, __tb_fn)
                    for __0 in __tb.ctx_if(__tb.rval('idx', idx) < __tb.rval('N', N)):
                        __tb.set_fileline(__tb_fl, 2488, __tb_fn)
                        for _ in __tb.ctx_then(__0):
                            __tb.set_fileline(__tb_fl, 2489, __tb_fn)
                            fv = __tb.bind('fv', __tb.rval('T', T).cast(__tb.rval('fill_value', fill_value), __tb.rval('out_dtype', out_dtype)))
                            __tb.set_fileline(__tb_fl, 2490, __tb_fn)
                            x_val = __tb.bind('x_val', __tb.rval('T', T).Cast(__tb.rval('out_dtype', out_dtype), __tb.rval('x', x)[__tb.rval('idx', idx)]))
                            __tb.set_fileline(__tb_fl, 2491, __tb_fn)
                            __tb.assign_slice(__tb.rval('out', out), __tb.rval('idx', idx), __tb.rval('T', T).if_then_else(__tb.rval('mask', mask)[__tb.rval('idx', idx)] != __tb.rval('T', T).cast(0, 'uint8'), __tb.rval('fv', fv), __tb.rval('x_val', x_val)))
        return main
    return main
=============================== warnings summary ===============================
tests/test_gemm_torch.py::test_pytorch_gemm[16384-8192-13824-dtype0-100]
  /home/ci-runner/workdir/_tool/tileops_op_test_venv_db4a9af2f48857c5/lib/python3.11/site-packages/_pytest/python.py:170: PytestReturnNotNoneWarning: Test functions should return None, but tests/test_gemm_torch.py::test_pytorch_gemm[16384-8192-13824-dtype0-100] returned <class 'tuple'>.
  Did you mean to use `assert` instead of `return`?
  See https://docs.pytest.org/en/stable/how-to/assert.html#return-not-none for more information.
    warnings.warn(

tests/test_gemm_torch.py::test_cublas_gemm[16384-8192-13824-dtype0-100]
  /home/ci-runner/workdir/_tool/tileops_op_test_venv_db4a9af2f48857c5/lib/python3.11/site-packages/_pytest/python.py:170: PytestReturnNotNoneWarning: Test functions should return None, but tests/test_gemm_torch.py::test_cublas_gemm[16384-8192-13824-dtype0-100] returned <class 'tuple'>.
  Did you mean to use `assert` instead of `return`?
  See https://docs.pytest.org/en/stable/how-to/assert.html#return-not-none for more information.
    warnings.warn(

tests/test_gemm_triton.py::test_benchmark_triton_gemm_fp16[4096-4864-8192-dtype0-100]
  /home/ci-runner/workdir/_tool/tileops_op_test_venv_db4a9af2f48857c5/lib/python3.11/site-packages/_pytest/python.py:170: PytestReturnNotNoneWarning: Test functions should return None, but tests/test_gemm_triton.py::test_benchmark_triton_gemm_fp16[4096-4864-8192-dtype0-100] returned <class 'list'>.
  Did you mean to use `assert` instead of `return`?
  See https://docs.pytest.org/en/stable/how-to/assert.html#return-not-none for more information.
    warnings.warn(

tests/test_gemm_triton.py::test_verify_triton_gemm_fp16[512-512-512-dtype0]
  /home/ci-runner/workdir/_tool/tileops_op_test_venv_db4a9af2f48857c5/lib/python3.11/site-packages/_pytest/python.py:170: PytestReturnNotNoneWarning: Test functions should return None, but tests/test_gemm_triton.py::test_verify_triton_gemm_fp16[512-512-512-dtype0] returned <class 'bool'>.
  Did you mean to use `assert` instead of `return`?
  See https://docs.pytest.org/en/stable/how-to/assert.html#return-not-none for more information.
    warnings.warn(

-- Docs: https://docs.pytest.org/en/stable/how-to/capture-warnings.html
- generated xml file: /home/ci-runner/workdir/TileOPs/TileOPs/test_results.xml -
=========================== short test summary info ============================
FAILED tests/test_elementwise_independent_fp8.py::test_kernel_accepts_fp8[nan_to_num-e4m3fn] - tvm.error.InternalError: Check failed: value <= bound (10000 vs. 448) : ValueError: Literal value 10000 exceeds maximum of float8_e4m3fn
FAILED tests/test_elementwise_independent_fp8.py::test_masked_fill_e5m2_overflow_fill_value - tvm.error.InternalError: Check failed: value <= support::kMaxFloat16 (100000 vs. 65504) : ValueError: Literal value 100000 exceeds maximum of float16
====== 2 failed, 1585 passed, 7 skipped, 4 warnings in 510.43s (0:08:30) =======
