<?xml version="1.0" encoding="utf-8"?><testsuites name="pytest tests"><testsuite name="pytest" errors="0" failures="2" skipped="7" tests="1594" time="510.420" timestamp="2026-03-18T20:33:35.523100+00:00" hostname="8e46d305e57f"><testcase classname="tests.ops.test_activation" name="test_relu_op[1000000-dtype0]" time="1.174" /><testcase classname="tests.ops.test_activation" name="test_relu_op[1000000-dtype1]" time="0.022" /><testcase classname="tests.ops.test_activation" name="test_relu_op[1000000-dtype2]" time="0.022" /><testcase classname="tests.ops.test_activation" name="test_relu_op[4000000-dtype3]" time="0.022" /><testcase classname="tests.ops.test_activation" name="test_relu_op[4000000-dtype4]" time="0.021" /><testcase classname="tests.ops.test_activation" name="test_relu_strategies[1000000-dtype0-direct]" time="0.021" /><testcase classname="tests.ops.test_activation" name="test_relu_strategies[1000000-dtype1-explicit_parallel]" time="0.017" /><testcase classname="tests.ops.test_activation" name="test_relu_strategies[1000000-dtype2-register_copy]" time="0.021" /><testcase classname="tests.ops.test_activation" name="test_gelu[1048576-dtype0]" time="0.028" /><testcase classname="tests.ops.test_activation" name="test_gelu[1048576-dtype1]" time="0.021" /><testcase classname="tests.ops.test_activation" name="test_gelu[1048576-dtype2]" time="0.021" /><testcase classname="tests.ops.test_activation" name="test_silu[1048576-dtype0]" time="0.028" /><testcase classname="tests.ops.test_activation" name="test_silu[1048576-dtype1]" time="0.021" /><testcase classname="tests.ops.test_activation" name="test_silu[1048576-dtype2]" time="0.021" /><testcase classname="tests.ops.test_activation" name="test_sigmoid[1048576-dtype0]" time="0.029" /><testcase classname="tests.ops.test_activation" name="test_sigmoid[1048576-dtype1]" time="0.021" /><testcase classname="tests.ops.test_activation" name="test_sigmoid[1048576-dtype2]" time="0.021" /><testcase classname="tests.ops.test_activation" name="test_tanh[1048576-dtype0]" time="0.023" /><testcase classname="tests.ops.test_activation" name="test_tanh[1048576-dtype1]" time="0.021" /><testcase classname="tests.ops.test_activation" name="test_tanh[1048576-dtype2]" time="0.021" /><testcase classname="tests.ops.test_activation" name="test_hardswish[1048576-dtype0]" time="0.024" /><testcase classname="tests.ops.test_activation" name="test_hardswish[1048576-dtype1]" time="0.021" /><testcase classname="tests.ops.test_activation" name="test_hardswish[1048576-dtype2]" time="0.021" /><testcase classname="tests.ops.test_activation" name="test_hardsigmoid[1048576-dtype0]" time="0.025" /><testcase classname="tests.ops.test_activation" name="test_hardsigmoid[1048576-dtype1]" time="0.021" /><testcase classname="tests.ops.test_activation" name="test_hardsigmoid[1048576-dtype2]" time="0.021" /><testcase classname="tests.ops.test_activation" name="test_mish[1048576-dtype0]" time="0.026" /><testcase classname="tests.ops.test_activation" name="test_mish[1048576-dtype1]" time="0.021" /><testcase classname="tests.ops.test_activation" name="test_mish[1048576-dtype2]" time="0.021" /><testcase classname="tests.ops.test_activation" name="test_selu[1048576-dtype0]" time="0.026" /><testcase classname="tests.ops.test_activation" name="test_selu[1048576-dtype1]" time="0.021" /><testcase classname="tests.ops.test_activation" name="test_selu[1048576-dtype2]" time="0.021" /><testcase classname="tests.ops.test_activation" name="test_activation_rejects_non_float_dtype" time="0.001" /><testcase classname="tests.ops.test_activation" name="test_sigmoid_edge[4096-dtype0]" time="0.027" /><testcase classname="tests.ops.test_activation" name="test_tanh_edge[4096-dtype0]" time="0.021" /><testcase classname="tests.ops.test_activation" name="test_leaky_relu[1048576-dtype0]" time="0.028" /><testcase classname="tests.ops.test_activation" name="test_leaky_relu[1048576-dtype1]" time="0.122" /><testcase classname="tests.ops.test_activation" name="test_leaky_relu[1048576-dtype2]" time="0.024" /><testcase classname="tests.ops.test_activation" name="test_elu[1048576-dtype0]" time="3.795" /><testcase classname="tests.ops.test_activation" name="test_elu[1048576-dtype1]" time="3.722" /><testcase classname="tests.ops.test_activation" name="test_elu[1048576-dtype2]" time="3.661" /><testcase classname="tests.ops.test_activation" name="test_hardtanh[1048576-dtype0]" time="3.643" /><testcase classname="tests.ops.test_activation" name="test_hardtanh[1048576-dtype1]" time="3.635" /><testcase classname="tests.ops.test_activation" name="test_hardtanh[1048576-dtype2]" time="3.624" /><testcase classname="tests.ops.test_activation" name="test_softplus[1048576-dtype0]" time="3.784" /><testcase classname="tests.ops.test_activation" name="test_softplus[1048576-dtype1]" time="3.716" /><testcase classname="tests.ops.test_activation" name="test_softplus[1048576-dtype2]" time="3.663" /><testcase classname="tests.ops.test_activation" name="test_prelu[1048576-dtype0]" time="0.032" /><testcase classname="tests.ops.test_activation" name="test_prelu[1048576-dtype1]" time="0.028" /><testcase classname="tests.ops.test_activation" name="test_prelu[1048576-dtype2]" time="0.027" /><testcase classname="tests.ops.test_activation" name="test_prelu_batch_dim" time="0.027" /><testcase classname="tests.ops.test_activation" name="test_independent_activation_rejects_non_float_dtype" time="0.001" /><testcase classname="tests.ops.test_ada_layer_norm" name="test_ada_layer_norm_op[1024-4096-dtype0]" time="0.204" /><testcase classname="tests.ops.test_ada_layer_norm" name="test_ada_layer_norm_op[4096-4096-dtype1]" time="0.190" /><testcase classname="tests.ops.test_ada_layer_norm" name="test_ada_layer_norm_op[1024-4096-dtype2]" time="0.187" /><testcase classname="tests.ops.test_ada_layer_norm" name="test_ada_layer_norm_op[4096-4096-dtype3]" time="0.188" /><testcase classname="tests.ops.test_ada_layer_norm" name="test_ada_layer_norm_op[1024-4096-dtype4]" time="0.188" /><testcase classname="tests.ops.test_ada_layer_norm" name="test_ada_layer_norm_op[4096-4096-dtype5]" time="0.190" /><testcase classname="tests.ops.test_ada_layer_norm" name="test_ada_layer_norm_op[1024-3000-dtype6]" time="0.192" /><testcase classname="tests.ops.test_ada_layer_norm" name="test_ada_layer_norm_op[1024-3000-dtype7]" time="0.323" /><testcase classname="tests.ops.test_ada_layer_norm" name="test_ada_layer_norm_op[1024-3000-dtype8]" time="0.194" /><testcase classname="tests.ops.test_ada_layer_norm" name="test_ada_layer_norm_op[1025-4096-dtype9]" time="0.188" /><testcase classname="tests.ops.test_ada_layer_norm" name="test_ada_layer_norm_op[1025-4096-dtype10]" time="0.194" /><testcase classname="tests.ops.test_ada_layer_norm" name="test_ada_layer_norm_3d[2-512-4096-dtype0]" time="0.193" /><testcase classname="tests.ops.test_ada_layer_norm" name="test_ada_layer_norm_3d[2-512-4096-dtype1]" time="0.197" /><testcase classname="tests.ops.test_ada_layer_norm" name="test_ada_layer_norm_3d[2-512-4096-dtype2]" time="0.193" /><testcase classname="tests.ops.test_ada_layer_norm_zero" name="test_ada_layer_norm_zero_op[1024-4096-dtype0]" time="0.189" /><testcase classname="tests.ops.test_ada_layer_norm_zero" name="test_ada_layer_norm_zero_op[4096-4096-dtype1]" time="0.190" /><testcase classname="tests.ops.test_ada_layer_norm_zero" name="test_ada_layer_norm_zero_op[1024-4096-dtype2]" time="0.317" /><testcase classname="tests.ops.test_ada_layer_norm_zero" name="test_ada_layer_norm_zero_op[4096-4096-dtype3]" time="0.192" /><testcase classname="tests.ops.test_ada_layer_norm_zero" name="test_ada_layer_norm_zero_op[1024-4096-dtype4]" time="0.193" /><testcase classname="tests.ops.test_ada_layer_norm_zero" name="test_ada_layer_norm_zero_op[4096-4096-dtype5]" time="0.190" /><testcase classname="tests.ops.test_ada_layer_norm_zero" name="test_ada_layer_norm_zero_op[1024-3000-dtype6]" time="0.191" /><testcase classname="tests.ops.test_ada_layer_norm_zero" name="test_ada_layer_norm_zero_op[1024-3000-dtype7]" time="0.192" /><testcase classname="tests.ops.test_ada_layer_norm_zero" name="test_ada_layer_norm_zero_op[1024-3000-dtype8]" time="0.194" /><testcase classname="tests.ops.test_ada_layer_norm_zero" name="test_ada_layer_norm_zero_op[1025-4096-dtype9]" time="0.190" /><testcase classname="tests.ops.test_ada_layer_norm_zero" name="test_ada_layer_norm_zero_op[1025-4096-dtype10]" time="0.191" /><testcase classname="tests.ops.test_ada_layer_norm_zero" name="test_ada_layer_norm_zero_3d[2-512-4096-dtype0]" time="0.311" /><testcase classname="tests.ops.test_ada_layer_norm_zero" name="test_ada_layer_norm_zero_3d[2-512-4096-dtype1]" time="0.194" /><testcase classname="tests.ops.test_ada_layer_norm_zero" name="test_ada_layer_norm_zero_3d[2-512-4096-dtype2]" time="0.195" /><testcase classname="tests.ops.test_argreduce" name="test_argmax_op[128-512-dtype0]" time="0.096" /><testcase classname="tests.ops.test_argreduce" name="test_argmax_op[128-512-dtype1]" time="0.084" /><testcase classname="tests.ops.test_argreduce" name="test_argmax_op[128-512-dtype2]" time="0.086" /><testcase classname="tests.ops.test_argreduce" name="test_argmax_op[256-4096-dtype3]" time="0.091" /><testcase classname="tests.ops.test_argreduce" name="test_argmax_op[256-4096-dtype4]" time="0.087" /><testcase classname="tests.ops.test_argreduce" name="test_argmax_op[128-300-dtype5]" time="0.083" /><testcase classname="tests.ops.test_argreduce" name="test_argmax_op[128-300-dtype6]" time="0.083" /><testcase classname="tests.ops.test_argreduce" name="test_argmax_op[129-512-dtype7]" time="0.085" /><testcase classname="tests.ops.test_argreduce" name="test_argmax_non_contiguous[128-512-dtype0]" time="0.083" /><testcase classname="tests.ops.test_argreduce" name="test_argmax_non_contiguous[128-512-dtype1]" time="0.083" /><testcase classname="tests.ops.test_argreduce" name="test_argmax_3d[2-64-512-dtype0]" time="0.083" /><testcase classname="tests.ops.test_argreduce" name="test_argmax_3d[2-64-512-dtype1]" time="0.083" /><testcase classname="tests.ops.test_argreduce" name="test_argmax_4d[2-4-8-512-dtype0]" time="0.083" /><testcase classname="tests.ops.test_argreduce" name="test_argmax_4d[2-4-8-512-dtype1]" time="0.085" /><testcase classname="tests.ops.test_argreduce" name="test_argmax_1d[512-dtype0]" time="0.084" /><testcase classname="tests.ops.test_argreduce" name="test_argmax_1d[512-dtype1]" time="0.084" /><testcase classname="tests.ops.test_argreduce" name="test_argmax_1d[512-dtype2]" time="0.084" /><testcase classname="tests.ops.test_argreduce" name="test_argmin_op[128-512-dtype0]" time="0.091" /><testcase classname="tests.ops.test_argreduce" name="test_argmin_op[128-512-dtype1]" time="0.087" /><testcase classname="tests.ops.test_argreduce" name="test_argmin_op[128-512-dtype2]" time="0.085" /><testcase classname="tests.ops.test_argreduce" name="test_argmin_op[256-4096-dtype3]" time="0.096" /><testcase classname="tests.ops.test_argreduce" name="test_argmin_op[256-4096-dtype4]" time="0.089" /><testcase classname="tests.ops.test_argreduce" name="test_argmin_op[128-300-dtype5]" time="0.198" /><testcase classname="tests.ops.test_argreduce" name="test_argmin_op[128-300-dtype6]" time="0.084" /><testcase classname="tests.ops.test_argreduce" name="test_argmin_op[129-512-dtype7]" time="0.084" /><testcase classname="tests.ops.test_argreduce" name="test_argmin_non_contiguous[128-512-dtype0]" time="0.083" /><testcase classname="tests.ops.test_argreduce" name="test_argmin_non_contiguous[128-512-dtype1]" time="0.083" /><testcase classname="tests.ops.test_argreduce" name="test_argmin_3d[2-64-512-dtype0]" time="0.083" /><testcase classname="tests.ops.test_argreduce" name="test_argmin_3d[2-64-512-dtype1]" time="0.083" /><testcase classname="tests.ops.test_argreduce" name="test_argmin_4d[2-4-8-512-dtype0]" time="0.083" /><testcase classname="tests.ops.test_argreduce" name="test_argmin_4d[2-4-8-512-dtype1]" time="0.084" /><testcase classname="tests.ops.test_argreduce" name="test_argmin_1d[512-dtype0]" time="0.084" /><testcase classname="tests.ops.test_argreduce" name="test_argmin_1d[512-dtype1]" time="0.084" /><testcase classname="tests.ops.test_argreduce" name="test_argmin_1d[512-dtype2]" time="0.085" /><testcase classname="tests.ops.test_batch_norm" name="test_batch_norm_fwd[32-64-spatial0-dtype0-True]" time="0.144" /><testcase classname="tests.ops.test_batch_norm" name="test_batch_norm_fwd[32-64-spatial1-dtype1-False]" time="0.063" /><testcase classname="tests.ops.test_batch_norm" name="test_batch_norm_fwd[32-256-spatial2-dtype2-True]" time="0.118" /><testcase classname="tests.ops.test_batch_norm" name="test_batch_norm_fwd[16-64-spatial3-dtype3-True]" time="0.142" /><testcase classname="tests.ops.test_batch_norm" name="test_batch_norm_fwd[4-64-spatial4-dtype4-True]" time="0.118" /><testcase classname="tests.ops.test_batch_norm" name="test_batch_norm_fwd[8-64-spatial5-dtype5-True]" time="0.148" /><testcase classname="tests.ops.test_batch_norm" name="test_batch_norm_fwd[8-64-spatial6-dtype6-False]" time="0.173" /><testcase classname="tests.ops.test_batch_norm" name="test_batch_norm_fwd[4-128-spatial7-dtype7-True]" time="0.119" /><testcase classname="tests.ops.test_batch_norm" name="test_batch_norm_fwd[8-64-spatial8-dtype8-True]" time="0.118" /><testcase classname="tests.ops.test_batch_norm" name="test_batch_norm_fwd[8-64-spatial9-dtype9-True]" time="0.117" /><testcase classname="tests.ops.test_batch_norm" name="test_batch_norm_bwd[32-64-spatial0-dtype0]" time="0.155" /><testcase classname="tests.ops.test_batch_norm" name="test_batch_norm_bwd[8-64-spatial1-dtype1]" time="0.125" /><testcase classname="tests.ops.test_batch_norm" name="test_batch_norm_bwd[4-128-spatial2-dtype2]" time="0.111" /><testcase classname="tests.ops.test_batch_norm" name="test_batch_norm_bwd[4-64-spatial3-dtype3]" time="0.111" /><testcase classname="tests.ops.test_batch_norm" name="test_batch_norm_bwd[8-64-spatial4-dtype4]" time="0.113" /><testcase classname="tests.ops.test_batch_norm" name="test_batch_norm_bwd[8-64-spatial5-dtype5]" time="0.218" /><testcase classname="tests.ops.test_binary_arith" name="test_coalesce_broadcast_dims[a_shape0-b_shape0-1]" time="0.001" /><testcase classname="tests.ops.test_binary_arith" name="test_coalesce_broadcast_dims[a_shape1-b_shape1-2]" time="0.001" /><testcase classname="tests.ops.test_binary_arith" name="test_coalesce_broadcast_dims[a_shape2-b_shape2-2]" time="0.001" /><testcase classname="tests.ops.test_binary_arith" name="test_coalesce_broadcast_dims[a_shape3-b_shape3-1]" time="0.001" /><testcase classname="tests.ops.test_binary_arith" name="test_coalesce_broadcast_dims[a_shape4-b_shape4-3]" time="0.001" /><testcase classname="tests.ops.test_binary_arith" name="test_coalesce_broadcast_dims[a_shape5-b_shape5-2]" time="0.001" /><testcase classname="tests.ops.test_binary_arith" name="test_coalesce_broadcast_dims[a_shape6-b_shape6-1]" time="0.001" /><testcase classname="tests.ops.test_binary_arith" name="test_coalesce_broadcast_dims[a_shape7-b_shape7-1]" time="0.001" /><testcase classname="tests.ops.test_binary_arith" name="test_add_same_shape[4096-dtype0]" time="0.026" /><testcase classname="tests.ops.test_binary_arith" name="test_add_same_shape[16384-dtype1]" time="0.025" /><testcase classname="tests.ops.test_binary_arith" name="test_add_same_shape[16384-dtype2]" time="0.025" /><testcase classname="tests.ops.test_binary_arith" name="test_add_same_shape[16384-dtype3]" time="0.025" /><testcase classname="tests.ops.test_binary_arith" name="test_add_broadcast[a_shape0-b_shape0-dtype0]" time="0.022" /><testcase classname="tests.ops.test_binary_arith" name="test_add_broadcast[a_shape1-b_shape1-dtype1]" time="0.022" /><testcase classname="tests.ops.test_binary_arith" name="test_add_broadcast[a_shape2-b_shape2-dtype2]" time="0.020" /><testcase classname="tests.ops.test_binary_arith" name="test_add_broadcast[a_shape3-b_shape3-dtype3]" time="0.021" /><testcase classname="tests.ops.test_binary_arith" name="test_binary_arith_broadcast[sub-SubOp-&lt;lambda&gt;-&lt;lambda&gt;-&lt;lambda&gt;-a_shape0-b_shape0]" time="0.022" /><testcase classname="tests.ops.test_binary_arith" name="test_binary_arith_broadcast[sub-SubOp-&lt;lambda&gt;-&lt;lambda&gt;-&lt;lambda&gt;-a_shape1-b_shape1]" time="0.021" /><testcase classname="tests.ops.test_binary_arith" name="test_binary_arith_broadcast[sub-SubOp-&lt;lambda&gt;-&lt;lambda&gt;-&lt;lambda&gt;-a_shape2-b_shape2]" time="0.021" /><testcase classname="tests.ops.test_binary_arith" name="test_binary_arith_broadcast[mul-MulOp-&lt;lambda&gt;-&lt;lambda&gt;-&lt;lambda&gt;-a_shape3-b_shape3]" time="0.022" /><testcase classname="tests.ops.test_binary_arith" name="test_binary_arith_broadcast[mul-MulOp-&lt;lambda&gt;-&lt;lambda&gt;-&lt;lambda&gt;-a_shape4-b_shape4]" time="0.021" /><testcase classname="tests.ops.test_binary_arith" name="test_binary_arith_broadcast[mul-MulOp-&lt;lambda&gt;-&lt;lambda&gt;-&lt;lambda&gt;-a_shape5-b_shape5]" time="0.021" /><testcase classname="tests.ops.test_binary_arith" name="test_binary_arith_broadcast[div-DivOp-&lt;lambda&gt;-&lt;lambda&gt;-&lt;lambda&gt;-a_shape6-b_shape6]" time="0.035" /><testcase classname="tests.ops.test_binary_arith" name="test_binary_arith_broadcast[div-DivOp-&lt;lambda&gt;-&lt;lambda&gt;-&lt;lambda&gt;-a_shape7-b_shape7]" time="0.022" /><testcase classname="tests.ops.test_binary_arith" name="test_binary_arith_broadcast[div-DivOp-&lt;lambda&gt;-&lt;lambda&gt;-&lt;lambda&gt;-a_shape8-b_shape8]" time="0.021" /><testcase classname="tests.ops.test_binary_arith" name="test_binary_arith_broadcast[remainder-RemainderOp-&lt;lambda&gt;-&lt;lambda&gt;-&lt;lambda&gt;-a_shape9-b_shape9]" time="0.023" /><testcase classname="tests.ops.test_binary_arith" name="test_binary_arith_broadcast[remainder-RemainderOp-&lt;lambda&gt;-&lt;lambda&gt;-&lt;lambda&gt;-a_shape10-b_shape10]" time="0.022" /><testcase classname="tests.ops.test_binary_arith" name="test_binary_arith_broadcast[remainder-RemainderOp-&lt;lambda&gt;-&lt;lambda&gt;-&lt;lambda&gt;-a_shape11-b_shape11]" time="0.024" /><testcase classname="tests.ops.test_binary_arith" name="test_binary_arith_broadcast[pow-PowOp-&lt;lambda&gt;-&lt;lambda&gt;-&lt;lambda&gt;-a_shape12-b_shape12]" time="0.056" /><testcase classname="tests.ops.test_binary_arith" name="test_binary_arith_broadcast[pow-PowOp-&lt;lambda&gt;-&lt;lambda&gt;-&lt;lambda&gt;-a_shape13-b_shape13]" time="0.022" /><testcase classname="tests.ops.test_binary_arith" name="test_binary_arith_broadcast[pow-PowOp-&lt;lambda&gt;-&lt;lambda&gt;-&lt;lambda&gt;-a_shape14-b_shape14]" time="0.021" /><testcase classname="tests.ops.test_binary_arith" name="test_binary_arith_broadcast[floor_divide-FloorDivideOp-&lt;lambda&gt;-&lt;lambda&gt;-&lt;lambda&gt;-a_shape15-b_shape15]" time="0.022" /><testcase classname="tests.ops.test_binary_arith" name="test_binary_arith_broadcast[floor_divide-FloorDivideOp-&lt;lambda&gt;-&lt;lambda&gt;-&lt;lambda&gt;-a_shape16-b_shape16]" time="0.021" /><testcase classname="tests.ops.test_binary_arith" name="test_binary_arith_broadcast[floor_divide-FloorDivideOp-&lt;lambda&gt;-&lt;lambda&gt;-&lt;lambda&gt;-a_shape17-b_shape17]" time="0.021" /><testcase classname="tests.ops.test_binary_arith" name="test_binary_arith_broadcast[lerp-LerpOp-&lt;lambda&gt;-&lt;lambda&gt;-&lt;lambda&gt;-a_shape18-b_shape18]" time="0.028" /><testcase classname="tests.ops.test_binary_arith" name="test_binary_arith_broadcast[lerp-LerpOp-&lt;lambda&gt;-&lt;lambda&gt;-&lt;lambda&gt;-a_shape19-b_shape19]" time="0.022" /><testcase classname="tests.ops.test_binary_arith" name="test_binary_arith_broadcast[lerp-LerpOp-&lt;lambda&gt;-&lt;lambda&gt;-&lt;lambda&gt;-a_shape20-b_shape20]" time="0.021" /><testcase classname="tests.ops.test_binary_arith" name="test_binary_arith_broadcast[maximum-MaximumOp-&lt;lambda&gt;-&lt;lambda&gt;-&lt;lambda&gt;-a_shape21-b_shape21]" time="0.041" /><testcase classname="tests.ops.test_binary_arith" name="test_binary_arith_broadcast[maximum-MaximumOp-&lt;lambda&gt;-&lt;lambda&gt;-&lt;lambda&gt;-a_shape22-b_shape22]" time="0.022" /><testcase classname="tests.ops.test_binary_arith" name="test_binary_arith_broadcast[maximum-MaximumOp-&lt;lambda&gt;-&lt;lambda&gt;-&lt;lambda&gt;-a_shape23-b_shape23]" time="0.021" /><testcase classname="tests.ops.test_binary_arith" name="test_binary_arith_broadcast[minimum-MinimumOp-&lt;lambda&gt;-&lt;lambda&gt;-&lt;lambda&gt;-a_shape24-b_shape24]" time="0.024" /><testcase classname="tests.ops.test_binary_arith" name="test_binary_arith_broadcast[minimum-MinimumOp-&lt;lambda&gt;-&lt;lambda&gt;-&lt;lambda&gt;-a_shape25-b_shape25]" time="0.022" /><testcase classname="tests.ops.test_binary_arith" name="test_binary_arith_broadcast[minimum-MinimumOp-&lt;lambda&gt;-&lt;lambda&gt;-&lt;lambda&gt;-a_shape26-b_shape26]" time="0.021" /><testcase classname="tests.ops.test_binary_arith" name="test_add_strategies[4096-dtype0-direct]" time="0.016" /><testcase classname="tests.ops.test_binary_arith" name="test_add_strategies[16384-dtype1-explicit_parallel]" time="0.018" /><testcase classname="tests.ops.test_binary_arith" name="test_sub_op[4096-dtype0]" time="0.025" /><testcase classname="tests.ops.test_binary_arith" name="test_sub_op[16384-dtype1]" time="0.025" /><testcase classname="tests.ops.test_binary_arith" name="test_sub_op[16384-dtype2]" time="0.025" /><testcase classname="tests.ops.test_binary_arith" name="test_mul_op[4096-dtype0]" time="0.025" /><testcase classname="tests.ops.test_binary_arith" name="test_mul_op[16384-dtype1]" time="0.025" /><testcase classname="tests.ops.test_binary_arith" name="test_mul_op[16384-dtype2]" time="0.025" /><testcase classname="tests.ops.test_binary_arith" name="test_div_op[4096-dtype0]" time="0.026" /><testcase classname="tests.ops.test_binary_arith" name="test_div_op[16384-dtype1]" time="0.025" /><testcase classname="tests.ops.test_binary_arith" name="test_div_op[16384-dtype2]" time="0.025" /><testcase classname="tests.ops.test_binary_arith" name="test_remainder_op[4096-dtype0]" time="0.026" /><testcase classname="tests.ops.test_binary_arith" name="test_remainder_op[16384-dtype1]" time="0.025" /><testcase classname="tests.ops.test_binary_arith" name="test_remainder_op[16384-dtype2]" time="0.025" /><testcase classname="tests.ops.test_binary_arith" name="test_pow_op[4096-dtype0]" time="0.026" /><testcase classname="tests.ops.test_binary_arith" name="test_pow_op[16384-dtype1]" time="0.026" /><testcase classname="tests.ops.test_binary_arith" name="test_pow_op[16384-dtype2]" time="0.025" /><testcase classname="tests.ops.test_binary_arith" name="test_floor_divide_op[4096-dtype0]" time="0.026" /><testcase classname="tests.ops.test_binary_arith" name="test_floor_divide_op[16384-dtype1]" time="0.025" /><testcase classname="tests.ops.test_binary_arith" name="test_floor_divide_op[16384-dtype2]" time="0.025" /><testcase classname="tests.ops.test_binary_arith" name="test_lerp_op[4096-dtype0]" time="0.127" /><testcase classname="tests.ops.test_binary_arith" name="test_lerp_op[16384-dtype1]" time="0.127" /><testcase classname="tests.ops.test_binary_arith" name="test_lerp_op[16384-dtype2]" time="0.127" /><testcase classname="tests.ops.test_binary_arith" name="test_maximum_op[4096-dtype0]" time="0.026" /><testcase classname="tests.ops.test_binary_arith" name="test_maximum_op[16384-dtype1]" time="0.026" /><testcase classname="tests.ops.test_binary_arith" name="test_maximum_op[16384-dtype2]" time="0.025" /><testcase classname="tests.ops.test_binary_arith" name="test_minimum_op[4096-dtype0]" time="0.025" /><testcase classname="tests.ops.test_binary_arith" name="test_minimum_op[16384-dtype1]" time="0.026" /><testcase classname="tests.ops.test_binary_arith" name="test_minimum_op[16384-dtype2]" time="0.025" /><testcase classname="tests.ops.test_binary_arith" name="test_maximum_nan_propagation[dtype0]" time="0.051" /><testcase classname="tests.ops.test_binary_arith" name="test_maximum_nan_propagation[dtype1]" time="0.026" /><testcase classname="tests.ops.test_binary_arith" name="test_minimum_nan_propagation[dtype0]" time="0.026" /><testcase classname="tests.ops.test_binary_arith" name="test_minimum_nan_propagation[dtype1]" time="0.026" /><testcase classname="tests.ops.test_binary_arith" name="test_maximum_signed_zero[dtype0]" time="0.043" /><testcase classname="tests.ops.test_binary_arith" name="test_maximum_signed_zero[dtype1]" time="0.026" /><testcase classname="tests.ops.test_binary_arith" name="test_maximum_signed_zero[dtype2]" time="0.025" /><testcase classname="tests.ops.test_binary_arith" name="test_minimum_signed_zero[dtype0]" time="0.027" /><testcase classname="tests.ops.test_binary_arith" name="test_minimum_signed_zero[dtype1]" time="0.026" /><testcase classname="tests.ops.test_binary_arith" name="test_minimum_signed_zero[dtype2]" time="0.025" /><testcase classname="tests.ops.test_binary_arith" name="test_maximum_signed_zero_with_nan[dtype0]" time="0.026" /><testcase classname="tests.ops.test_binary_arith" name="test_maximum_signed_zero_with_nan[dtype1]" time="0.026" /><testcase classname="tests.ops.test_binary_arith" name="test_maximum_signed_zero_with_nan[dtype2]" time="0.026" /><testcase classname="tests.ops.test_binary_arith" name="test_minimum_signed_zero_with_nan[dtype0]" time="0.026" /><testcase classname="tests.ops.test_binary_arith" name="test_minimum_signed_zero_with_nan[dtype1]" time="0.026" /><testcase classname="tests.ops.test_binary_arith" name="test_minimum_signed_zero_with_nan[dtype2]" time="0.026" /><testcase classname="tests.ops.test_binary_arith" name="test_binary_arith_edge_cases[DivOp-&lt;lambda&gt;-&lt;lambda&gt;]" time="0.025" /><testcase classname="tests.ops.test_binary_arith" name="test_binary_arith_edge_cases[RemainderOp-&lt;lambda&gt;-&lt;lambda&gt;]" time="0.049" /><testcase classname="tests.ops.test_binary_arith" name="test_binary_arith_edge_cases[FloorDivideOp-&lt;lambda&gt;-&lt;lambda&gt;]" time="0.025" /><testcase classname="tests.ops.test_binary_arith" name="test_binary_arith_edge_cases[PowOp-&lt;lambda&gt;-&lt;lambda&gt;]" time="0.025" /><testcase classname="tests.ops.test_binary_arith" name="test_binary_arith_edge_cases[MaximumOp-&lt;lambda&gt;-&lt;lambda&gt;]" time="0.025" /><testcase classname="tests.ops.test_binary_arith" name="test_float_only_binary_ops_reject_integer_dtype[DivOp-dtype0]" time="0.001" /><testcase classname="tests.ops.test_binary_arith" name="test_float_only_binary_ops_reject_integer_dtype[RemainderOp-dtype1]" time="0.001" /><testcase classname="tests.ops.test_binary_arith" name="test_float_only_binary_ops_reject_integer_dtype[PowOp-dtype2]" time="0.001" /><testcase classname="tests.ops.test_binary_arith" name="test_float_only_binary_ops_reject_integer_dtype[FloorDivideOp-dtype3]" time="0.001" /><testcase classname="tests.ops.test_binary_arith" name="test_float_only_binary_ops_reject_integer_dtype[LerpOp-dtype4]" time="0.001" /><testcase classname="tests.ops.test_binary_arith" name="test_float_only_binary_ops_reject_integer_dtype[MaximumOp-dtype5]" time="0.001" /><testcase classname="tests.ops.test_binary_arith" name="test_float_only_binary_ops_reject_integer_dtype[MinimumOp-dtype6]" time="0.001" /><testcase classname="tests.ops.test_binary_arith" name="test_binary_op_rejects_runtime_dtype_mismatch" time="0.025" /><testcase classname="tests.ops.test_binary_arith" name="test_binary_kernel_has_autotune_configs" time="0.119" /><testcase classname="tests.ops.test_binary_arith" name="test_binary_kernel_autotune_configs_distinct" time="0.024" /><testcase classname="tests.ops.test_binary_arith" name="test_maximum_optimized_large[4194304-dtype0]" time="0.025" /><testcase classname="tests.ops.test_binary_arith" name="test_maximum_optimized_large[10485760-dtype1]" time="0.025" /><testcase classname="tests.ops.test_binary_arith" name="test_maximum_optimized_large[4194304-dtype2]" time="0.025" /><testcase classname="tests.ops.test_binary_arith" name="test_minimum_optimized_large[4194304-dtype0]" time="0.027" /><testcase classname="tests.ops.test_binary_arith" name="test_minimum_optimized_large[10485760-dtype1]" time="0.026" /><testcase classname="tests.ops.test_binary_arith" name="test_minimum_optimized_large[4194304-dtype2]" time="0.026" /><testcase classname="tests.ops.test_binary_arith" name="test_register_copy_downgrades_on_broadcast" time="0.044" /><testcase classname="tests.ops.test_binary_arith" name="test_binary_tune_true_does_not_crash" time="0.077" /><testcase classname="tests.ops.test_bitwise" name="test_bitwise_and_op[4096]" time="0.032" /><testcase classname="tests.ops.test_bitwise" name="test_bitwise_and_op[16384]" time="0.025" /><testcase classname="tests.ops.test_bitwise" name="test_bitwise_or_op[4096]" time="0.025" /><testcase classname="tests.ops.test_bitwise" name="test_bitwise_or_op[16384]" time="0.025" /><testcase classname="tests.ops.test_bitwise" name="test_bitwise_xor_op[4096]" time="0.025" /><testcase classname="tests.ops.test_bitwise" name="test_bitwise_xor_op[16384]" time="0.025" /><testcase classname="tests.ops.test_bitwise" name="test_bitwise_broadcast[bitwise_and-BitwiseAndOp-bitwise_and-a_shape0-b_shape0]" time="0.022" /><testcase classname="tests.ops.test_bitwise" name="test_bitwise_broadcast[bitwise_and-BitwiseAndOp-bitwise_and-a_shape1-b_shape1]" time="0.021" /><testcase classname="tests.ops.test_bitwise" name="test_bitwise_broadcast[bitwise_and-BitwiseAndOp-bitwise_and-a_shape2-b_shape2]" time="0.021" /><testcase classname="tests.ops.test_bitwise" name="test_bitwise_broadcast[bitwise_or-BitwiseOrOp-bitwise_or-a_shape3-b_shape3]" time="0.021" /><testcase classname="tests.ops.test_bitwise" name="test_bitwise_broadcast[bitwise_or-BitwiseOrOp-bitwise_or-a_shape4-b_shape4]" time="0.021" /><testcase classname="tests.ops.test_bitwise" name="test_bitwise_broadcast[bitwise_or-BitwiseOrOp-bitwise_or-a_shape5-b_shape5]" time="0.021" /><testcase classname="tests.ops.test_bitwise" name="test_bitwise_broadcast[bitwise_xor-BitwiseXorOp-bitwise_xor-a_shape6-b_shape6]" time="0.021" /><testcase classname="tests.ops.test_bitwise" name="test_bitwise_broadcast[bitwise_xor-BitwiseXorOp-bitwise_xor-a_shape7-b_shape7]" time="0.021" /><testcase classname="tests.ops.test_bitwise" name="test_bitwise_broadcast[bitwise_xor-BitwiseXorOp-bitwise_xor-a_shape8-b_shape8]" time="0.021" /><testcase classname="tests.ops.test_bitwise" name="test_bitwise_not[1048576-dtype0]" time="0.015" /><testcase classname="tests.ops.test_bitwise" name="test_bitwise_not[1048576-dtype1]" time="0.014" /><testcase classname="tests.ops.test_bitwise" name="test_bitwise_not[1048576-dtype2]" time="0.014" /><testcase classname="tests.ops.test_bitwise" name="test_bitwise_not[1048576-dtype3]" time="0.014" /><testcase classname="tests.ops.test_bitwise" name="test_bitwise_not[1048576-dtype4]" time="0.014" /><testcase classname="tests.ops.test_bitwise" name="test_bitwise_not[1048576-dtype5]" time="0.014" /><testcase classname="tests.ops.test_bitwise" name="test_bitwise_not_rejects_float_dtype[dtype0]" time="0.001" /><testcase classname="tests.ops.test_bitwise" name="test_bitwise_not_rejects_float_dtype[dtype1]" time="0.001" /><testcase classname="tests.ops.test_bitwise" name="test_bitwise_not_rejects_float_dtype[dtype2]" time="0.001" /><testcase classname="tests.ops.test_bitwise" name="test_bitwise_binary_rejects_float_dtype[BitwiseAndOp-dtype0]" time="0.001" /><testcase classname="tests.ops.test_bitwise" name="test_bitwise_binary_rejects_float_dtype[BitwiseOrOp-dtype1]" time="0.001" /><testcase classname="tests.ops.test_bitwise" name="test_bitwise_binary_rejects_float_dtype[BitwiseXorOp-dtype2]" time="0.001" /><testcase classname="tests.ops.test_bitwise" name="test_bitwise_binary_rejects_float_dtype[BitwiseAndOp-dtype3]" time="0.001" /><testcase classname="tests.ops.test_bitwise" name="test_bitwise_binary_rejects_float_dtype[BitwiseAndOp-dtype4]" time="0.001" /><testcase classname="tests.ops.test_comparison" name="test_eq_op[4096-dtype0]" time="0.025" /><testcase classname="tests.ops.test_comparison" name="test_eq_op[16384-dtype1]" time="0.027" /><testcase classname="tests.ops.test_comparison" name="test_eq_op[16384-dtype2]" time="0.025" /><testcase classname="tests.ops.test_comparison" name="test_ne_op[4096-dtype0]" time="0.025" /><testcase classname="tests.ops.test_comparison" name="test_ne_op[16384-dtype1]" time="0.025" /><testcase classname="tests.ops.test_comparison" name="test_ne_op[16384-dtype2]" time="0.025" /><testcase classname="tests.ops.test_comparison" name="test_gt_op[4096-dtype0]" time="0.025" /><testcase classname="tests.ops.test_comparison" name="test_gt_op[16384-dtype1]" time="0.025" /><testcase classname="tests.ops.test_comparison" name="test_gt_op[16384-dtype2]" time="0.025" /><testcase classname="tests.ops.test_comparison" name="test_lt_op[4096-dtype0]" time="0.025" /><testcase classname="tests.ops.test_comparison" name="test_lt_op[16384-dtype1]" time="0.025" /><testcase classname="tests.ops.test_comparison" name="test_lt_op[16384-dtype2]" time="0.025" /><testcase classname="tests.ops.test_comparison" name="test_ge_op[4096-dtype0]" time="0.025" /><testcase classname="tests.ops.test_comparison" name="test_ge_op[16384-dtype1]" time="0.025" /><testcase classname="tests.ops.test_comparison" name="test_ge_op[16384-dtype2]" time="0.025" /><testcase classname="tests.ops.test_comparison" name="test_le_op[4096-dtype0]" time="0.025" /><testcase classname="tests.ops.test_comparison" name="test_le_op[16384-dtype1]" time="0.025" /><testcase classname="tests.ops.test_comparison" name="test_le_op[16384-dtype2]" time="0.025" /><testcase classname="tests.ops.test_comparison" name="test_comparison_broadcast[eq-EqOp-eq-a_shape0-b_shape0]" time="0.022" /><testcase classname="tests.ops.test_comparison" name="test_comparison_broadcast[eq-EqOp-eq-a_shape1-b_shape1]" time="0.021" /><testcase classname="tests.ops.test_comparison" name="test_comparison_broadcast[eq-EqOp-eq-a_shape2-b_shape2]" time="0.020" /><testcase classname="tests.ops.test_comparison" name="test_comparison_broadcast[ne-NeOp-ne-a_shape3-b_shape3]" time="0.021" /><testcase classname="tests.ops.test_comparison" name="test_comparison_broadcast[ne-NeOp-ne-a_shape4-b_shape4]" time="0.021" /><testcase classname="tests.ops.test_comparison" name="test_comparison_broadcast[ne-NeOp-ne-a_shape5-b_shape5]" time="0.020" /><testcase classname="tests.ops.test_comparison" name="test_comparison_broadcast[gt-GtOp-gt-a_shape6-b_shape6]" time="0.022" /><testcase classname="tests.ops.test_comparison" name="test_comparison_broadcast[gt-GtOp-gt-a_shape7-b_shape7]" time="0.021" /><testcase classname="tests.ops.test_comparison" name="test_comparison_broadcast[gt-GtOp-gt-a_shape8-b_shape8]" time="0.020" /><testcase classname="tests.ops.test_comparison" name="test_comparison_broadcast[lt-LtOp-lt-a_shape9-b_shape9]" time="0.021" /><testcase classname="tests.ops.test_comparison" name="test_comparison_broadcast[lt-LtOp-lt-a_shape10-b_shape10]" time="0.021" /><testcase classname="tests.ops.test_comparison" name="test_comparison_broadcast[lt-LtOp-lt-a_shape11-b_shape11]" time="0.025" /><testcase classname="tests.ops.test_comparison" name="test_comparison_broadcast[ge-GeOp-ge-a_shape12-b_shape12]" time="0.021" /><testcase classname="tests.ops.test_comparison" name="test_comparison_broadcast[ge-GeOp-ge-a_shape13-b_shape13]" time="0.021" /><testcase classname="tests.ops.test_comparison" name="test_comparison_broadcast[ge-GeOp-ge-a_shape14-b_shape14]" time="0.020" /><testcase classname="tests.ops.test_comparison" name="test_comparison_broadcast[le-LeOp-le-a_shape15-b_shape15]" time="0.021" /><testcase classname="tests.ops.test_comparison" name="test_comparison_broadcast[le-LeOp-le-a_shape16-b_shape16]" time="0.021" /><testcase classname="tests.ops.test_comparison" name="test_comparison_broadcast[le-LeOp-le-a_shape17-b_shape17]" time="0.020" /><testcase classname="tests.ops.test_comparison" name="test_eq_edge_case[4096-dtype0]" time="0.025" /><testcase classname="tests.ops.test_comparison" name="test_comparison_rejects_integer_dtype[EqOp-dtype0]" time="0.001" /><testcase classname="tests.ops.test_comparison" name="test_comparison_rejects_integer_dtype[NeOp-dtype1]" time="0.001" /><testcase classname="tests.ops.test_comparison" name="test_comparison_rejects_integer_dtype[GtOp-dtype2]" time="0.001" /><testcase classname="tests.ops.test_comparison" name="test_comparison_rejects_integer_dtype[LtOp-dtype3]" time="0.001" /><testcase classname="tests.ops.test_comparison" name="test_comparison_rejects_integer_dtype[GeOp-dtype4]" time="0.001" /><testcase classname="tests.ops.test_comparison" name="test_comparison_rejects_integer_dtype[LeOp-dtype5]" time="0.001" /><testcase classname="tests.ops.test_comparison" name="test_comparison_rejects_integer_dtype[EqOp-dtype6]" time="0.001" /><testcase classname="tests.ops.test_cumulative" name="test_cumsum_op[128-512-dtype0]" time="0.064" /><testcase classname="tests.ops.test_cumulative" name="test_cumsum_op[128-512-dtype1]" time="0.059" /><testcase classname="tests.ops.test_cumulative" name="test_cumsum_op[128-512-dtype2]" time="0.059" /><testcase classname="tests.ops.test_cumulative" name="test_cumsum_op[256-4096-dtype3]" time="0.059" /><testcase classname="tests.ops.test_cumulative" name="test_cumsum_op[256-4096-dtype4]" time="0.059" /><testcase classname="tests.ops.test_cumulative" name="test_cumsum_op[128-300-dtype5]" time="0.058" /><testcase classname="tests.ops.test_cumulative" name="test_cumsum_op[128-300-dtype6]" time="0.058" /><testcase classname="tests.ops.test_cumulative" name="test_cumsum_op[129-512-dtype7]" time="0.059" /><testcase classname="tests.ops.test_cumulative" name="test_cumsum_non_contiguous[128-512-dtype0]" time="0.060" /><testcase classname="tests.ops.test_cumulative" name="test_cumsum_non_contiguous[128-512-dtype1]" time="0.058" /><testcase classname="tests.ops.test_cumulative" name="test_cumsum_3d[2-64-512-dtype0]" time="0.059" /><testcase classname="tests.ops.test_cumulative" name="test_cumsum_3d[2-64-512-dtype1]" time="0.058" /><testcase classname="tests.ops.test_cumulative" name="test_cumsum_4d[2-4-8-512-dtype0]" time="0.059" /><testcase classname="tests.ops.test_cumulative" name="test_cumsum_4d[2-4-8-512-dtype1]" time="0.059" /><testcase classname="tests.ops.test_cumulative" name="test_cumsum_1d[512-dtype0]" time="0.059" /><testcase classname="tests.ops.test_cumulative" name="test_cumsum_1d[512-dtype1]" time="0.059" /><testcase classname="tests.ops.test_cumulative" name="test_cumsum_1d[512-dtype2]" time="0.060" /><testcase classname="tests.ops.test_cumulative" name="test_cumprod_op[128-512-dtype0]" time="0.063" /><testcase classname="tests.ops.test_cumulative" name="test_cumprod_op[128-512-dtype1]" time="0.060" /><testcase classname="tests.ops.test_cumulative" name="test_cumprod_op[128-512-dtype2]" time="0.059" /><testcase classname="tests.ops.test_cumulative" name="test_cumprod_op[256-4096-dtype3]" time="0.059" /><testcase classname="tests.ops.test_cumulative" name="test_cumprod_op[256-4096-dtype4]" time="0.059" /><testcase classname="tests.ops.test_cumulative" name="test_cumprod_op[128-300-dtype5]" time="0.058" /><testcase classname="tests.ops.test_cumulative" name="test_cumprod_op[128-300-dtype6]" time="0.058" /><testcase classname="tests.ops.test_cumulative" name="test_cumprod_op[129-512-dtype7]" time="0.059" /><testcase classname="tests.ops.test_cumulative" name="test_cumprod_non_contiguous[128-512-dtype0]" time="0.058" /><testcase classname="tests.ops.test_cumulative" name="test_cumprod_non_contiguous[128-512-dtype1]" time="0.058" /><testcase classname="tests.ops.test_cumulative" name="test_cumprod_3d[2-64-512-dtype0]" time="0.058" /><testcase classname="tests.ops.test_cumulative" name="test_cumprod_3d[2-64-512-dtype1]" time="0.221" /><testcase classname="tests.ops.test_cumulative" name="test_cumprod_4d[2-4-8-512-dtype0]" time="0.059" /><testcase classname="tests.ops.test_cumulative" name="test_cumprod_4d[2-4-8-512-dtype1]" time="0.060" /><testcase classname="tests.ops.test_cumulative" name="test_cumprod_1d[512-dtype0]" time="0.059" /><testcase classname="tests.ops.test_cumulative" name="test_cumprod_1d[512-dtype1]" time="0.059" /><testcase classname="tests.ops.test_cumulative" name="test_cumprod_1d[512-dtype2]" time="0.059" /><testcase classname="tests.ops.test_deepseek_dsa_decode" name="test_sparse_mla_decode[1-128-1024-2048-512-64-2048-1-1-1024-None-dtype0-False]" time="0.735" /><testcase classname="tests.ops.test_deepseek_mla_decode" name="test_mla_decode[32-128-1-8192-512-64-dtype0-False]" time="1.147" /><testcase classname="tests.ops.test_deepseek_nsa_cmp_fwd" name="test_nsa_cmp_fwd_varlen_op[9-8192-32-128-128-16-0.08838834764831845-32-32-128-128-dtype0-accum_dtype0-False]" time="1.527" /><testcase classname="tests.ops.test_deepseek_nsa_fwd" name="test_nsa_varlen_op[1-16-1024-64-True-0.1-32-16-1-dtype0-accum_dtype0-False]" time="0.588" /><testcase classname="tests.ops.test_deepseek_nsa_fwd" name="test_nsa_varlen_op[4-16-8192-64-True-0.1-32-16-1-dtype1-accum_dtype1-False]" time="3.496" /><testcase classname="tests.ops.test_deepseek_nsa_fwd" name="test_nsa_varlen_op[2-16-8192-64-True-0.1-32-16-4-dtype2-accum_dtype2-False]" time="3.617" /><testcase classname="tests.ops.test_deepseek_nsa_topk" name="test_nsa_topk_varlen_op[5-1024-32-128-16-1-16-32-32-128-dtype0-accum_dtype0-False]" time="2.048" /><testcase classname="tests.ops.test_deepseek_nsa_topk" name="test_nsa_topk_varlen_op[3-512-32-128-16-1-16-32-32-128-dtype1-accum_dtype1-False]" time="1.316" /><testcase classname="tests.ops.test_dropout" name="test_dropout_statistical_rate[4000000-dtype0-0.5]" time="0.030" /><testcase classname="tests.ops.test_dropout" name="test_dropout_statistical_rate[4000000-dtype1-0.1]" time="0.028" /><testcase classname="tests.ops.test_dropout" name="test_dropout_statistical_rate[4000000-dtype2-0.3]" time="0.028" /><testcase classname="tests.ops.test_dropout" name="test_dropout_statistical_rate[4000000-dtype3-0.5]" time="0.028" /><testcase classname="tests.ops.test_dropout" name="test_dropout_statistical_rate[4000000-dtype4-0.5]" time="0.027" /><testcase classname="tests.ops.test_dropout" name="test_dropout_scale_factor[1000000-dtype0-0.5]" time="0.029" /><testcase classname="tests.ops.test_dropout" name="test_dropout_scale_factor[1000000-dtype1-0.1]" time="0.028" /><testcase classname="tests.ops.test_dropout" name="test_dropout_scale_factor[1000000-dtype2-0.3]" time="0.028" /><testcase classname="tests.ops.test_dropout" name="test_dropout_scale_factor[1000000-dtype3-0.5]" time="0.029" /><testcase classname="tests.ops.test_dropout" name="test_dropout_scale_factor[1000000-dtype4-0.5]" time="0.026" /><testcase classname="tests.ops.test_dropout" name="test_dropout_deterministic_replay[1000000-dtype0-0.5]" time="0.051" /><testcase classname="tests.ops.test_dropout" name="test_dropout_deterministic_replay[1000000-dtype1-0.3]" time="0.058" /><testcase classname="tests.ops.test_dropout" name="test_dropout_different_seeds[1000000-dtype0-0.5]" time="0.056" /><testcase classname="tests.ops.test_dropout" name="test_dropout_different_seeds[1000000-dtype1-0.3]" time="0.052" /><testcase classname="tests.ops.test_dropout" name="test_dropout_p0_identity[1000000-dtype0]" time="0.001" /><testcase classname="tests.ops.test_dropout" name="test_dropout_p0_identity[1000000-dtype1]" time="0.001" /><testcase classname="tests.ops.test_dropout" name="test_dropout_p1_all_zeros[1000000-dtype0]" time="0.001" /><testcase classname="tests.ops.test_dropout" name="test_dropout_p1_all_zeros[1000000-dtype1]" time="0.001" /><testcase classname="tests.ops.test_dropout" name="test_dropout_training_false[1000000-dtype0]" time="0.001" /><testcase classname="tests.ops.test_dropout" name="test_dropout_training_false[1000000-dtype1]" time="0.001" /><testcase classname="tests.ops.test_dropout" name="test_dropout_preserves_shape[1000000-dtype0]" time="0.041" /><testcase classname="tests.ops.test_dropout" name="test_dropout_preserves_shape[1000000-dtype1]" time="0.023" /><testcase classname="tests.ops.test_dropout" name="test_dropout_custom_config_p0_identity[8192-dtype0-128-4]" time="0.025" /><testcase classname="tests.ops.test_dropout" name="test_dropout_custom_config_p0_identity[8192-dtype1-128-1]" time="0.027" /><testcase classname="tests.ops.test_dropout" name="test_dropout_custom_config_p0_identity[65536-dtype2-64-16]" time="0.028" /><testcase classname="tests.ops.test_dropout" name="test_dropout_custom_config_correctness[8192-dtype0-128-4]" time="0.027" /><testcase classname="tests.ops.test_dropout" name="test_dropout_custom_config_correctness[8192-dtype1-128-1]" time="0.025" /><testcase classname="tests.ops.test_dropout" name="test_dropout_custom_config_correctness[65536-dtype2-64-16]" time="0.028" /><testcase classname="tests.ops.test_engram_bwd" name="test_engram_gate_conv_bwd[1-32-256-dtype0-False]" time="0.441" /><testcase classname="tests.ops.test_engram_bwd" name="test_engram_gate_conv_bwd[2-64-512-dtype1-False]" time="0.428" /><testcase classname="tests.ops.test_engram_bwd" name="test_engram_gate_conv_bwd[1-128-256-dtype2-False]" time="0.516" /><testcase classname="tests.ops.test_engram_bwd" name="test_engram_gate_conv_bwd[2-16-256-dtype3-False]" time="0.426" /><testcase classname="tests.ops.test_engram_decode" name="test_engram_decode[1-512-256-12-4-3-dtype0-False]" time="0.259" /><testcase classname="tests.ops.test_engram_decode" name="test_engram_decode[4-1024-512-20-4-5-dtype1-False]" time="0.270" /><testcase classname="tests.ops.test_engram_decode" name="test_engram_decode[1-256-256-9-4-3-dtype2-False]" time="0.359" /><testcase classname="tests.ops.test_engram_decode" name="test_engram_decode[8-512-256-18-4-3-dtype3-False]" time="0.258" /><testcase classname="tests.ops.test_engram_decode" name="test_engram_decode_multi_step" time="3.570" /><testcase classname="tests.ops.test_engram_fwd" name="test_engram_gate_conv_fwd[1-32-256-dtype0-False]" time="0.258" /><testcase classname="tests.ops.test_engram_fwd" name="test_engram_gate_conv_fwd[2-64-512-dtype1-False]" time="0.255" /><testcase classname="tests.ops.test_engram_fwd" name="test_engram_gate_conv_fwd[1-128-256-dtype2-False]" time="0.260" /><testcase classname="tests.ops.test_engram_fwd" name="test_engram_gate_conv_fwd[2-16-256-dtype3-False]" time="0.354" /><testcase classname="tests.ops.test_fft" name="test_fft_c2c[64-dtype0-False]" time="0.256" /><testcase classname="tests.ops.test_fft" name="test_fft_c2c[128-dtype1-False]" time="0.221" /><testcase classname="tests.ops.test_fft" name="test_fft_c2c[256-dtype2-False]" time="0.194" /><testcase classname="tests.ops.test_fft" name="test_fft_c2c[512-dtype3-False]" time="0.246" /><testcase classname="tests.ops.test_fft" name="test_fft_c2c[1024-dtype4-False]" time="0.206" /><testcase classname="tests.ops.test_fft" name="test_fft_c2c[64-dtype5-False]" time="0.220" /><testcase classname="tests.ops.test_fft" name="test_fft_c2c[128-dtype6-False]" time="0.239" /><testcase classname="tests.ops.test_fft_lut" name="test_fft_c2c_lut[64-dtype0-False]" time="1.102" /><testcase classname="tests.ops.test_fft_lut" name="test_fft_c2c_lut[128-dtype1-False]" time="1.014" /><testcase classname="tests.ops.test_fft_lut" name="test_fft_c2c_lut[256-dtype2-False]" time="1.016" /><testcase classname="tests.ops.test_fft_lut" name="test_fft_c2c_lut[512-dtype3-False]" time="1.082" /><testcase classname="tests.ops.test_fft_lut" name="test_fft_c2c_lut[1024-dtype4-False]" time="1.000" /><testcase classname="tests.ops.test_fft_lut" name="test_fft_c2c_lut[64-dtype5-False]" time="1.119" /><testcase classname="tests.ops.test_fft_lut" name="test_fft_c2c_lut[128-dtype6-False]" time="0.975" /><testcase classname="tests.ops.test_fp8_lighting_indexer" name="test_indexer[1-4096-32-64-8192-1-True-None-False]" time="0.173" /><testcase classname="tests.ops.test_fp8_quant" name="test_fp8_quant_op[1-8192-1-64-in_dtype0-False]" time="0.113" /><testcase classname="tests.ops.test_fp8_quant" name="test_fp8_quant_op[1-8192-1-64-in_dtype1-False]" time="0.082" /><testcase classname="tests.ops.test_fp8_quant" name="test_fp8_quant_op[1-4096-1-128-in_dtype2-False]" time="0.082" /><testcase classname="tests.ops.test_fp8_quant" name="test_fp8_quant_op[1-16384-1-32-in_dtype3-False]" time="0.082" /><testcase classname="tests.ops.test_fp8_quant" name="test_fp8_quant_op[1-1024-4-64-in_dtype4-False]" time="0.082" /><testcase classname="tests.ops.test_fused_add_layer_norm" name="test_fused_add_layer_norm_op[1024-4096-dtype0-False]" time="0.135" /><testcase classname="tests.ops.test_fused_add_layer_norm" name="test_fused_add_layer_norm_op[4096-4096-dtype1-False]" time="0.246" /><testcase classname="tests.ops.test_fused_add_layer_norm" name="test_fused_add_layer_norm_op[1024-4096-dtype2-False]" time="0.135" /><testcase classname="tests.ops.test_fused_add_layer_norm" name="test_fused_add_layer_norm_op[4096-4096-dtype3-False]" time="0.135" /><testcase classname="tests.ops.test_fused_add_layer_norm" name="test_fused_add_layer_norm_op[1024-4096-dtype4-False]" time="0.134" /><testcase classname="tests.ops.test_fused_add_layer_norm" name="test_fused_add_layer_norm_op[4096-4096-dtype5-False]" time="0.135" /><testcase classname="tests.ops.test_fused_add_layer_norm" name="test_fused_add_layer_norm_op[1024-3000-dtype6-False]" time="0.134" /><testcase classname="tests.ops.test_fused_add_layer_norm" name="test_fused_add_layer_norm_op[1024-3000-dtype7-False]" time="0.135" /><testcase classname="tests.ops.test_fused_add_layer_norm" name="test_fused_add_layer_norm_op[1024-3000-dtype8-False]" time="0.135" /><testcase classname="tests.ops.test_fused_add_layer_norm" name="test_fused_add_layer_norm_op[1025-4096-dtype9-False]" time="0.135" /><testcase classname="tests.ops.test_fused_add_layer_norm" name="test_fused_add_layer_norm_op[1025-4096-dtype10-False]" time="0.134" /><testcase classname="tests.ops.test_fused_add_layer_norm" name="test_fused_add_layer_norm_non_contiguous[1024-4096-dtype0]" time="0.133" /><testcase classname="tests.ops.test_fused_add_layer_norm" name="test_fused_add_layer_norm_non_contiguous[1024-4096-dtype1]" time="0.132" /><testcase classname="tests.ops.test_fused_add_layer_norm" name="test_fused_add_layer_norm_non_contiguous[1024-4096-dtype2]" time="0.133" /><testcase classname="tests.ops.test_fused_add_layer_norm" name="test_fused_add_layer_norm_3d[2-512-4096-dtype0]" time="0.132" /><testcase classname="tests.ops.test_fused_add_layer_norm" name="test_fused_add_layer_norm_3d[2-512-4096-dtype1]" time="0.133" /><testcase classname="tests.ops.test_fused_add_layer_norm" name="test_fused_add_layer_norm_3d[2-512-4096-dtype2]" time="0.135" /><testcase classname="tests.ops.test_fused_add_rmsnorm" name="test_fused_add_rmsnorm_op[1024-4096-dtype0-False]" time="0.098" /><testcase classname="tests.ops.test_fused_add_rmsnorm" name="test_fused_add_rmsnorm_op[4096-4096-dtype1-False]" time="0.097" /><testcase classname="tests.ops.test_fused_add_rmsnorm" name="test_fused_add_rmsnorm_op[1024-4096-dtype2-False]" time="0.098" /><testcase classname="tests.ops.test_fused_add_rmsnorm" name="test_fused_add_rmsnorm_op[4096-4096-dtype3-False]" time="0.098" /><testcase classname="tests.ops.test_fused_add_rmsnorm" name="test_fused_add_rmsnorm_op[1024-3000-dtype4-False]" time="0.097" /><testcase classname="tests.ops.test_fused_add_rmsnorm" name="test_fused_add_rmsnorm_op[1024-3000-dtype5-False]" time="0.097" /><testcase classname="tests.ops.test_fused_add_rmsnorm" name="test_fused_add_rmsnorm_op[2048-5120-dtype6-False]" time="0.097" /><testcase classname="tests.ops.test_fused_add_rmsnorm" name="test_fused_add_rmsnorm_op[2048-5120-dtype7-False]" time="0.098" /><testcase classname="tests.ops.test_fused_add_rmsnorm" name="test_fused_add_rmsnorm_op[1025-4096-dtype8-False]" time="0.097" /><testcase classname="tests.ops.test_fused_add_rmsnorm" name="test_fused_add_rmsnorm_op[1025-4096-dtype9-False]" time="0.097" /><testcase classname="tests.ops.test_fused_add_rmsnorm" name="test_fused_add_rmsnorm_non_contiguous[1024-4096-dtype0]" time="0.096" /><testcase classname="tests.ops.test_fused_add_rmsnorm" name="test_fused_add_rmsnorm_non_contiguous[1024-4096-dtype1]" time="0.096" /><testcase classname="tests.ops.test_fused_add_rmsnorm" name="test_fused_add_rmsnorm_3d[2-512-4096-dtype0]" time="0.096" /><testcase classname="tests.ops.test_fused_add_rmsnorm" name="test_fused_add_rmsnorm_3d[2-512-4096-dtype1]" time="0.198" /><testcase classname="tests.ops.test_fused_gated" name="test_silu_and_mul_op[1024-1024-dtype0]" time="0.020" /><testcase classname="tests.ops.test_fused_gated" name="test_silu_and_mul_op[1024-1024-dtype1]" time="0.019" /><testcase classname="tests.ops.test_fused_gated" name="test_silu_and_mul_op[1024-1024-dtype2]" time="0.019" /><testcase classname="tests.ops.test_fused_gated" name="test_silu_and_mul_op[2048-2048-dtype3]" time="0.019" /><testcase classname="tests.ops.test_fused_gated" name="test_silu_and_mul_op[2048-2048-dtype4]" time="0.020" /><testcase classname="tests.ops.test_fused_gated" name="test_gelu_and_mul_op[1024-1024-dtype0]" time="0.020" /><testcase classname="tests.ops.test_fused_gated" name="test_gelu_and_mul_op[1024-1024-dtype1]" time="0.020" /><testcase classname="tests.ops.test_fused_gated" name="test_gelu_and_mul_op[1024-1024-dtype2]" time="0.019" /><testcase classname="tests.ops.test_fused_gated" name="test_gelu_and_mul_op[2048-2048-dtype3]" time="0.020" /><testcase classname="tests.ops.test_fused_gated" name="test_gelu_tanh_and_mul_op[1024-1024-dtype0]" time="0.020" /><testcase classname="tests.ops.test_fused_gated" name="test_gelu_tanh_and_mul_op[1024-1024-dtype1]" time="0.020" /><testcase classname="tests.ops.test_fused_gated" name="test_gelu_tanh_and_mul_op[1024-1024-dtype2]" time="0.019" /><testcase classname="tests.ops.test_fused_gated" name="test_gelu_tanh_and_mul_op[2048-2048-dtype3]" time="0.020" /><testcase classname="tests.ops.test_fused_gated" name="test_fused_gated_rejects_integer_dtype" time="0.001" /><testcase classname="tests.ops.test_fused_gated" name="test_fused_gated_rejects_runtime_dtype_mismatch" time="3.578" /><testcase classname="tests.ops.test_fused_gated" name="test_fused_gated_kernel_has_strategies" time="0.001" /><testcase classname="tests.ops.test_fused_gated" name="test_fused_gated_kernel_rejects_unknown_strategy" time="0.001" /><testcase classname="tests.ops.test_fused_gated" name="test_silu_and_mul_direct_strategy[1024-1024-dtype0]" time="0.020" /><testcase classname="tests.ops.test_fused_gated" name="test_silu_and_mul_direct_strategy[1024-1024-dtype1]" time="0.018" /><testcase classname="tests.ops.test_fused_gated" name="test_silu_and_mul_direct_strategy[1024-1024-dtype2]" time="0.018" /><testcase classname="tests.ops.test_fused_gated" name="test_gelu_and_mul_direct_strategy[1024-1024-dtype0]" time="0.018" /><testcase classname="tests.ops.test_fused_gated" name="test_gelu_and_mul_direct_strategy[1024-1024-dtype1]" time="0.018" /><testcase classname="tests.ops.test_fused_gated" name="test_gelu_and_mul_direct_strategy[1024-1024-dtype2]" time="0.018" /><testcase classname="tests.ops.test_fused_gated" name="test_gelu_tanh_and_mul_direct_strategy[1024-1024-dtype0]" time="0.018" /><testcase classname="tests.ops.test_fused_gated" name="test_gelu_tanh_and_mul_direct_strategy[1024-1024-dtype1]" time="0.018" /><testcase classname="tests.ops.test_fused_gated" name="test_gelu_tanh_and_mul_direct_strategy[1024-1024-dtype2]" time="0.018" /><testcase classname="tests.ops.test_fused_gated" name="test_fused_gated_default_strategy_is_explicit_parallel" time="0.001" /><testcase classname="tests.ops.test_fused_gated" name="test_fused_gated_kernel_stores_strategy" time="7.085" /><testcase classname="tests.ops.test_gated_deltanet_bwd" name="test_gated_deltanet_bwd[2-64-2-64-64-32-dtype0-False]" time="1.103" /><testcase classname="tests.ops.test_gated_deltanet_bwd" name="test_gated_deltanet_bwd[1-128-4-64-64-32-dtype1-False]" time="1.061" /><testcase classname="tests.ops.test_gated_deltanet_bwd" name="test_gated_deltanet_bwd[2-64-2-64-64-32-dtype2-False]" time="1.178" /><testcase classname="tests.ops.test_gated_deltanet_bwd" name="test_gated_deltanet_bwd[1-128-4-64-64-32-dtype3-False]" time="1.061" /><testcase classname="tests.ops.test_gated_deltanet_bwd" name="test_gated_deltanet_bwd[2-64-2-64-64-32-dtype4-False]" time="1.146" /><testcase classname="tests.ops.test_gated_deltanet_bwd" name="test_gated_deltanet_bwd[1-128-4-64-64-32-dtype5-False]" time="1.065" /><testcase classname="tests.ops.test_gated_deltanet_decode" name="test_gated_deltanet_decode[1-4-64-64-dtype0-False]" time="0.060" /><testcase classname="tests.ops.test_gated_deltanet_decode" name="test_gated_deltanet_decode[2-8-64-64-dtype1-False]" time="0.060" /><testcase classname="tests.ops.test_gated_deltanet_decode" name="test_gated_deltanet_decode[2-4-128-128-dtype2-False]" time="0.060" /><testcase classname="tests.ops.test_gated_deltanet_decode" name="test_gated_deltanet_decode[1-4-64-64-dtype3-False]" time="0.078" /><testcase classname="tests.ops.test_gated_deltanet_decode" name="test_gated_deltanet_decode[2-8-64-64-dtype4-False]" time="0.078" /><testcase classname="tests.ops.test_gated_deltanet_decode" name="test_gated_deltanet_decode[1-4-64-64-dtype5-False]" time="0.078" /><testcase classname="tests.ops.test_gated_deltanet_decode" name="test_gated_deltanet_decode[2-8-64-64-dtype6-False]" time="0.078" /><testcase classname="tests.ops.test_gated_deltanet_decode" name="test_gated_deltanet_decode_multi_step[1-4-64-64-dtype0-False]" time="0.144" /><testcase classname="tests.ops.test_gated_deltanet_decode" name="test_gated_deltanet_decode_multi_step[2-8-64-64-dtype1-False]" time="0.062" /><testcase classname="tests.ops.test_gated_deltanet_decode" name="test_gated_deltanet_decode_multi_step[2-4-128-128-dtype2-False]" time="0.062" /><testcase classname="tests.ops.test_gated_deltanet_decode" name="test_gated_deltanet_decode_multi_step[1-4-64-64-dtype3-False]" time="0.082" /><testcase classname="tests.ops.test_gated_deltanet_decode" name="test_gated_deltanet_decode_multi_step[2-8-64-64-dtype4-False]" time="0.082" /><testcase classname="tests.ops.test_gated_deltanet_decode" name="test_gated_deltanet_decode_multi_step[1-4-64-64-dtype5-False]" time="0.081" /><testcase classname="tests.ops.test_gated_deltanet_decode" name="test_gated_deltanet_decode_multi_step[2-8-64-64-dtype6-False]" time="0.081" /><testcase classname="tests.ops.test_gated_deltanet_fwd" name="test_gated_deltanet_fwd[2-64-2-64-64-32-dtype0-False]" time="0.277" /><testcase classname="tests.ops.test_gated_deltanet_fwd" name="test_gated_deltanet_fwd[1-128-4-64-64-32-dtype1-False]" time="0.263" /><testcase classname="tests.ops.test_gated_deltanet_fwd" name="test_gated_deltanet_fwd[2-64-2-64-64-32-dtype2-False]" time="0.261" /><testcase classname="tests.ops.test_gated_deltanet_fwd" name="test_gated_deltanet_fwd[1-128-4-64-64-32-dtype3-False]" time="0.264" /><testcase classname="tests.ops.test_gated_deltanet_fwd" name="test_gated_deltanet_fwd[2-64-2-64-64-32-dtype4-False]" time="0.261" /><testcase classname="tests.ops.test_gated_deltanet_fwd" name="test_gated_deltanet_fwd[1-128-4-64-64-32-dtype5-False]" time="0.264" /><testcase classname="tests.ops.test_gated_deltanet_fwd" name="test_gated_deltanet_fwd[2-8192-4-64-64-64-dtype6-False]" time="0.644" /><testcase classname="tests.ops.test_gated_deltanet_fwd" name="test_gated_deltanet_fwd[2-16384-4-64-64-64-dtype7-False]" time="1.008" /><testcase classname="tests.ops.test_gemm" name="test_gemm[smoke-fp16-square]" time="0.069" /><testcase classname="tests.ops.test_gemm" name="test_gemm[full-fp16-trans-b-small-m]" time="0.041" /><testcase classname="tests.ops.test_gemm" name="test_gemm[full-fp16-tuned-wide]" time="0.045" /><testcase classname="tests.ops.test_gemm" name="test_gemm[full-fp16-tuned-wide-alt]" time="0.041" /><testcase classname="tests.ops.test_gemm" name="test_gemm[full-fp16-thin-n]" time="0.039" /><testcase classname="tests.ops.test_gemm" name="test_gemm[full-fp16-tuned-thin-n]" time="0.153" /><testcase classname="tests.ops.test_gemm" name="test_gemm[full-fp16-tuned-thin-n-alt]" time="0.038" /><testcase classname="tests.ops.test_gemm" name="test_gemm[full-bf16-trans-b-small-m]" time="0.128" /><testcase classname="tests.ops.test_gemm" name="test_gemm[full-bf16-tuned-wide]" time="0.041" /><testcase classname="tests.ops.test_gemm" name="test_gemm[full-bf16-tuned-wide-alt]" time="0.041" /><testcase classname="tests.ops.test_gemm" name="test_gemm[full-bf16-thin-n]" time="0.038" /><testcase classname="tests.ops.test_gemm" name="test_gemm[full-bf16-tuned-thin-n]" time="0.038" /><testcase classname="tests.ops.test_gemm" name="test_gemm[full-bf16-tuned-thin-n-alt]" time="0.038" /><testcase classname="tests.ops.test_gemm" name="test_gemv_boundary_lhs_row[3000-1024-dtype0-False]" time="0.040" /><testcase classname="tests.ops.test_gemm" name="test_gemv_boundary_lhs_row[3000-1024-dtype1-False]" time="0.040" /><testcase classname="tests.ops.test_gemm" name="test_gemv_boundary_lhs_row[1024-3000-dtype2-False]" time="0.040" /><testcase classname="tests.ops.test_gemm" name="test_gemv_boundary_lhs_row[3000-1024-dtype3-False]" time="0.038" /><testcase classname="tests.ops.test_gemm" name="test_gemv_boundary_rhs_col[3000-1024-dtype0-False]" time="0.038" /><testcase classname="tests.ops.test_gemm" name="test_gemv_boundary_rhs_col[3000-1024-dtype1-False]" time="0.038" /><testcase classname="tests.ops.test_gemm" name="test_gemv_boundary_rhs_col[1024-3000-dtype2-False]" time="0.038" /><testcase classname="tests.ops.test_gemm" name="test_gemv_boundary_rhs_col[3000-1024-dtype3-False]" time="0.037" /><testcase classname="tests.ops.test_gla_bwd" name="test_gla_bwd[2-64-2-64-64-64-dtype0-False]" time="0.727" /><testcase classname="tests.ops.test_gla_bwd" name="test_gla_bwd[1-128-4-64-64-64-dtype1-False]" time="0.809" /><testcase classname="tests.ops.test_gla_bwd" name="test_gla_bwd[2-64-2-64-64-64-dtype2-False]" time="0.719" /><testcase classname="tests.ops.test_gla_bwd" name="test_gla_bwd[1-128-4-64-64-64-dtype3-False]" time="0.723" /><testcase classname="tests.ops.test_gla_bwd" name="test_gla_bwd[2-64-2-64-64-64-dtype4-False]" time="0.806" /><testcase classname="tests.ops.test_gla_bwd" name="test_gla_bwd[1-128-4-64-64-64-dtype5-False]" time="0.777" /><testcase classname="tests.ops.test_gla_decode" name="test_gla_decode[1-4-64-64-dtype0-False]" time="0.050" /><testcase classname="tests.ops.test_gla_decode" name="test_gla_decode[2-8-64-64-dtype1-False]" time="0.050" /><testcase classname="tests.ops.test_gla_decode" name="test_gla_decode[2-4-128-128-dtype2-False]" time="0.050" /><testcase classname="tests.ops.test_gla_decode" name="test_gla_decode[1-4-64-64-dtype3-False]" time="0.071" /><testcase classname="tests.ops.test_gla_decode" name="test_gla_decode[2-8-64-64-dtype4-False]" time="0.073" /><testcase classname="tests.ops.test_gla_decode" name="test_gla_decode[1-4-64-64-dtype5-False]" time="0.070" /><testcase classname="tests.ops.test_gla_decode" name="test_gla_decode[2-8-64-64-dtype6-False]" time="0.070" /><testcase classname="tests.ops.test_gla_decode" name="test_gla_decode_multi_step[1-4-64-64-dtype0-False]" time="0.052" /><testcase classname="tests.ops.test_gla_decode" name="test_gla_decode_multi_step[2-8-64-64-dtype1-False]" time="0.052" /><testcase classname="tests.ops.test_gla_decode" name="test_gla_decode_multi_step[2-4-128-128-dtype2-False]" time="0.052" /><testcase classname="tests.ops.test_gla_decode" name="test_gla_decode_multi_step[1-4-64-64-dtype3-False]" time="0.072" /><testcase classname="tests.ops.test_gla_decode" name="test_gla_decode_multi_step[2-8-64-64-dtype4-False]" time="0.073" /><testcase classname="tests.ops.test_gla_decode" name="test_gla_decode_multi_step[1-4-64-64-dtype5-False]" time="0.202" /><testcase classname="tests.ops.test_gla_decode" name="test_gla_decode_multi_step[2-8-64-64-dtype6-False]" time="0.073" /><testcase classname="tests.ops.test_gla_decode" name="test_gla_decode_vs_fla[1-4-64-64-dtype0-False]" time="0.001"><skipped type="pytest.skip" message="FLA not installed">/home/ci-runner/workdir/TileOPs/TileOPs/tests/ops/test_gla_decode.py:191: FLA not installed</skipped></testcase><testcase classname="tests.ops.test_gla_decode" name="test_gla_decode_vs_fla[2-8-64-64-dtype1-False]" time="0.001"><skipped type="pytest.skip" message="FLA not installed">/home/ci-runner/workdir/TileOPs/TileOPs/tests/ops/test_gla_decode.py:191: FLA not installed</skipped></testcase><testcase classname="tests.ops.test_gla_decode" name="test_gla_decode_vs_fla[2-4-128-128-dtype2-False]" time="0.001"><skipped type="pytest.skip" message="FLA not installed">/home/ci-runner/workdir/TileOPs/TileOPs/tests/ops/test_gla_decode.py:191: FLA not installed</skipped></testcase><testcase classname="tests.ops.test_gla_decode" name="test_gla_decode_vs_fla[1-4-64-64-dtype3-False]" time="0.001"><skipped type="pytest.skip" message="FLA not installed">/home/ci-runner/workdir/TileOPs/TileOPs/tests/ops/test_gla_decode.py:191: FLA not installed</skipped></testcase><testcase classname="tests.ops.test_gla_decode" name="test_gla_decode_vs_fla[2-8-64-64-dtype4-False]" time="0.001"><skipped type="pytest.skip" message="FLA not installed">/home/ci-runner/workdir/TileOPs/TileOPs/tests/ops/test_gla_decode.py:191: FLA not installed</skipped></testcase><testcase classname="tests.ops.test_gla_decode" name="test_gla_decode_vs_fla[1-4-64-64-dtype5-False]" time="0.001"><skipped type="pytest.skip" message="FLA not installed">/home/ci-runner/workdir/TileOPs/TileOPs/tests/ops/test_gla_decode.py:191: FLA not installed</skipped></testcase><testcase classname="tests.ops.test_gla_decode" name="test_gla_decode_vs_fla[2-8-64-64-dtype6-False]" time="0.001"><skipped type="pytest.skip" message="FLA not installed">/home/ci-runner/workdir/TileOPs/TileOPs/tests/ops/test_gla_decode.py:191: FLA not installed</skipped></testcase><testcase classname="tests.ops.test_gla_fwd" name="test_gla_fwd[2-64-2-64-64-64-dtype0-False]" time="0.193" /><testcase classname="tests.ops.test_gla_fwd" name="test_gla_fwd[1-128-4-64-64-64-dtype1-False]" time="0.192" /><testcase classname="tests.ops.test_gla_fwd" name="test_gla_fwd[2-64-2-64-64-64-dtype2-False]" time="0.191" /><testcase classname="tests.ops.test_gla_fwd" name="test_gla_fwd[1-128-4-64-64-64-dtype3-False]" time="0.192" /><testcase classname="tests.ops.test_gla_fwd" name="test_gla_fwd[2-64-2-64-64-64-dtype4-False]" time="0.191" /><testcase classname="tests.ops.test_gla_fwd" name="test_gla_fwd[1-128-4-64-64-64-dtype5-False]" time="0.191" /><testcase classname="tests.ops.test_gla_fwd" name="test_gla_fwd[2-256-4-64-64-64-dtype6-False]" time="0.197" /><testcase classname="tests.ops.test_gqa" name="test_gqa_fwd[1-1024-8-4-64-False-dtype0-False]" time="0.204" /><testcase classname="tests.ops.test_gqa" name="test_gqa_fwd[4-2048-64-4-128-False-dtype1-False]" time="0.201" /><testcase classname="tests.ops.test_gqa" name="test_gqa_fwd[4-2048-64-4-128-False-dtype2-False]" time="0.201" /><testcase classname="tests.ops.test_gqa" name="test_gqa_bwd[1-1024-8-4-64-False-dtype0-False]" time="0.338" /><testcase classname="tests.ops.test_gqa" name="test_gqa_bwd[4-2048-64-4-128-False-dtype1-False]" time="0.432" /><testcase classname="tests.ops.test_gqa" name="test_gqa_bwd[4-2048-64-4-128-False-dtype2-False]" time="0.343" /><testcase classname="tests.ops.test_gqa_decode" name="test_gqa_decode[1-32-8-8192-128-dtype0-False]" time="0.441" /><testcase classname="tests.ops.test_gqa_decode" name="test_gqa_decode[4-32-4-4096-128-dtype1-False]" time="0.442" /><testcase classname="tests.ops.test_gqa_decode" name="test_gqa_decode[8-64-16-8192-128-dtype2-False]" time="0.450" /><testcase classname="tests.ops.test_gqa_decode_paged" name="test_gqa_decode_paged_op[1-16-8-512-128-128-dtype0-False]" time="0.584" /><testcase classname="tests.ops.test_gqa_decode_paged" name="test_gqa_decode_paged_op[2-8-4-1024-64-256-dtype1-False]" time="0.489" /><testcase classname="tests.ops.test_gqa_decode_paged" name="test_gqa_decode_paged_op[1-32-8-256-128-64-dtype2-False]" time="0.488" /><testcase classname="tests.ops.test_gqa_decode_paged" name="test_gqa_decode_paged_op[1-8-4-1024-64-256-dtype3-False]" time="0.571" /><testcase classname="tests.ops.test_gqa_decode_paged" name="test_gqa_decode_paged_op[2-16-8-512-128-128-dtype4-False]" time="0.484" /><testcase classname="tests.ops.test_gqa_decode_paged" name="test_gqa_decode_paged_op[1-16-4-2048-128-512-dtype5-False]" time="0.491" /><testcase classname="tests.ops.test_gqa_decode_paged" name="test_gqa_decode_paged_op[1-32-16-512-64-128-dtype6-False]" time="0.485" /><testcase classname="tests.ops.test_gqa_sliding_window_fwd" name="test_gqa_sliding_window_fwd_op[2-512-8-2-64-True--1--1-dtype0-False]" time="0.373" /><testcase classname="tests.ops.test_gqa_sliding_window_fwd" name="test_gqa_sliding_window_fwd_op[2-512-8-2-64-True-128--1-dtype1-False]" time="0.270" /><testcase classname="tests.ops.test_gqa_sliding_window_fwd" name="test_gqa_sliding_window_fwd_op[2-512-8-2-64-False--1--1-dtype2-False]" time="0.268" /><testcase classname="tests.ops.test_gqa_sliding_window_fwd" name="test_gqa_sliding_window_fwd_op[2-512-8-2-64-False-64-64-dtype3-False]" time="0.270" /><testcase classname="tests.ops.test_gqa_sliding_window_fwd" name="test_gqa_sliding_window_fwd_op[2-128-8-1-128-True-1--1-dtype4-False]" time="0.270" /><testcase classname="tests.ops.test_gqa_sliding_window_fwd" name="test_gqa_sliding_window_fwd_op[2-512-8-2-64-True--1--1-dtype5-False]" time="0.371" /><testcase classname="tests.ops.test_gqa_sliding_window_fwd" name="test_gqa_sliding_window_fwd_op[2-512-8-2-64-False-64-64-dtype6-False]" time="0.268" /><testcase classname="tests.ops.test_gqa_sliding_window_fwd" name="test_gqa_sliding_window_fwd_op[2-512-8-8-64-True--1--1-dtype7-False]" time="0.289" /><testcase classname="tests.ops.test_gqa_sliding_window_fwd" name="test_gqa_sliding_window_fwd_op[2-512-16-1-64-True--1--1-dtype8-False]" time="0.289" /><testcase classname="tests.ops.test_gqa_sliding_window_fwd" name="test_gqa_sliding_window_fwd_op[2-384-8-2-64-True--1--1-dtype9-False]" time="0.289" /><testcase classname="tests.ops.test_gqa_sliding_window_fwd" name="test_gqa_sliding_window_fwd_op[2-768-8-2-64-False-256--1-dtype10-False]" time="0.269" /><testcase classname="tests.ops.test_gqa_sliding_window_fwd" name="test_gqa_sliding_window_fwd_op[1-2048-8-2-64-True-512--1-dtype11-False]" time="0.355" /><testcase classname="tests.ops.test_gqa_sliding_window_fwd" name="test_gqa_sliding_window_fwd_op[2-512-8-2-64-False--1-64-dtype12-False]" time="0.269" /><testcase classname="tests.ops.test_gqa_sliding_window_fwd" name="test_gqa_sliding_window_fwd_op[2-256-8-2-64-True-0--1-dtype13-False]" time="0.272" /><testcase classname="tests.ops.test_gqa_sliding_window_fwd.TestGqaSlidingWindowFwdOpMetrics" name="test_total_flops_causal_wl0" time="0.077" /><testcase classname="tests.ops.test_gqa_sliding_window_fwd.TestGqaSlidingWindowFwdOpMetrics" name="test_total_flops_causal_finite_window" time="0.078" /><testcase classname="tests.ops.test_gqa_sliding_window_fwd.TestGqaSlidingWindowFwdOpMetrics" name="test_total_memory_gqa" time="0.077" /><testcase classname="tests.ops.test_gqa_sliding_window_fwd.TestGqaSlidingWindowFwdOpValidation" name="test_invalid_window_size_left_raises" time="0.001" /><testcase classname="tests.ops.test_gqa_sliding_window_fwd.TestGqaSlidingWindowFwdOpValidation" name="test_invalid_window_size_right_raises" time="0.001" /><testcase classname="tests.ops.test_gqa_sliding_window_fwd.TestGqaSlidingWindowFwdOpValidation" name="test_dtype_mismatch_raises" time="0.079" /><testcase classname="tests.ops.test_gqa_sliding_window_fwd.TestGqaSlidingWindowFwdOpValidation" name="test_cpu_tensor_raises" time="0.002" /><testcase classname="tests.ops.test_gqa_sliding_window_varlen_fwd" name="test_gqa_sliding_window_varlen_fwd_op[2-seqlens_q0-seqlens_k0-8-2-64-True--1--1-dtype0-False]" time="0.209" /><testcase classname="tests.ops.test_gqa_sliding_window_varlen_fwd" name="test_gqa_sliding_window_varlen_fwd_op[2-seqlens_q1-seqlens_k1-8-2-64-True-128--1-dtype1-False]" time="0.208" /><testcase classname="tests.ops.test_gqa_sliding_window_varlen_fwd" name="test_gqa_sliding_window_varlen_fwd_op[2-seqlens_q2-seqlens_k2-8-2-64-False--1--1-dtype2-False]" time="0.207" /><testcase classname="tests.ops.test_gqa_sliding_window_varlen_fwd" name="test_gqa_sliding_window_varlen_fwd_op[2-seqlens_q3-seqlens_k3-8-2-64-False-64-64-dtype3-False]" time="0.305" /><testcase classname="tests.ops.test_gqa_sliding_window_varlen_fwd" name="test_gqa_sliding_window_varlen_fwd_op[2-seqlens_q4-seqlens_k4-8-2-64-True--1--1-dtype4-False]" time="0.207" /><testcase classname="tests.ops.test_gqa_sliding_window_varlen_fwd" name="test_gqa_sliding_window_varlen_fwd_op[2-seqlens_q5-seqlens_k5-8-2-64-True-128--1-dtype5-False]" time="0.211" /><testcase classname="tests.ops.test_gqa_sliding_window_varlen_fwd" name="test_gqa_sliding_window_varlen_fwd_op[2-seqlens_q6-seqlens_k6-8-2-64-False-64-64-dtype6-False]" time="0.208" /><testcase classname="tests.ops.test_gqa_sliding_window_varlen_fwd" name="test_gqa_sliding_window_varlen_fwd_op[2-seqlens_q7-seqlens_k7-8-2-64-True--1--1-dtype7-False]" time="0.207" /><testcase classname="tests.ops.test_gqa_sliding_window_varlen_fwd" name="test_gqa_sliding_window_varlen_fwd_op[2-seqlens_q8-seqlens_k8-8-2-64-False-64-64-dtype8-False]" time="0.208" /><testcase classname="tests.ops.test_gqa_sliding_window_varlen_fwd" name="test_gqa_sliding_window_varlen_fwd_op[2-seqlens_q9-seqlens_k9-8-8-64-True--1--1-dtype9-False]" time="0.207" /><testcase classname="tests.ops.test_gqa_sliding_window_varlen_fwd" name="test_gqa_sliding_window_varlen_fwd_op[2-seqlens_q10-seqlens_k10-16-1-64-True--1--1-dtype10-False]" time="0.208" /><testcase classname="tests.ops.test_gqa_sliding_window_varlen_fwd" name="test_gqa_sliding_window_varlen_fwd_op[3-seqlens_q11-seqlens_k11-8-2-64-True--1--1-dtype11-False]" time="0.208" /><testcase classname="tests.ops.test_gqa_sliding_window_varlen_fwd" name="test_gqa_sliding_window_varlen_fwd_op[2-seqlens_q12-seqlens_k12-8-2-64-False--1-64-dtype12-False]" time="0.209" /><testcase classname="tests.ops.test_gqa_sliding_window_varlen_fwd" name="test_gqa_sliding_window_varlen_fwd_op[2-seqlens_q13-seqlens_k13-8-2-64-True-0--1-dtype13-False]" time="0.208" /><testcase classname="tests.ops.test_group_norm" name="test_group_norm_op[2-32-spatial0-8-dtype0-False]" time="0.144" /><testcase classname="tests.ops.test_group_norm" name="test_group_norm_op[4-16-spatial1-4-dtype1-False]" time="0.111" /><testcase classname="tests.ops.test_group_norm" name="test_group_norm_op[2-32-spatial2-8-dtype2-False]" time="0.111" /><testcase classname="tests.ops.test_group_norm" name="test_group_norm_op[4-16-spatial3-4-dtype3-False]" time="0.111" /><testcase classname="tests.ops.test_group_norm" name="test_group_norm_op[2-32-spatial4-8-dtype4-False]" time="0.111" /><testcase classname="tests.ops.test_group_norm" name="test_group_norm_op[4-16-spatial5-4-dtype5-False]" time="0.222" /><testcase classname="tests.ops.test_group_norm" name="test_group_norm_op[2-32-spatial6-1-dtype6-False]" time="0.111" /><testcase classname="tests.ops.test_group_norm" name="test_group_norm_op[2-32-spatial7-32-dtype7-False]" time="0.111" /><testcase classname="tests.ops.test_group_norm" name="test_group_norm_op[2-32-spatial8-16-dtype8-False]" time="0.111" /><testcase classname="tests.ops.test_group_norm" name="test_group_norm_op[2-32-spatial9-8-dtype9-False]" time="0.110" /><testcase classname="tests.ops.test_group_norm" name="test_group_norm_op[2-16-spatial10-4-dtype10-False]" time="0.111" /><testcase classname="tests.ops.test_group_norm" name="test_group_norm_op[2-30-spatial11-5-dtype11-False]" time="0.111" /><testcase classname="tests.ops.test_group_norm" name="test_group_norm_op[2-32-spatial12-8-dtype12-False]" time="0.111" /><testcase classname="tests.ops.test_group_norm" name="test_group_norm_op[2-32-spatial13-8-dtype13-False]" time="0.111" /><testcase classname="tests.ops.test_group_norm" name="test_group_norm_non_contiguous[2-32-spatial0-8-dtype0]" time="0.111" /><testcase classname="tests.ops.test_group_norm" name="test_group_norm_non_contiguous[2-32-spatial1-8-dtype1]" time="0.111" /><testcase classname="tests.ops.test_grouped_gemm" name="test_grouped_gemm[16384-4-4864-4096-dtype0-False-True-False]" time="0.201" /><testcase classname="tests.ops.test_grouped_gemm" name="test_grouped_gemm[16384-4-4864-4096-dtype1-False-False-False]" time="0.195" /><testcase classname="tests.ops.test_grouped_gemm" name="test_grouped_gemm[16384-4-4864-4096-dtype2-True-False-False]" time="0.197" /><testcase classname="tests.ops.test_grouped_gemm" name="test_grouped_gemm[16384-4-4864-4096-dtype3-True-True-False]" time="0.198" /><testcase classname="tests.ops.test_instance_norm" name="test_instance_norm_op[2-16-spatial0-dtype0-False]" time="0.109" /><testcase classname="tests.ops.test_instance_norm" name="test_instance_norm_op[4-8-spatial1-dtype1-False]" time="0.109" /><testcase classname="tests.ops.test_instance_norm" name="test_instance_norm_op[2-16-spatial2-dtype2-False]" time="0.112" /><testcase classname="tests.ops.test_instance_norm" name="test_instance_norm_op[4-8-spatial3-dtype3-False]" time="0.110" /><testcase classname="tests.ops.test_instance_norm" name="test_instance_norm_op[2-16-spatial4-dtype4-False]" time="0.110" /><testcase classname="tests.ops.test_instance_norm" name="test_instance_norm_op[4-8-spatial5-dtype5-False]" time="0.196" /><testcase classname="tests.ops.test_instance_norm" name="test_instance_norm_op[2-16-spatial6-dtype6-False]" time="0.109" /><testcase classname="tests.ops.test_instance_norm" name="test_instance_norm_op[2-8-spatial7-dtype7-False]" time="0.109" /><testcase classname="tests.ops.test_instance_norm" name="test_instance_norm_non_contiguous[2-16-spatial0-dtype0]" time="0.110" /><testcase classname="tests.ops.test_instance_norm" name="test_instance_norm_non_contiguous[2-16-spatial1-dtype1]" time="0.110" /><testcase classname="tests.ops.test_layer_norm" name="test_layer_norm_op[1024-4096-dtype0-False]" time="0.110" /><testcase classname="tests.ops.test_layer_norm" name="test_layer_norm_op[4096-4096-dtype1-False]" time="0.109" /><testcase classname="tests.ops.test_layer_norm" name="test_layer_norm_op[8192-8192-dtype2-False]" time="0.111" /><testcase classname="tests.ops.test_layer_norm" name="test_layer_norm_op[1024-4096-dtype3-False]" time="0.110" /><testcase classname="tests.ops.test_layer_norm" name="test_layer_norm_op[4096-4096-dtype4-False]" time="0.110" /><testcase classname="tests.ops.test_layer_norm" name="test_layer_norm_op[8192-8192-dtype5-False]" time="0.110" /><testcase classname="tests.ops.test_layer_norm" name="test_layer_norm_op[1024-4096-dtype6-False]" time="0.110" /><testcase classname="tests.ops.test_layer_norm" name="test_layer_norm_op[4096-4096-dtype7-False]" time="0.110" /><testcase classname="tests.ops.test_layer_norm" name="test_layer_norm_op[8192-8192-dtype8-False]" time="0.111" /><testcase classname="tests.ops.test_layer_norm" name="test_layer_norm_op[1024-3000-dtype9-False]" time="0.112" /><testcase classname="tests.ops.test_layer_norm" name="test_layer_norm_op[1024-3000-dtype10-False]" time="0.111" /><testcase classname="tests.ops.test_layer_norm" name="test_layer_norm_op[1024-3000-dtype11-False]" time="0.110" /><testcase classname="tests.ops.test_layer_norm" name="test_layer_norm_op[2048-5120-dtype12-False]" time="0.110" /><testcase classname="tests.ops.test_layer_norm" name="test_layer_norm_op[2048-5120-dtype13-False]" time="0.110" /><testcase classname="tests.ops.test_layer_norm" name="test_layer_norm_op[2048-5120-dtype14-False]" time="0.110" /><testcase classname="tests.ops.test_layer_norm" name="test_layer_norm_op[1025-4096-dtype15-False]" t
[...]
                        ^^^^^^^^^^^^^^^^^^^^^^^^^^^^^^^^^^^^^^^^^^^^^^^^^^
../../_tool/tileops_op_test_venv_db4a9af2f48857c5/lib/python3.11/site-packages/tilelang/jit/__init__.py:440: in __call__
    kernel = self.compile(*args, **kwargs)
             ^^^^^^^^^^^^^^^^^^^^^^^^^^^^^
../../_tool/tileops_op_test_venv_db4a9af2f48857c5/lib/python3.11/site-packages/tilelang/jit/__init__.py:374: in compile
    prim_func = self.get_tir(*args, **kwargs)
                ^^^^^^^^^^^^^^^^^^^^^^^^^^^^^
../../_tool/tileops_op_test_venv_db4a9af2f48857c5/lib/python3.11/site-packages/tilelang/jit/__init__.py:298: in get_tir
    tir = self.func(*args, **kwargs)
          ^^^^^^^^^^^^^^^^^^^^^^^^^^
../../_tool/tileops_op_test_venv_db4a9af2f48857c5/lib/python3.11/site-packages/tilelang/language/eager/builder.py:1142: in __call__
    return self.get_tir(*args, **kwargs)
           ^^^^^^^^^^^^^^^^^^^^^^^^^^^^^
../../_tool/tileops_op_test_venv_db4a9af2f48857c5/lib/python3.11/site-packages/tilelang/language/eager/builder.py:1138: in get_tir
    self.p1_cache[p1_key] = self._build_tir_template(**kwargs)
                            ^^^^^^^^^^^^^^^^^^^^^^^^^^^^^^^^^^
../../_tool/tileops_op_test_venv_db4a9af2f48857c5/lib/python3.11/site-packages/tilelang/language/eager/builder.py:1106: in _build_tir_template
    return TirTemplate.from_lazy_style(self.orig_func.__name__, self.orig_func(*args, **kwargs))
                                                                ^^^^^^^^^^^^^^^^^^^^^^^^^^^^^^^
tileops/kernels/elementwise.py:2591: in kernel
    @T.prim_func
     ^^^^^^^^^^^
../../_tool/tileops_op_test_venv_db4a9af2f48857c5/lib/python3.11/site-packages/tilelang/language/eager/builder.py:1224: in prim_func
    return impl(func) if func is not None else impl
           ^^^^^^^^^^
../../_tool/tileops_op_test_venv_db4a9af2f48857c5/lib/python3.11/site-packages/tilelang/language/eager/builder.py:1222: in impl
    raise e
../../_tool/tileops_op_test_venv_db4a9af2f48857c5/lib/python3.11/site-packages/tilelang/language/eager/builder.py:1214: in impl
    ir_gen.gen(builder)(**annot)
tileops/kernels/elementwise.py:2600: in main
    pos_r = T.cast(posinf_val, out_dtype)
    ^^^^^^^^^^^^^^^^^^^^^^^^^^^^^
../../_tool/tileops_op_test_venv_db4a9af2f48857c5/lib/python3.11/site-packages/tilelang/3rdparty/tvm/python/tvm/tir/generic.py:144: in cast
    return _ffi_api._cast(dtype, src, span)  # type: ignore
           ^^^^^^^^^^^^^^^^^^^^^^^^^^^^^^^^
python/tvm_ffi/cython/function.pxi:929: in tvm_ffi.core.Function.__call__
    ???
&lt;unknown&gt;:0: in tvm::cast(tvm::runtime::DataType const&amp;, tvm::PrimExpr, tvm::Span)
    ???
&lt;unknown&gt;:0: in tvm::PrimExpr tvm::tir::make_const&lt;double, void&gt;(tvm::runtime::DataType, double, tvm::Span)
    ???
&lt;unknown&gt;:0: in tvm::PrimExpr tvm::tir::MakeConstScalar&lt;double&gt;(tvm::runtime::DataType, double, tvm::Span)
    ???
&lt;unknown&gt;:0: in tvm::FloatImm::FloatImm(tvm::runtime::DataType, double, tvm::Span)
    ???
&lt;unknown&gt;:0: in tvm::runtime::detail::LogFatal::Entry::Finalize()
    ???
E   tvm.error.InternalError: Check failed: value &lt;= bound (10000 vs. 448) : ValueError: Literal value 10000 exceeds maximum of float8_e4m3fn</failure></testcase><testcase classname="tests.test_elementwise_independent_fp8" name="test_kernel_accepts_fp8[nan_to_num-e5m2]" time="3.563" /><testcase classname="tests.test_elementwise_independent_fp8" name="test_kernel_accepts_fp8[prelu-e4m3fn]" time="3.586" /><testcase classname="tests.test_elementwise_independent_fp8" name="test_kernel_accepts_fp8[prelu-e5m2]" time="3.562" /><testcase classname="tests.test_elementwise_independent_fp8" name="test_kernel_accepts_fp8[alibi-e4m3fn]" time="3.472" /><testcase classname="tests.test_elementwise_independent_fp8" name="test_kernel_accepts_fp8[alibi-e5m2]" time="3.475" /><testcase classname="tests.test_elementwise_independent_fp8" name="test_kernel_accepts_fp8[sinusoidal-e4m3fn]" time="3.650" /><testcase classname="tests.test_elementwise_independent_fp8" name="test_kernel_accepts_fp8[sinusoidal-e5m2]" time="3.661" /><testcase classname="tests.test_elementwise_independent_fp8" name="test_fp8_default_config_npt16[leaky_relu-e4m3fn]" time="0.026" /><testcase classname="tests.test_elementwise_independent_fp8" name="test_fp8_default_config_npt16[leaky_relu-e5m2]" time="0.025" /><testcase classname="tests.test_elementwise_independent_fp8" name="test_fp8_default_config_npt16[elu-e4m3fn]" time="0.025" /><testcase classname="tests.test_elementwise_independent_fp8" name="test_fp8_default_config_npt16[elu-e5m2]" time="0.025" /><testcase classname="tests.test_elementwise_independent_fp8" name="test_fp8_default_config_npt16[clamp-e4m3fn]" time="0.025" /><testcase classname="tests.test_elementwise_independent_fp8" name="test_fp8_default_config_npt16[clamp-e5m2]" time="0.025" /><testcase classname="tests.test_elementwise_independent_fp8" name="test_leaky_relu_fp8_correctness[e4m3fn]" time="0.207" /><testcase classname="tests.test_elementwise_independent_fp8" name="test_leaky_relu_fp8_correctness[e5m2]" time="0.204" /><testcase classname="tests.test_elementwise_independent_fp8" name="test_elu_fp8_correctness[e4m3fn]" time="0.212" /><testcase classname="tests.test_elementwise_independent_fp8" name="test_elu_fp8_correctness[e5m2]" time="0.212" /><testcase classname="tests.test_elementwise_independent_fp8" name="test_clamp_fp8_correctness[e4m3fn]" time="3.706" /><testcase classname="tests.test_elementwise_independent_fp8" name="test_clamp_fp8_correctness[e5m2]" time="3.719" /><testcase classname="tests.test_elementwise_independent_fp8" name="test_alibi_fp8_output_dtype[e4m3fn]" time="0.192" /><testcase classname="tests.test_elementwise_independent_fp8" name="test_alibi_fp8_output_dtype[e5m2]" time="0.187" /><testcase classname="tests.test_elementwise_independent_fp8" name="test_sinusoidal_fp8_output_dtype[e4m3fn]" time="0.240" /><testcase classname="tests.test_elementwise_independent_fp8" name="test_sinusoidal_fp8_output_dtype[e5m2]" time="0.241" /><testcase classname="tests.test_elementwise_independent_fp8" name="test_masked_fill_fp8_correctness[e4m3fn]" time="3.695" /><testcase classname="tests.test_elementwise_independent_fp8" name="test_masked_fill_fp8_correctness[e5m2]" time="3.731" /><testcase classname="tests.test_elementwise_independent_fp8" name="test_leaky_relu_e4m3fn_saturation" time="3.715" /><testcase classname="tests.test_elementwise_independent_fp8" name="test_clamp_e5m2_preserves_values" time="3.662" /><testcase classname="tests.test_elementwise_independent_fp8" name="test_elu_e5m2_output_dtype" time="0.026" /><testcase classname="tests.test_elementwise_independent_fp8" name="test_masked_fill_e5m2_overflow_fill_value" time="0.019"><failure message="tvm.error.InternalError: Check failed: value &lt;= support::kMaxFloat16 (100000 vs. 65504) : ValueError: Literal value 100000 exceeds maximum of float16">tests/test_elementwise_independent_fp8.py:268: in test_masked_fill_e5m2_overflow_fill_value
    op = MaskedFillOp(N_total=n, dtype=dtype, fill_value=fill_value)
         ^^^^^^^^^^^^^^^^^^^^^^^^^^^^^^^^^^^^^^^^^^^^^^^^^^^^^^^^^^^
tileops/ops/elementwise.py:1551: in __init__
    self.kernel = MaskedFillKernel(N_total, dtype, fill_value)
                  ^^^^^^^^^^^^^^^^^^^^^^^^^^^^^^^^^^^^^^^^^^^^
tileops/kernels/elementwise.py:2557: in __init__
    self.init_config(config, tune)
tileops/kernels/elementwise.py:2568: in init_config
    self._compiled_fn = self.kernel(cfg["threads"], cfg["num_per_thread"])
                        ^^^^^^^^^^^^^^^^^^^^^^^^^^^^^^^^^^^^^^^^^^^^^^^^^^
../../_tool/tileops_op_test_venv_db4a9af2f48857c5/lib/python3.11/site-packages/tilelang/jit/__init__.py:440: in __call__
    kernel = self.compile(*args, **kwargs)
             ^^^^^^^^^^^^^^^^^^^^^^^^^^^^^
../../_tool/tileops_op_test_venv_db4a9af2f48857c5/lib/python3.11/site-packages/tilelang/jit/__init__.py:374: in compile
    prim_func = self.get_tir(*args, **kwargs)
                ^^^^^^^^^^^^^^^^^^^^^^^^^^^^^
../../_tool/tileops_op_test_venv_db4a9af2f48857c5/lib/python3.11/site-packages/tilelang/jit/__init__.py:298: in get_tir
    tir = self.func(*args, **kwargs)
          ^^^^^^^^^^^^^^^^^^^^^^^^^^
../../_tool/tileops_op_test_venv_db4a9af2f48857c5/lib/python3.11/site-packages/tilelang/language/eager/builder.py:1142: in __call__
    return self.get_tir(*args, **kwargs)
           ^^^^^^^^^^^^^^^^^^^^^^^^^^^^^
../../_tool/tileops_op_test_venv_db4a9af2f48857c5/lib/python3.11/site-packages/tilelang/language/eager/builder.py:1138: in get_tir
    self.p1_cache[p1_key] = self._build_tir_template(**kwargs)
                            ^^^^^^^^^^^^^^^^^^^^^^^^^^^^^^^^^^
../../_tool/tileops_op_test_venv_db4a9af2f48857c5/lib/python3.11/site-packages/tilelang/language/eager/builder.py:1106: in _build_tir_template
    return TirTemplate.from_lazy_style(self.orig_func.__name__, self.orig_func(*args, **kwargs))
                                                                ^^^^^^^^^^^^^^^^^^^^^^^^^^^^^^^
tileops/kernels/elementwise.py:2479: in kernel
    @T.prim_func
     ^^^^^^^^^^^
../../_tool/tileops_op_test_venv_db4a9af2f48857c5/lib/python3.11/site-packages/tilelang/language/eager/builder.py:1224: in prim_func
    return impl(func) if func is not None else impl
           ^^^^^^^^^^
../../_tool/tileops_op_test_venv_db4a9af2f48857c5/lib/python3.11/site-packages/tilelang/language/eager/builder.py:1222: in impl
    raise e
../../_tool/tileops_op_test_venv_db4a9af2f48857c5/lib/python3.11/site-packages/tilelang/language/eager/builder.py:1214: in impl
    ir_gen.gen(builder)(**annot)
tileops/kernels/elementwise.py:2489: in main
    fv = T.cast(fill_value, out_dtype)
    ^^^^^^^^^^^^^^^^^^^^^^^^^^^^^
../../_tool/tileops_op_test_venv_db4a9af2f48857c5/lib/python3.11/site-packages/tilelang/3rdparty/tvm/python/tvm/tir/generic.py:144: in cast
    return _ffi_api._cast(dtype, src, span)  # type: ignore
           ^^^^^^^^^^^^^^^^^^^^^^^^^^^^^^^^
python/tvm_ffi/cython/function.pxi:929: in tvm_ffi.core.Function.__call__
    ???
&lt;unknown&gt;:0: in tvm::cast(tvm::runtime::DataType const&amp;, tvm::PrimExpr, tvm::Span)
    ???
&lt;unknown&gt;:0: in tvm::PrimExpr tvm::tir::make_const&lt;double, void&gt;(tvm::runtime::DataType, double, tvm::Span)
    ???
&lt;unknown&gt;:0: in tvm::PrimExpr tvm::tir::MakeConstScalar&lt;double&gt;(tvm::runtime::DataType, double, tvm::Span)
    ???
&lt;unknown&gt;:0: in tvm::FloatImm::FloatImm(tvm::runtime::DataType, double, tvm::Span)
    ???
&lt;unknown&gt;:0: in tvm::runtime::detail::LogFatal::Entry::Finalize()
    ???
E   tvm.error.InternalError: Check failed: value &lt;= support::kMaxFloat16 (100000 vs. 65504) : ValueError: Literal value 100000 exceeds maximum of float16</failure></testcase><testcase classname="tests.test_elementwise_independent_fp8" name="test_leaky_relu_fp8_unaligned_n[e4m3fn]" time="3.807" /><testcase classname="tests.test_elementwise_independent_fp8" name="test_leaky_relu_fp8_unaligned_n[e5m2]" time="3.743" /><testcase classname="tests.test_elementwise_independent_fp8" name="test_elu_fp8_unaligned_n[e4m3fn]" time="3.751" /><testcase classname="tests.test_elementwise_independent_fp8" name="test_elu_fp8_unaligned_n[e5m2]" time="3.755" /><testcase classname="tests.test_elementwise_independent_fp8" name="test_clamp_fp8_unaligned_n[e4m3fn]" time="3.705" /><testcase classname="tests.test_elementwise_independent_fp8" name="test_clamp_fp8_unaligned_n[e5m2]" time="3.716" /><testcase classname="tests.test_elementwise_strategy_bench.TestUnaryStrategyBenchStructure" name="test_unary_strategies_count" time="0.001" /><testcase classname="tests.test_elementwise_strategy_bench.TestUnaryStrategyBenchStructure" name="test_unary_default_strategy_is_valid" time="0.001" /><testcase classname="tests.test_elementwise_strategy_bench.TestUnaryStrategyBenchStructure" name="test_unary_bench_module_parametrize_count" time="0.006" /><testcase classname="tests.test_elementwise_strategy_bench.TestUnaryStrategyBenchStructure" name="test_unary_bench_covers_all_strategies" time="0.001" /><testcase classname="tests.test_elementwise_strategy_bench.TestUnaryStrategyBenchStructure" name="test_unary_bench_covers_all_dtypes" time="0.001" /><testcase classname="tests.test_elementwise_strategy_bench.TestUnaryStrategyBenchStructure" name="test_unary_bench_covers_min_shapes" time="0.000" /><testcase classname="tests.test_elementwise_strategy_bench.TestBinaryStrategyBenchStructure" name="test_binary_strategies_count" time="0.000" /><testcase classname="tests.test_elementwise_strategy_bench.TestBinaryStrategyBenchStructure" name="test_binary_default_strategy_is_valid" time="0.000" /><testcase classname="tests.test_elementwise_strategy_bench.TestBinaryStrategyBenchStructure" name="test_binary_bench_module_parametrize_count" time="0.003" /><testcase classname="tests.test_elementwise_strategy_bench.TestBinaryStrategyBenchStructure" name="test_binary_bench_covers_all_strategies" time="0.001" /><testcase classname="tests.test_elementwise_strategy_bench.TestBinaryStrategyBenchStructure" name="test_binary_bench_covers_all_dtypes" time="0.001" /><testcase classname="tests.test_elementwise_strategy_bench.TestBinaryStrategyBenchStructure" name="test_binary_bench_covers_min_shapes" time="0.001" /><testcase classname="tests.test_gemm_torch" name="test_pytorch_gemm[16384-8192-13824-dtype0-100]" time="0.563" /><testcase classname="tests.test_gemm_torch" name="test_cublas_gemm[16384-8192-13824-dtype0-100]" time="1.259" /><testcase classname="tests.test_gemm_triton" name="test_benchmark_triton_gemm_fp16[4096-4864-8192-dtype0-100]" time="1.451" /><testcase classname="tests.test_gemm_triton" name="test_verify_triton_gemm_fp16[512-512-512-dtype0]" time="0.004" /><testcase classname="tests.test_grouped_gemm_torch" name="test_all_grouped_gemm[4096-4-8192-4864-dtype0]" time="0.550" /><testcase classname="tests.test_grouped_gemm_triton" name="test_grouped_gemm_nt[16384-4-8192-13824-dtype0]" time="3.901" /><testcase classname="tests.test_grouped_gemm_triton" name="test_grouped_gemm_nn[16384-4-8192-13824-dtype0]" time="3.881" /><testcase classname="tests.test_grouped_gemm_triton" name="test_grouped_gemm_tn[16384-4-8192-13824-dtype0]" time="3.927" /><testcase classname="tests.test_grouped_gemm_triton" name="test_grouped_gemm_tt[16384-4-8192-13824-dtype0]" time="4.923" /><testcase classname="tests.test_reduction_init_files.TestKernelReductionInit" name="test_file_exists" time="0.001" /><testcase classname="tests.test_reduction_init_files.TestKernelReductionInit" name="test_has_all_kernel_classes" time="0.001" /><testcase classname="tests.test_reduction_init_files.TestKernelReductionInit" name="test_implemented_imports_are_active" time="0.001" /><testcase classname="tests.test_reduction_init_files.TestKernelReductionInit" name="test_placeholder_imports_are_commented_out" time="0.001" /><testcase classname="tests.test_reduction_init_files.TestKernelReductionInit" name="test_has_all_dunder_all" time="0.001" /><testcase classname="tests.test_reduction_init_files.TestKernelReductionInit" name="test_implemented_all_entries_are_active" time="0.001" /><testcase classname="tests.test_reduction_init_files.TestKernelReductionInit" name="test_placeholder_all_entries_are_commented_out" time="0.001" /><testcase classname="tests.test_reduction_init_files.TestKernelReductionInit" name="test_exact_kernel_count" time="0.001" /><testcase classname="tests.test_reduction_init_files.TestOpsReductionInit" name="test_file_exists" time="0.001" /><testcase classname="tests.test_reduction_init_files.TestOpsReductionInit" name="test_has_all_op_classes" time="0.001" /><testcase classname="tests.test_reduction_init_files.TestOpsReductionInit" name="test_implemented_imports_are_active" time="0.001" /><testcase classname="tests.test_reduction_init_files.TestOpsReductionInit" name="test_placeholder_imports_are_commented_out" time="0.001" /><testcase classname="tests.test_reduction_init_files.TestOpsReductionInit" name="test_has_all_dunder_all" time="0.001" /><testcase classname="tests.test_reduction_init_files.TestOpsReductionInit" name="test_implemented_all_entries_are_active" time="0.001" /><testcase classname="tests.test_reduction_init_files.TestOpsReductionInit" name="test_placeholder_all_entries_are_commented_out" time="0.001" /><testcase classname="tests.test_reduction_init_files.TestOpsReductionInit" name="test_exact_op_count" time="0.001" /><testcase classname="tests.test_reduction_init_files.TestOpsMainInit" name="test_has_reduction_import" time="0.001" /><testcase classname="tests.test_reduction_init_files.TestOpsMainInit" name="test_has_all_op_classes_in_all" time="0.001" /><testcase classname="tests.test_reduction_init_files.TestOpsMainInit" name="test_implemented_op_entries_are_active" time="0.001" /><testcase classname="tests.test_reduction_init_files.TestOpsMainInit" name="test_placeholder_op_entries_are_commented" time="0.001" /><testcase classname="tests.test_reduction_init_files.TestRuffLinting" name="test_ruff_check[kernels/reduction]" time="0.055" /><testcase classname="tests.test_reduction_init_files.TestRuffLinting" name="test_ruff_check[ops/reduction]" time="0.042" /><testcase classname="tests.test_reduction_init_files.TestRuffLinting" name="test_ruff_check[ops/__init__]" time="0.041" /><testcase classname="tests.test_reduction_init_files.TestRuffLinting" name="test_ruff_format[kernels/reduction]" time="0.039" /><testcase classname="tests.test_reduction_init_files.TestRuffLinting" name="test_ruff_format[ops/reduction]" time="0.044" /><testcase classname="tests.test_reduction_init_files.TestRuffLinting" name="test_ruff_format[ops/__init__]" time="0.041" /><testcase classname="tests.test_reduction_init_files.TestImportability" name="test_kernel_reduction_importable" time="4.161" /><testcase classname="tests.test_reduction_init_files.TestImportability" name="test_ops_reduction_importable" time="4.166" /><testcase classname="tests.test_reduction_init_files.TestImportability" name="test_ops_init_importable" time="4.117" /><testcase classname="tests.test_tier_validation.TestZeroSmokeFails" name="test_zero_smoke_raises" time="0.002" /><testcase classname="tests.test_tier_validation.TestMultiSmokePasses" name="test_two_smoke_params_pass" time="0.002" /><testcase classname="tests.test_tier_validation.TestMultiSmokePasses" name="test_three_smoke_params_pass" time="0.002" /><testcase classname="tests.test_tier_validation.TestSmokeOrdering" name="test_smoke_after_full_raises" time="0.001" /><testcase classname="tests.test_tier_validation.TestSmokeOrdering" name="test_smoke_gap_raises" time="0.001" /><testcase classname="tests.test_tier_validation.TestSmokeOrdering" name="test_xfail_before_smoke_ok" time="0.001" /><testcase classname="tests.test_tier_validation.TestSmokeOrdering" name="test_multi_smoke_correct_order_passes" time="0.002" /><testcase classname="tests.test_tier_validation.TestSingleSmokeBackwardCompat" name="test_single_smoke_first" time="0.001" /><testcase classname="tests.test_tier_validation.TestSmokeConstraints" name="test_smoke_tune_true_raises" time="0.001" /><testcase classname="tests.test_tier_validation.TestSmokeConstraints" name="test_smoke_xfail_raises" time="0.001" /><testcase classname="tests.test_tier_validation.TestSmokeConstraints" name="test_second_smoke_tune_true_raises" time="0.001" /><testcase classname="tests.test_tier_validation.TestSmokeConstraints" name="test_second_smoke_xfail_raises" time="0.001" /><testcase classname="tests.test_tier_validation.TestSmokeConstraints" name="test_smoke_xfail_no_tune_raises" time="0.001" /><testcase classname="tests.test_tier_validation.TestSmokeConstraints" name="test_smoke_xfail_then_full_only_xfail_error" time="0.001" /><testcase classname="tests.test_tier_validation.TestSmokeConstraints" name="test_smoke_xfail_valid_smoke_full_only_xfail_error" time="0.001" /></testsuite></testsuites>